<?xml version="1.0" encoding="UTF-8"?>
<testsuite xmlns:xsi="http://www.w3.org/2001/XMLSchema-instance" xsi:noNamespaceSchemaLocation="https://maven.apache.org/surefire/maven-surefire-plugin/xsd/surefire-test-report-3.0.xsd" version="3.0" name="com.tomasdev.akhanta.RestApiApplicationTests" time="7.335" tests="1" errors="1" skipped="0" failures="0">
  <properties>
    <property name="java.specification.version" value="22"/>
    <property name="sun.cpu.isalist" value="amd64"/>
    <property name="sun.jnu.encoding" value="Cp1252"/>
    <property name="java.class.path" value="C:\Users\tomia\Desktop\code\e-commerce\spring-backend\target\test-classes;C:\Users\tomia\Desktop\code\e-commerce\spring-backend\target\classes;C:\Users\tomia\.m2\repository\org\springframework\boot\spring-boot-starter-data-mongodb\3.2.4\spring-boot-starter-data-mongodb-3.2.4.jar;C:\Users\tomia\.m2\repository\org\springframework\boot\spring-boot-starter\3.2.4\spring-boot-starter-3.2.4.jar;C:\Users\tomia\.m2\repository\org\springframework\boot\spring-boot\3.2.4\spring-boot-3.2.4.jar;C:\Users\tomia\.m2\repository\org\springframework\boot\spring-boot-autoconfigure\3.2.4\spring-boot-autoconfigure-3.2.4.jar;C:\Users\tomia\.m2\repository\org\springframework\boot\spring-boot-starter-logging\3.2.4\spring-boot-starter-logging-3.2.4.jar;C:\Users\tomia\.m2\repository\ch\qos\logback\logback-classic\1.4.14\logback-classic-1.4.14.jar;C:\Users\tomia\.m2\repository\ch\qos\logback\logback-core\1.4.14\logback-core-1.4.14.jar;C:\Users\tomia\.m2\repository\org\apache\logging\log4j\log4j-to-slf4j\2.21.1\log4j-to-slf4j-2.21.1.jar;C:\Users\tomia\.m2\repository\org\apache\logging\log4j\log4j-api\2.21.1\log4j-api-2.21.1.jar;C:\Users\tomia\.m2\repository\org\slf4j\jul-to-slf4j\2.0.12\jul-to-slf4j-2.0.12.jar;C:\Users\tomia\.m2\repository\jakarta\annotation\jakarta.annotation-api\2.1.1\jakarta.annotation-api-2.1.1.jar;C:\Users\tomia\.m2\repository\org\yaml\snakeyaml\2.2\snakeyaml-2.2.jar;C:\Users\tomia\.m2\repository\org\mongodb\mongodb-driver-sync\4.11.1\mongodb-driver-sync-4.11.1.jar;C:\Users\tomia\.m2\repository\org\mongodb\bson\4.11.1\bson-4.11.1.jar;C:\Users\tomia\.m2\repository\org\mongodb\mongodb-driver-core\4.11.1\mongodb-driver-core-4.11.1.jar;C:\Users\tomia\.m2\repository\org\mongodb\bson-record-codec\4.11.1\bson-record-codec-4.11.1.jar;C:\Users\tomia\.m2\repository\org\springframework\data\spring-data-mongodb\4.2.4\spring-data-mongodb-4.2.4.jar;C:\Users\tomia\.m2\repository\org\springframework\spring-tx\6.1.5\spring-tx-6.1.5.jar;C:\Users\tomia\.m2\repository\org\springframework\spring-context\6.1.5\spring-context-6.1.5.jar;C:\Users\tomia\.m2\repository\org\springframework\spring-beans\6.1.5\spring-beans-6.1.5.jar;C:\Users\tomia\.m2\repository\org\springframework\spring-expression\6.1.5\spring-expression-6.1.5.jar;C:\Users\tomia\.m2\repository\org\springframework\data\spring-data-commons\3.2.4\spring-data-commons-3.2.4.jar;C:\Users\tomia\.m2\repository\org\slf4j\slf4j-api\2.0.12\slf4j-api-2.0.12.jar;C:\Users\tomia\.m2\repository\org\postgresql\postgresql\42.6.2\postgresql-42.6.2.jar;C:\Users\tomia\.m2\repository\org\checkerframework\checker-qual\3.31.0\checker-qual-3.31.0.jar;C:\Users\tomia\.m2\repository\org\springframework\boot\spring-boot-starter-web\3.2.4\spring-boot-starter-web-3.2.4.jar;C:\Users\tomia\.m2\repository\org\springframework\boot\spring-boot-starter-json\3.2.4\spring-boot-starter-json-3.2.4.jar;C:\Users\tomia\.m2\repository\com\fasterxml\jackson\datatype\jackson-datatype-jdk8\2.15.4\jackson-datatype-jdk8-2.15.4.jar;C:\Users\tomia\.m2\repository\com\fasterxml\jackson\datatype\jackson-datatype-jsr310\2.15.4\jackson-datatype-jsr310-2.15.4.jar;C:\Users\tomia\.m2\repository\com\fasterxml\jackson\module\jackson-module-parameter-names\2.15.4\jackson-module-parameter-names-2.15.4.jar;C:\Users\tomia\.m2\repository\org\springframework\boot\spring-boot-starter-tomcat\3.2.4\spring-boot-starter-tomcat-3.2.4.jar;C:\Users\tomia\.m2\repository\org\apache\tomcat\embed\tomcat-embed-core\10.1.19\tomcat-embed-core-10.1.19.jar;C:\Users\tomia\.m2\repository\org\apache\tomcat\embed\tomcat-embed-websocket\10.1.19\tomcat-embed-websocket-10.1.19.jar;C:\Users\tomia\.m2\repository\org\springframework\spring-web\6.1.5\spring-web-6.1.5.jar;C:\Users\tomia\.m2\repository\io\micrometer\micrometer-observation\1.12.4\micrometer-observation-1.12.4.jar;C:\Users\tomia\.m2\repository\io\micrometer\micrometer-commons\1.12.4\micrometer-commons-1.12.4.jar;C:\Users\tomia\.m2\repository\org\springframework\spring-webmvc\6.1.5\spring-webmvc-6.1.5.jar;C:\Users\tomia\.m2\repository\org\projectlombok\lombok\1.18.30\lombok-1.18.30.jar;C:\Users\tomia\.m2\repository\org\springframework\boot\spring-boot-starter-test\3.2.4\spring-boot-starter-test-3.2.4.jar;C:\Users\tomia\.m2\repository\org\springframework\boot\spring-boot-test\3.2.4\spring-boot-test-3.2.4.jar;C:\Users\tomia\.m2\repository\org\springframework\boot\spring-boot-test-autoconfigure\3.2.4\spring-boot-test-autoconfigure-3.2.4.jar;C:\Users\tomia\.m2\repository\com\jayway\jsonpath\json-path\2.9.0\json-path-2.9.0.jar;C:\Users\tomia\.m2\repository\jakarta\xml\bind\jakarta.xml.bind-api\4.0.2\jakarta.xml.bind-api-4.0.2.jar;C:\Users\tomia\.m2\repository\jakarta\activation\jakarta.activation-api\2.1.3\jakarta.activation-api-2.1.3.jar;C:\Users\tomia\.m2\repository\net\minidev\json-smart\2.5.0\json-smart-2.5.0.jar;C:\Users\tomia\.m2\repository\net\minidev\accessors-smart\2.5.0\accessors-smart-2.5.0.jar;C:\Users\tomia\.m2\repository\org\ow2\asm\asm\9.3\asm-9.3.jar;C:\Users\tomia\.m2\repository\org\assertj\assertj-core\3.24.2\assertj-core-3.24.2.jar;C:\Users\tomia\.m2\repository\net\bytebuddy\byte-buddy\1.14.12\byte-buddy-1.14.12.jar;C:\Users\tomia\.m2\repository\org\awaitility\awaitility\4.2.0\awaitility-4.2.0.jar;C:\Users\tomia\.m2\repository\org\hamcrest\hamcrest\2.2\hamcrest-2.2.jar;C:\Users\tomia\.m2\repository\org\junit\jupiter\junit-jupiter\5.10.2\junit-jupiter-5.10.2.jar;C:\Users\tomia\.m2\repository\org\junit\jupiter\junit-jupiter-api\5.10.2\junit-jupiter-api-5.10.2.jar;C:\Users\tomia\.m2\repository\org\opentest4j\opentest4j\1.3.0\opentest4j-1.3.0.jar;C:\Users\tomia\.m2\repository\org\junit\platform\junit-platform-commons\1.10.2\junit-platform-commons-1.10.2.jar;C:\Users\tomia\.m2\repository\org\apiguardian\apiguardian-api\1.1.2\apiguardian-api-1.1.2.jar;C:\Users\tomia\.m2\repository\org\junit\jupiter\junit-jupiter-params\5.10.2\junit-jupiter-params-5.10.2.jar;C:\Users\tomia\.m2\repository\org\junit\jupiter\junit-jupiter-engine\5.10.2\junit-jupiter-engine-5.10.2.jar;C:\Users\tomia\.m2\repository\org\junit\platform\junit-platform-engine\1.10.2\junit-platform-engine-1.10.2.jar;C:\Users\tomia\.m2\repository\org\mockito\mockito-core\5.7.0\mockito-core-5.7.0.jar;C:\Users\tomia\.m2\repository\net\bytebuddy\byte-buddy-agent\1.14.12\byte-buddy-agent-1.14.12.jar;C:\Users\tomia\.m2\repository\org\objenesis\objenesis\3.3\objenesis-3.3.jar;C:\Users\tomia\.m2\repository\org\mockito\mockito-junit-jupiter\5.7.0\mockito-junit-jupiter-5.7.0.jar;C:\Users\tomia\.m2\repository\org\skyscreamer\jsonassert\1.5.1\jsonassert-1.5.1.jar;C:\Users\tomia\.m2\repository\com\vaadin\external\google\android-json\0.0.20131108.vaadin1\android-json-0.0.20131108.vaadin1.jar;C:\Users\tomia\.m2\repository\org\springframework\spring-core\6.1.5\spring-core-6.1.5.jar;C:\Users\tomia\.m2\repository\org\springframework\spring-jcl\6.1.5\spring-jcl-6.1.5.jar;C:\Users\tomia\.m2\repository\org\springframework\spring-test\6.1.5\spring-test-6.1.5.jar;C:\Users\tomia\.m2\repository\org\xmlunit\xmlunit-core\2.9.1\xmlunit-core-2.9.1.jar;C:\Users\tomia\.m2\repository\org\springframework\boot\spring-boot-starter-validation\3.2.4\spring-boot-starter-validation-3.2.4.jar;C:\Users\tomia\.m2\repository\org\apache\tomcat\embed\tomcat-embed-el\10.1.19\tomcat-embed-el-10.1.19.jar;C:\Users\tomia\.m2\repository\org\hibernate\validator\hibernate-validator\8.0.1.Final\hibernate-validator-8.0.1.Final.jar;C:\Users\tomia\.m2\repository\jakarta\validation\jakarta.validation-api\3.0.2\jakarta.validation-api-3.0.2.jar;C:\Users\tomia\.m2\repository\org\jboss\logging\jboss-logging\3.5.3.Final\jboss-logging-3.5.3.Final.jar;C:\Users\tomia\.m2\repository\com\fasterxml\classmate\1.6.0\classmate-1.6.0.jar;C:\Users\tomia\.m2\repository\org\modelmapper\modelmapper\3.1.1\modelmapper-3.1.1.jar;C:\Users\tomia\.m2\repository\com\amazonaws\aws-java-sdk\1.11.931\aws-java-sdk-1.11.931.jar;C:\Users\tomia\.m2\repository\com\amazonaws\aws-java-sdk-wellarchitected\1.11.931\aws-java-sdk-wellarchitected-1.11.931.jar;C:\Users\tomia\.m2\repository\com\amazonaws\jmespath-java\1.11.931\jmespath-java-1.11.931.jar;C:\Users\tomia\.m2\repository\com\amazonaws\aws-java-sdk-location\1.11.931\aws-java-sdk-location-1.11.931.jar;C:\Users\tomia\.m2\repository\com\amazonaws\aws-java-sdk-iotdeviceadvisor\1.11.931\aws-java-sdk-iotdeviceadvisor-1.11.931.jar;C:\Users\tomia\.m2\repository\com\amazonaws\aws-java-sdk-iotfleethub\1.11.931\aws-java-sdk-iotfleethub-1.11.931.jar;C:\Users\tomia\.m2\repository\com\amazonaws\aws-java-sdk-iotwireless\1.11.931\aws-java-sdk-iotwireless-1.11.931.jar;C:\Users\tomia\.m2\repository\com\amazonaws\aws-java-sdk-greengrassv2\1.11.931\aws-java-sdk-greengrassv2-1.11.931.jar;C:\Users\tomia\.m2\repository\com\amazonaws\aws-java-sdk-prometheus\1.11.931\aws-java-sdk-prometheus-1.11.931.jar;C:\Users\tomia\.m2\repository\com\amazonaws\aws-java-sdk-auditmanager\1.11.931\aws-java-sdk-auditmanager-1.11.931.jar;C:\Users\tomia\.m2\repository\com\amazonaws\aws-java-sdk-healthlake\1.11.931\aws-java-sdk-healthlake-1.11.931.jar;C:\Users\tomia\.m2\repository\com\amazonaws\aws-java-sdk-sagemakeredgemanager\1.11.931\aws-java-sdk-sagemakeredgemanager-1.11.931.jar;C:\Users\tomia\.m2\repository\com\amazonaws\aws-java-sdk-emrcontainers\1.11.931\aws-java-sdk-emrcontainers-1.11.931.jar;C:\Users\tomia\.m2\repository\com\amazonaws\aws-java-sdk-customerprofiles\1.11.931\aws-java-sdk-customerprofiles-1.11.931.jar;C:\Users\tomia\.m2\repository\com\amazonaws\aws-java-sdk-lookoutforvision\1.11.931\aws-java-sdk-lookoutforvision-1.11.931.jar;C:\Users\tomia\.m2\repository\com\amazonaws\aws-java-sdk-connectcontactlens\1.11.931\aws-java-sdk-connectcontactlens-1.11.931.jar;C:\Users\tomia\.m2\repository\com\amazonaws\aws-java-sdk-amplifybackend\1.11.931\aws-java-sdk-amplifybackend-1.11.931.jar;C:\Users\tomia\.m2\repository\com\amazonaws\aws-java-sdk-ecrpublic\1.11.931\aws-java-sdk-ecrpublic-1.11.931.jar;C:\Users\tomia\.m2\repository\com\amazonaws\aws-java-sdk-appintegrations\1.11.931\aws-java-sdk-appintegrations-1.11.931.jar;C:\Users\tomia\.m2\repository\com\amazonaws\aws-java-sdk-sagemakerfeaturestoreruntime\1.11.931\aws-java-sdk-sagemakerfeaturestoreruntime-1.11.931.jar;C:\Users\tomia\.m2\repository\com\amazonaws\aws-java-sdk-devopsguru\1.11.931\aws-java-sdk-devopsguru-1.11.931.jar;C:\Users\tomia\.m2\repository\com\amazonaws\aws-java-sdk-mwaa\1.11.931\aws-java-sdk-mwaa-1.11.931.jar;C:\Users\tomia\.m2\repository\com\amazonaws\aws-java-sdk-networkfirewall\1.11.931\aws-java-sdk-networkfirewall-1.11.931.jar;C:\Users\tomia\.m2\repository\com\amazonaws\aws-java-sdk-appregistry\1.11.931\aws-java-sdk-appregistry-1.11.931.jar;C:\Users\tomia\.m2\repository\com\amazonaws\aws-java-sdk-gluedatabrew\1.11.931\aws-java-sdk-gluedatabrew-1.11.931.jar;C:\Users\tomia\.m2\repository\com\amazonaws\aws-java-sdk-s3outposts\1.11.931\aws-java-sdk-s3outposts-1.11.931.jar;C:\Users\tomia\.m2\repository\com\amazonaws\aws-java-sdk-timestreamquery\1.11.931\aws-java-sdk-timestreamquery-1.11.931.jar;C:\Users\tomia\.m2\repository\com\amazonaws\aws-java-sdk-timestreamwrite\1.11.931\aws-java-sdk-timestreamwrite-1.11.931.jar;C:\Users\tomia\.m2\repository\com\amazonaws\aws-java-sdk-ssoadmin\1.11.931\aws-java-sdk-ssoadmin-1.11.931.jar;C:\Users\tomia\.m2\repository\com\amazonaws\aws-java-sdk-redshiftdataapi\1.11.931\aws-java-sdk-redshiftdataapi-1.11.931.jar;C:\Users\tomia\.m2\repository\com\amazonaws\aws-java-sdk-appflow\1.11.931\aws-java-sdk-appflow-1.11.931.jar;C:\Users\tomia\.m2\repository\com\amazonaws\aws-java-sdk-identitystore\1.11.931\aws-java-sdk-identitystore-1.11.931.jar;C:\Users\tomia\.m2\repository\com\amazonaws\aws-java-sdk-braket\1.11.931\aws-java-sdk-braket-1.11.931.jar;C:\Users\tomia\.m2\repository\com\amazonaws\aws-java-sdk-ivs\1.11.931\aws-java-sdk-ivs-1.11.931.jar;C:\Users\tomia\.m2\repository\com\amazonaws\aws-java-sdk-honeycode\1.11.931\aws-java-sdk-honeycode-1.11.931.jar;C:\Users\tomia\.m2\repository\com\amazonaws\aws-java-sdk-codeartifact\1.11.931\aws-java-sdk-codeartifact-1.11.931.jar;C:\Users\tomia\.m2\repository\com\amazonaws\aws-java-sdk-macie2\1.11.931\aws-java-sdk-macie2-1.11.931.jar;C:\Users\tomia\.m2\repository\com\amazonaws\aws-java-sdk-iotsitewise\1.11.931\aws-java-sdk-iotsitewise-1.11.931.jar;C:\Users\tomia\.m2\repository\com\amazonaws\aws-java-sdk-synthetics\1.11.931\aws-java-sdk-synthetics-1.11.931.jar;C:\Users\tomia\.m2\repository\com\amazonaws\aws-java-sdk-codestarconnections\1.11.931\aws-java-sdk-codestarconnections-1.11.931.jar;C:\Users\tomia\.m2\repository\com\amazonaws\aws-java-sdk-detective\1.11.931\aws-java-sdk-detective-1.11.931.jar;C:\Users\tomia\.m2\repository\com\amazonaws\aws-java-sdk-kinesisvideosignalingchannels\1.11.931\aws-java-sdk-kinesisvideosignalingchannels-1.11.931.jar;C:\Users\tomia\.m2\repository\com\amazonaws\aws-java-sdk-ebs\1.11.931\aws-java-sdk-ebs-1.11.931.jar;C:\Users\tomia\.m2\repository\com\amazonaws\aws-java-sdk-augmentedairuntime\1.11.931\aws-java-sdk-augmentedairuntime-1.11.931.jar;C:\Users\tomia\.m2\repository\com\amazonaws\aws-java-sdk-outposts\1.11.931\aws-java-sdk-outposts-1.11.931.jar;C:\Users\tomia\.m2\repository\com\amazonaws\aws-java-sdk-codeguruprofiler\1.11.931\aws-java-sdk-codeguruprofiler-1.11.931.jar;C:\Users\tomia\.m2\repository\com\amazonaws\aws-java-sdk-codegurureviewer\1.11.931\aws-java-sdk-codegurureviewer-1.11.931.jar;C:\Users\tomia\.m2\repository\com\amazonaws\aws-java-sdk-frauddetector\1.11.931\aws-java-sdk-frauddetector-1.11.931.jar;C:\Users\tomia\.m2\repository\com\amazonaws\aws-java-sdk-kendra\1.11.931\aws-java-sdk-kendra-1.11.931.jar;C:\Users\tomia\.m2\repository\com\amazonaws\aws-java-sdk-networkmanager\1.11.931\aws-java-sdk-networkmanager-1.11.931.jar;C:\Users\tomia\.m2\repository\com\amazonaws\aws-java-sdk-computeoptimizer\1.11.931\aws-java-sdk-computeoptimizer-1.11.931.jar;C:\Users\tomia\.m2\repository\com\amazonaws\aws-java-sdk-accessanalyzer\1.11.931\aws-java-sdk-accessanalyzer-1.11.931.jar;C:\Users\tomia\.m2\repository\com\amazonaws\aws-java-sdk-schemas\1.11.931\aws-java-sdk-schemas-1.11.931.jar;C:\Users\tomia\.m2\repository\com\amazonaws\aws-java-sdk-imagebuilder\1.11.931\aws-java-sdk-imagebuilder-1.11.931.jar;C:\Users\tomia\.m2\repository\com\amazonaws\aws-java-sdk-elasticinference\1.11.931\aws-java-sdk-elasticinference-1.11.931.jar;C:\Users\tomia\.m2\repository\com\amazonaws\aws-java-sdk-iotsecuretunneling\1.11.931\aws-java-sdk-iotsecuretunneling-1.11.931.jar;C:\Users\tomia\.m2\repository\com\amazonaws\aws-java-sdk-appconfig\1.11.931\aws-java-sdk-appconfig-1.11.931.jar;C:\Users\tomia\.m2\repository\com\amazonaws\aws-java-sdk-wafv2\1.11.931\aws-java-sdk-wafv2-1.11.931.jar;C:\Users\tomia\.m2\repository\com\amazonaws\aws-java-sdk-connectparticipant\1.11.931\aws-java-sdk-connectparticipant-1.11.931.jar;C:\Users\tomia\.m2\repository\com\amazonaws\aws-java-sdk-migrationhubconfig\1.11.931\aws-java-sdk-migrationhubconfig-1.11.931.jar;C:\Users\tomia\.m2\repository\com\amazonaws\aws-java-sdk-dataexchange\1.11.931\aws-java-sdk-dataexchange-1.11.931.jar;C:\Users\tomia\.m2\repository\com\amazonaws\aws-java-sdk-sesv2\1.11.931\aws-java-sdk-sesv2-1.11.931.jar;C:\Users\tomia\.m2\repository\com\amazonaws\aws-java-sdk-marketplacecatalog\1.11.931\aws-java-sdk-marketplacecatalog-1.11.931.jar;C:\Users\tomia\.m2\repository\com\amazonaws\aws-java-sdk-ssooidc\1.11.931\aws-java-sdk-ssooidc-1.11.931.jar;C:\Users\tomia\.m2\repository\com\amazonaws\aws-java-sdk-sso\1.11.931\aws-java-sdk-sso-1.11.931.jar;C:\Users\tomia\.m2\repository\com\amazonaws\aws-java-sdk-savingsplans\1.11.931\aws-java-sdk-savingsplans-1.11.931.jar;C:\Users\tomia\.m2\repository\com\amazonaws\aws-java-sdk-codestarnotifications\1.11.931\aws-java-sdk-codestarnotifications-1.11.931.jar;C:\Users\tomia\.m2\repository\com\amazonaws\aws-java-sdk-workmailmessageflow\1.11.931\aws-java-sdk-workmailmessageflow-1.11.931.jar;C:\Users\tomia\.m2\repository\com\amazonaws\aws-java-sdk-qldbsession\1.11.931\aws-java-sdk-qldbsession-1.11.931.jar;C:\Users\tomia\.m2\repository\com\amazonaws\aws-java-sdk-qldb\1.11.931\aws-java-sdk-qldb-1.11.931.jar;C:\Users\tomia\.m2\repository\com\amazonaws\aws-java-sdk-forecastquery\1.11.931\aws-java-sdk-forecastquery-1.11.931.jar;C:\Users\tomia\.m2\repository\com\amazonaws\aws-java-sdk-forecast\1.11.931\aws-java-sdk-forecast-1.11.931.jar;C:\Users\tomia\.m2\repository\com\amazonaws\aws-java-sdk-lakeformation\1.11.931\aws-java-sdk-lakeformation-1.11.931.jar;C:\Users\tomia\.m2\repository\com\amazonaws\aws-java-sdk-eventbridge\1.11.931\aws-java-sdk-eventbridge-1.11.931.jar;C:\Users\tomia\.m2\repository\com\amazonaws\aws-java-sdk-ec2instanceconnect\1.11.931\aws-java-sdk-ec2instanceconnect-1.11.931.jar;C:\Users\tomia\.m2\repository\com\amazonaws\aws-java-sdk-applicationinsights\1.11.931\aws-java-sdk-applicationinsights-1.11.931.jar;C:\Users\tomia\.m2\repository\com\amazonaws\aws-java-sdk-servicequotas\1.11.931\aws-java-sdk-servicequotas-1.11.931.jar;C:\Users\tomia\.m2\repository\com\amazonaws\aws-java-sdk-personalizeevents\1.11.931\aws-java-sdk-personalizeevents-1.11.931.jar;C:\Users\tomia\.m2\repository\com\amazonaws\aws-java-sdk-personalize\1.11.931\aws-java-sdk-personalize-1.11.931.jar;C:\Users\tomia\.m2\repository\com\amazonaws\aws-java-sdk-personalizeruntime\1.11.931\aws-java-sdk-personalizeruntime-1.11.931.jar;C:\Users\tomia\.m2\repository\com\amazonaws\aws-java-sdk-ioteventsdata\1.11.931\aws-java-sdk-ioteventsdata-1.11.931.jar;C:\Users\tomia\.m2\repository\com\amazonaws\aws-java-sdk-iotevents\1.11.931\aws-java-sdk-iotevents-1.11.931.jar;C:\Users\tomia\.m2\repository\com\amazonaws\aws-java-sdk-iotthingsgraph\1.11.931\aws-java-sdk-iotthingsgraph-1.11.931.jar;C:\Users\tomia\.m2\repository\com\amazonaws\aws-java-sdk-groundstation\1.11.931\aws-java-sdk-groundstation-1.11.931.jar;C:\Users\tomia\.m2\repository\com\amazonaws\aws-java-sdk-mediapackagevod\1.11.931\aws-java-sdk-mediapackagevod-1.11.931.jar;C:\Users\tomia\.m2\repository\com\amazonaws\aws-java-sdk-managedblockchain\1.11.931\aws-java-sdk-managedblockchain-1.11.931.jar;C:\Users\tomia\.m2\repository\com\amazonaws\aws-java-sdk-textract\1.11.931\aws-java-sdk-textract-1.11.931.jar;C:\Users\tomia\.m2\repository\com\amazonaws\aws-java-sdk-worklink\1.11.931\aws-java-sdk-worklink-1.11.931.jar;C:\Users\tomia\.m2\repository\com\amazonaws\aws-java-sdk-backup\1.11.931\aws-java-sdk-backup-1.11.931.jar;C:\Users\tomia\.m2\repository\com\amazonaws\aws-java-sdk-docdb\1.11.931\aws-java-sdk-docdb-1.11.931.jar;C:\Users\tomia\.m2\repository\com\amazonaws\aws-java-sdk-apigatewayv2\1.11.931\aws-java-sdk-apigatewayv2-1.11.931.jar;C:\Users\tomia\.m2\repository\com\amazonaws\aws-java-sdk-apigatewaymanagementapi\1.11.931\aws-java-sdk-apigatewaymanagementapi-1.11.931.jar;C:\Users\tomia\.m2\repository\com\amazonaws\aws-java-sdk-kafka\1.11.931\aws-java-sdk-kafka-1.11.931.jar;C:\Users\tomia\.m2\repository\com\amazonaws\aws-java-sdk-appmesh\1.11.931\aws-java-sdk-appmesh-1.11.931.jar;C:\Users\tomia\.m2\repository\com\amazonaws\aws-java-sdk-licensemanager\1.11.931\aws-java-sdk-licensemanager-1.11.931.jar;C:\Users\tomia\.m2\repository\com\amazonaws\aws-java-sdk-securityhub\1.11.931\aws-java-sdk-securityhub-1.11.931.jar;C:\Users\tomia\.m2\repository\com\amazonaws\aws-java-sdk-fsx\1.11.931\aws-java-sdk-fsx-1.11.931.jar;C:\Users\tomia\.m2\repository\com\amazonaws\aws-java-sdk-mediaconnect\1.11.931\aws-java-sdk-mediaconnect-1.11.931.jar;C:\Users\tomia\.m2\repository\com\amazonaws\aws-java-sdk-kinesisanalyticsv2\1.11.931\aws-java-sdk-kinesisanalyticsv2-1.11.931.jar;C:\Users\tomia\.m2\repository\com\amazonaws\aws-java-sdk-comprehendmedical\1.11.931\aws-java-sdk-comprehendmedical-1.11.931.jar;C:\Users\tomia\.m2\repository\com\amazonaws\aws-java-sdk-globalaccelerator\1.11.931\aws-java-sdk-globalaccelerator-1.11.931.jar;C:\Users\tomia\.m2\repository\com\amazonaws\aws-java-sdk-transfer\1.11.931\aws-java-sdk-transfer-1.11.931.jar;C:\Users\tomia\.m2\repository\com\amazonaws\aws-java-sdk-datasync\1.11.931\aws-java-sdk-datasync-1.11.931.jar;C:\Users\tomia\.m2\repository\com\amazonaws\aws-java-sdk-robomaker\1.11.931\aws-java-sdk-robomaker-1.11.931.jar;C:\Users\tomia\.m2\repository\com\amazonaws\aws-java-sdk-amplify\1.11.931\aws-java-sdk-amplify-1.11.931.jar;C:\Users\tomia\.m2\repository\com\amazonaws\aws-java-sdk-quicksight\1.11.931\aws-java-sdk-quicksight-1.11.931.jar;C:\Users\tomia\.m2\repository\com\amazonaws\aws-java-sdk-rdsdata\1.11.931\aws-java-sdk-rdsdata-1.11.931.jar;C:\Users\tomia\.m2\repository\com\amazonaws\aws-java-sdk-route53resolver\1.11.931\aws-java-sdk-route53resolver-1.11.931.jar;C:\Users\tomia\.m2\repository\com\amazonaws\aws-java-sdk-ram\1.11.931\aws-java-sdk-ram-1.11.931.jar;C:\Users\tomia\.m2\repository\com\amazonaws\aws-java-sdk-s3control\1.11.931\aws-java-sdk-s3control-1.11.931.jar;C:\Users\tomia\.m2\repository\com\amazonaws\aws-java-sdk-pinpointsmsvoice\1.11.931\aws-java-sdk-pinpointsmsvoice-1.11.931.jar;C:\Users\tomia\.m2\repository\com\amazonaws\aws-java-sdk-pinpointemail\1.11.931\aws-java-sdk-pinpointemail-1.11.931.jar;C:\Users\tomia\.m2\repository\com\amazonaws\aws-java-sdk-chime\1.11.931\aws-java-sdk-chime-1.11.931.jar;C:\Users\tomia\.m2\repository\com\amazonaws\aws-java-sdk-signer\1.11.931\aws-java-sdk-signer-1.11.931.jar;C:\Users\tomia\.m2\repository\com\amazonaws\aws-java-sdk-dlm\1.11.931\aws-java-sdk-dlm-1.11.931.jar;C:\Users\tomia\.m2\repository\com\amazonaws\aws-java-sdk-macie\1.11.931\aws-java-sdk-macie-1.11.931.jar;C:\Users\tomia\.m2\repository\com\amazonaws\aws-java-sdk-eks\1.11.931\aws-java-sdk-eks-1.11.931.jar;C:\Users\tomia\.m2\repository\com\amazonaws\aws-java-sdk-mediatailor\1.11.931\aws-java-sdk-mediatailor-1.11.931.jar;C:\Users\tomia\.m2\repository\com\amazonaws\aws-java-sdk-neptune\1.11.931\aws-java-sdk-neptune-1.11.931.jar;C:\Users\tomia\.m2\repository\com\amazonaws\aws-java-sdk-pi\1.11.931\aws-java-sdk-pi-1.11.931.jar;C:\Users\tomia\.m2\repository\com\amazonaws\aws-java-sdk-iot1clickprojects\1.11.931\aws-java-sdk-iot1clickprojects-1.11.931.jar;C:\Users\tomia\.m2\repository\com\amazonaws\aws-java-sdk-iot1clickdevices\1.11.931\aws-java-sdk-iot1clickdevices-1.11.931.jar;C:\Users\tomia\.m2\repository\com\amazonaws\aws-java-sdk-iotanalytics\1.11.931\aws-java-sdk-iotanalytics-1.11.931.jar;C:\Users\tomia\.m2\repository\com\amazonaws\aws-java-sdk-acmpca\1.11.931\aws-java-sdk-acmpca-1.11.931.jar;C:\Users\tomia\.m2\repository\com\amazonaws\aws-java-sdk-secretsmanager\1.11.931\aws-java-sdk-secretsmanager-1.11.931.jar;C:\Users\tomia\.m2\repository\com\amazonaws\aws-java-sdk-fms\1.11.931\aws-java-sdk-fms-1.11.931.jar;C:\Users\tomia\.m2\repository\com\amazonaws\aws-java-sdk-connect\1.11.931\aws-java-sdk-connect-1.11.931.jar;C:\Users\tomia\.m2\repository\com\amazonaws\aws-java-sdk-transcribe\1.11.931\aws-java-sdk-transcribe-1.11.931.jar;C:\Users\tomia\.m2\repository\com\amazonaws\aws-java-sdk-autoscalingplans\1.11.931\aws-java-sdk-autoscalingplans-1.11.931.jar;C:\Users\tomia\.m2\repository\com\amazonaws\aws-java-sdk-workmail\1.11.931\aws-java-sdk-workmail-1.11.931.jar;C:\Users\tomia\.m2\repository\com\amazonaws\aws-java-sdk-servicediscovery\1.11.931\aws-java-sdk-servicediscovery-1.11.931.jar;C:\Users\tomia\.m2\repository\com\amazonaws\aws-java-sdk-cloud9\1.11.931\aws-java-sdk-cloud9-1.11.931.jar;C:\Users\tomia\.m2\repository\com\amazonaws\aws-java-sdk-serverlessapplicationrepository\1.11.931\aws-java-sdk-serverlessapplicationrepository-1.11.931.jar;C:\Users\tomia\.m2\repository\com\amazonaws\aws-java-sdk-alexaforbusiness\1.11.931\aws-java-sdk-alexaforbusiness-1.11.931.jar;C:\Users\tomia\.m2\repository\com\amazonaws\aws-java-sdk-resourcegroups\1.11.931\aws-java-sdk-resourcegroups-1.11.931.jar;C:\Users\tomia\.m2\repository\com\amazonaws\aws-java-sdk-comprehend\1.11.931\aws-java-sdk-comprehend-1.11.931.jar;C:\Users\tomia\.m2\repository\com\amazonaws\aws-java-sdk-translate\1.11.931\aws-java-sdk-translate-1.11.931.jar;C:\Users\tomia\.m2\repository\com\amazonaws\aws-java-sdk-sagemaker\1.11.931\aws-java-sdk-sagemaker-1.11.931.jar;C:\Users\tomia\.m2\repository\com\amazonaws\aws-java-sdk-iotjobsdataplane\1.11.931\aws-java-sdk-iotjobsdataplane-1.11.931.jar;C:\Users\tomia\.m2\repository\com\amazonaws\aws-java-sdk-sagemakerruntime\1.11.931\aws-java-sdk-sagemakerruntime-1.11.931.jar;C:\Users\tomia\.m2\repository\com\amazonaws\aws-java-sdk-kinesisvideo\1.11.931\aws-java-sdk-kinesisvideo-1.11.931.jar;C:\Users\tomia\.m2\repository\io\netty\netty-codec-http\4.1.107.Final\netty-codec-http-4.1.107.Final.jar;C:\Users\tomia\.m2\repository\io\netty\netty-common\4.1.107.Final\netty-common-4.1.107.Final.jar;C:\Users\tomia\.m2\repository\io\netty\netty-buffer\4.1.107.Final\netty-buffer-4.1.107.Final.jar;C:\Users\tomia\.m2\repository\io\netty\netty-transport\4.1.107.Final\netty-transport-4.1.107.Final.jar;C:\Users\tomia\.m2\repository\io\netty\netty-codec\4.1.107.Final\netty-codec-4.1.107.Final.jar;C:\Users\tomia\.m2\repository\io\netty\netty-handler\4.1.107.Final\netty-handler-4.1.107.Final.jar;C:\Users\tomia\.m2\repository\io\netty\netty-resolver\4.1.107.Final\netty-resolver-4.1.107.Final.jar;C:\Users\tomia\.m2\repository\io\netty\netty-transport-native-unix-common\4.1.107.Final\netty-transport-native-unix-common-4.1.107.Final.jar;C:\Users\tomia\.m2\repository\com\amazonaws\aws-java-sdk-appsync\1.11.931\aws-java-sdk-appsync-1.11.931.jar;C:\Users\tomia\.m2\repository\com\amazonaws\aws-java-sdk-guardduty\1.11.931\aws-java-sdk-guardduty-1.11.931.jar;C:\Users\tomia\.m2\repository\com\amazonaws\aws-java-sdk-mq\1.11.931\aws-java-sdk-mq-1.11.931.jar;C:\Users\tomia\.m2\repository\com\amazonaws\aws-java-sdk-mediaconvert\1.11.931\aws-java-sdk-mediaconvert-1.11.931.jar;C:\Users\tomia\.m2\repository\com\amazonaws\aws-java-sdk-mediastore\1.11.931\aws-java-sdk-mediastore-1.11.931.jar;C:\Users\tomia\.m2\repository\com\amazonaws\aws-java-sdk-mediastoredata\1.11.931\aws-java-sdk-mediastoredata-1.11.931.jar;C:\Users\tomia\.m2\repository\com\amazonaws\aws-java-sdk-medialive\1.11.931\aws-java-sdk-medialive-1.11.931.jar;C:\Users\tomia\.m2\repository\com\amazonaws\aws-java-sdk-mediapackage\1.11.931\aws-java-sdk-mediapackage-1.11.931.jar;C:\Users\tomia\.m2\repository\com\amazonaws\aws-java-sdk-costexplorer\1.11.931\aws-java-sdk-costexplorer-1.11.931.jar;C:\Users\tomia\.m2\repository\com\amazonaws\aws-java-sdk-pricing\1.11.931\aws-java-sdk-pricing-1.11.931.jar;C:\Users\tomia\.m2\repository\com\amazonaws\aws-java-sdk-mobile\1.11.931\aws-java-sdk-mobile-1.11.931.jar;C:\Users\tomia\.m2\repository\com\amazonaws\aws-java-sdk-cloudhsmv2\1.11.931\aws-java-sdk-cloudhsmv2-1.11.931.jar;C:\Users\tomia\.m2\repository\com\amazonaws\aws-java-sdk-glue\1.11.931\aws-java-sdk-glue-1.11.931.jar;C:\Users\tomia\.m2\repository\com\amazonaws\aws-java-sdk-migrationhub\1.11.931\aws-java-sdk-migrationhub-1.11.931.jar;C:\Users\tomia\.m2\repository\com\amazonaws\aws-java-sdk-dax\1.11.931\aws-java-sdk-dax-1.11.931.jar;C:\Users\tomia\.m2\repository\com\amazonaws\aws-java-sdk-greengrass\1.11.931\aws-java-sdk-greengrass-1.11.931.jar;C:\Users\tomia\.m2\repository\com\amazonaws\aws-java-sdk-athena\1.11.931\aws-java-sdk-athena-1.11.931.jar;C:\Users\tomia\.m2\repository\com\amazonaws\aws-java-sdk-marketplaceentitlement\1.11.931\aws-java-sdk-marketplaceentitlement-1.11.931.jar;C:\Users\tomia\.m2\repository\com\amazonaws\aws-java-sdk-codestar\1.11.931\aws-java-sdk-codestar-1.11.931.jar;C:\Users\tomia\.m2\repository\com\amazonaws\aws-java-sdk-lexmodelbuilding\1.11.931\aws-java-sdk-lexmodelbuilding-1.11.931.jar;C:\Users\tomia\.m2\repository\com\amazonaws\aws-java-sdk-resourcegroupstaggingapi\1.11.931\aws-java-sdk-resourcegroupstaggingapi-1.11.931.jar;C:\Users\tomia\.m2\repository\com\amazonaws\aws-java-sdk-pinpoint\1.11.931\aws-java-sdk-pinpoint-1.11.931.jar;C:\Users\tomia\.m2\repository\com\amazonaws\aws-java-sdk-xray\1.11.931\aws-java-sdk-xray-1.11.931.jar;C:\Users\tomia\.m2\repository\com\amazonaws\aws-java-sdk-opsworkscm\1.11.931\aws-java-sdk-opsworkscm-1.11.931.jar;C:\Users\tomia\.m2\repository\com\amazonaws\aws-java-sdk-support\1.11.931\aws-java-sdk-support-1.11.931.jar;C:\Users\tomia\.m2\repository\com\amazonaws\aws-java-sdk-simpledb\1.11.931\aws-java-sdk-simpledb-1.11.931.jar;C:\Users\tomia\.m2\repository\com\amazonaws\aws-java-sdk-servicecatalog\1.11.931\aws-java-sdk-servicecatalog-1.11.931.jar;C:\Users\tomia\.m2\repository\com\amazonaws\aws-java-sdk-servermigration\1.11.931\aws-java-sdk-servermigration-1.11.931.jar;C:\Users\tomia\.m2\repository\com\amazonaws\aws-java-sdk-simpleworkflow\1.11.931\aws-java-sdk-simpleworkflow-1.11.931.jar;C:\Users\tomia\.m2\repository\com\amazonaws\aws-java-sdk-storagegateway\1.11.931\aws-java-sdk-storagegateway-1.11.931.jar;C:\Users\tomia\.m2\repository\com\amazonaws\aws-java-sdk-route53\1.11.931\aws-java-sdk-route53-1.11.931.jar;C:\Users\tomia\.m2\repository\com\amazonaws\aws-java-sdk-s3\1.11.931\aws-java-sdk-s3-1.11.931.jar;C:\Users\tomia\.m2\repository\com\amazonaws\aws-java-sdk-importexport\1.11.931\aws-java-sdk-importexport-1.11.931.jar;C:\Users\tomia\.m2\repository\com\amazonaws\aws-java-sdk-sts\1.11.931\aws-java-sdk-sts-1.11.931.jar;C:\Users\tomia\.m2\repository\com\amazonaws\aws-java-sdk-sqs\1.11.931\aws-java-sdk-sqs-1.11.931.jar;C:\Users\tomia\.m2\repository\com\amazonaws\aws-java-sdk-rds\1.11.931\aws-java-sdk-rds-1.11.931.jar;C:\Users\tomia\.m2\repository\com\amazonaws\aws-java-sdk-redshift\1.11.931\aws-java-sdk-redshift-1.11.931.jar;C:\Users\tomia\.m2\repository\com\amazonaws\aws-java-sdk-elasticbeanstalk\1.11.931\aws-java-sdk-elasticbeanstalk-1.11.931.jar;C:\Users\tomia\.m2\repository\com\amazonaws\aws-java-sdk-glacier\1.11.931\aws-java-sdk-glacier-1.11.931.jar;C:\Users\tomia\.m2\repository\com\amazonaws\aws-java-sdk-iam\1.11.931\aws-java-sdk-iam-1.11.931.jar;C:\Users\tomia\.m2\repository\com\amazonaws\aws-java-sdk-datapipeline\1.11.931\aws-java-sdk-datapipeline-1.11.931.jar;C:\Users\tomia\.m2\repository\com\amazonaws\aws-java-sdk-elasticloadbalancing\1.11.931\aws-java-sdk-elasticloadbalancing-1.11.931.jar;C:\Users\tomia\.m2\repository\com\amazonaws\aws-java-sdk-elasticloadbalancingv2\1.11.931\aws-java-sdk-elasticloadbalancingv2-1.11.931.jar;C:\Users\tomia\.m2\repository\com\amazonaws\aws-java-sdk-emr\1.11.931\aws-java-sdk-emr-1.11.931.jar;C:\Users\tomia\.m2\repository\com\amazonaws\aws-java-sdk-elasticache\1.11.931\aws-java-sdk-elasticache-1.11.931.jar;C:\Users\tomia\.m2\repository\com\amazonaws\aws-java-sdk-elastictranscoder\1.11.931\aws-java-sdk-elastictranscoder-1.11.931.jar;C:\Users\tomia\.m2\repository\com\amazonaws\aws-java-sdk-ec2\1.11.931\aws-java-sdk-ec2-1.11.931.jar;C:\Users\tomia\.m2\repository\com\amazonaws\aws-java-sdk-dynamodb\1.11.931\aws-java-sdk-dynamodb-1.11.931.jar;C:\Users\tomia\.m2\repository\com\amazonaws\aws-java-sdk-sns\1.11.931\aws-java-sdk-sns-1.11.931.jar;C:\Users\tomia\.m2\repository\com\amazonaws\aws-java-sdk-budgets\1.11.931\aws-java-sdk-budgets-1.11.931.jar;C:\Users\tomia\.m2\repository\com\amazonaws\aws-java-sdk-cloudtrail\1.11.931\aws-java-sdk-cloudtrail-1.11.931.jar;C:\Users\tomia\.m2\repository\com\amazonaws\aws-java-sdk-cloudwatch\1.11.931\aws-java-sdk-cloudwatch-1.11.931.jar;C:\Users\tomia\.m2\repository\com\amazonaws\aws-java-sdk-logs\1.11.931\aws-java-sdk-logs-1.11.931.jar;C:\Users\tomia\.m2\repository\com\amazonaws\aws-java-sdk-events\1.11.931\aws-java-sdk-events-1.11.931.jar;C:\Users\tomia\.m2\repository\com\amazonaws\aws-java-sdk-cognitoidentity\1.11.931\aws-java-sdk-cognitoidentity-1.11.931.jar;C:\Users\tomia\.m2\repository\com\amazonaws\aws-java-sdk-cognitosync\1.11.931\aws-java-sdk-cognitosync-1.11.931.jar;C:\Users\tomia\.m2\repository\com\amazonaws\aws-java-sdk-directconnect\1.11.931\aws-java-sdk-directconnect-1.11.931.jar;C:\Users\tomia\.m2\repository\com\amazonaws\aws-java-sdk-cloudformation\1.11.931\aws-java-sdk-cloudformation-1.11.931.jar;C:\Users\tomia\.m2\repository\com\amazonaws\aws-java-sdk-cloudfront\1.11.931\aws-java-sdk-cloudfront-1.11.931.jar;C:\Users\tomia\.m2\repository\com\amazonaws\aws-java-sdk-clouddirectory\1.11.931\aws-java-sdk-clouddirectory-1.11.931.jar;C:\Users\tomia\.m2\repository\com\amazonaws\aws-java-sdk-kinesis\1.11.931\aws-java-sdk-kinesis-1.11.931.jar;C:\Users\tomia\.m2\repository\com\amazonaws\aws-java-sdk-opsworks\1.11.931\aws-java-sdk-opsworks-1.11.931.jar;C:\Users\tomia\.m2\repository\com\amazonaws\aws-java-sdk-ses\1.11.931\aws-java-sdk-ses-1.11.931.jar;C:\Users\tomia\.m2\repository\com\amazonaws\aws-java-sdk-autoscaling\1.11.931\aws-java-sdk-autoscaling-1.11.931.jar;C:\Users\tomia\.m2\repository\com\amazonaws\aws-java-sdk-cloudsearch\1.11.931\aws-java-sdk-cloudsearch-1.11.931.jar;C:\Users\tomia\.m2\repository\com\amazonaws\aws-java-sdk-cloudwatchmetrics\1.11.931\aws-java-sdk-cloudwatchmetrics-1.11.931.jar;C:\Users\tomia\.m2\repository\com\amazonaws\aws-java-sdk-codedeploy\1.11.931\aws-java-sdk-codedeploy-1.11.931.jar;C:\Users\tomia\.m2\repository\com\amazonaws\aws-java-sdk-codepipeline\1.11.931\aws-java-sdk-codepipeline-1.11.931.jar;C:\Users\tomia\.m2\repository\com\amazonaws\aws-java-sdk-kms\1.11.931\aws-java-sdk-kms-1.11.931.jar;C:\Users\tomia\.m2\repository\com\amazonaws\aws-java-sdk-config\1.11.931\aws-java-sdk-config-1.11.931.jar;C:\Users\tomia\.m2\repository\com\amazonaws\aws-java-sdk-lambda\1.11.931\aws-java-sdk-lambda-1.11.931.jar;C:\Users\tomia\.m2\repository\com\amazonaws\aws-java-sdk-ecs\1.11.931\aws-java-sdk-ecs-1.11.931.jar;C:\Users\tomia\.m2\repository\com\amazonaws\aws-java-sdk-ecr\1.11.931\aws-java-sdk-ecr-1.11.931.jar;C:\Users\tomia\.m2\repository\com\amazonaws\aws-java-sdk-cloudhsm\1.11.931\aws-java-sdk-cloudhsm-1.11.931.jar;C:\Users\tomia\.m2\repository\com\amazonaws\aws-java-sdk-ssm\1.11.931\aws-java-sdk-ssm-1.11.931.jar;C:\Users\tomia\.m2\repository\com\amazonaws\aws-java-sdk-workspaces\1.11.931\aws-java-sdk-workspaces-1.11.931.jar;C:\Users\tomia\.m2\repository\com\amazonaws\aws-java-sdk-machinelearning\1.11.931\aws-java-sdk-machinelearning-1.11.931.jar;C:\Users\tomia\.m2\repository\com\amazonaws\aws-java-sdk-directory\1.11.931\aws-java-sdk-directory-1.11.931.jar;C:\Users\tomia\.m2\repository\com\amazonaws\aws-java-sdk-efs\1.11.931\aws-java-sdk-efs-1.11.931.jar;C:\Users\tomia\.m2\repository\com\amazonaws\aws-java-sdk-codecommit\1.11.931\aws-java-sdk-codecommit-1.11.931.jar;C:\Users\tomia\.m2\repository\com\amazonaws\aws-java-sdk-devicefarm\1.11.931\aws-java-sdk-devicefarm-1.11.931.jar;C:\Users\tomia\.m2\repository\com\amazonaws\aws-java-sdk-elasticsearch\1.11.931\aws-java-sdk-elasticsearch-1.11.931.jar;C:\Users\tomia\.m2\repository\com\amazonaws\aws-java-sdk-waf\1.11.931\aws-java-sdk-waf-1.11.931.jar;C:\Users\tomia\.m2\repository\com\amazonaws\aws-java-sdk-marketplacecommerceanalytics\1.11.931\aws-java-sdk-marketplacecommerceanalytics-1.11.931.jar;C:\Users\tomia\.m2\repository\com\amazonaws\aws-java-sdk-inspector\1.11.931\aws-java-sdk-inspector-1.11.931.jar;C:\Users\tomia\.m2\repository\com\amazonaws\aws-java-sdk-iot\1.11.931\aws-java-sdk-iot-1.11.931.jar;C:\Users\tomia\.m2\repository\com\amazonaws\aws-java-sdk-api-gateway\1.11.931\aws-java-sdk-api-gateway-1.11.931.jar;C:\Users\tomia\.m2\repository\com\amazonaws\aws-java-sdk-acm\1.11.931\aws-java-sdk-acm-1.11.931.jar;C:\Users\tomia\.m2\repository\com\amazonaws\aws-java-sdk-gamelift\1.11.931\aws-java-sdk-gamelift-1.11.931.jar;C:\Users\tomia\.m2\repository\com\amazonaws\aws-java-sdk-dms\1.11.931\aws-java-sdk-dms-1.11.931.jar;C:\Users\tomia\.m2\repository\com\amazonaws\aws-java-sdk-marketplacemeteringservice\1.11.931\aws-java-sdk-marketplacemeteringservice-1.11.931.jar;C:\Users\tomia\.m2\repository\com\amazonaws\aws-java-sdk-cognitoidp\1.11.931\aws-java-sdk-cognitoidp-1.11.931.jar;C:\Users\tomia\.m2\repository\com\amazonaws\aws-java-sdk-discovery\1.11.931\aws-java-sdk-discovery-1.11.931.jar;C:\Users\tomia\.m2\repository\com\amazonaws\aws-java-sdk-applicationautoscaling\1.11.931\aws-java-sdk-applicationautoscaling-1.11.931.jar;C:\Users\tomia\.m2\repository\com\amazonaws\aws-java-sdk-snowball\1.11.931\aws-java-sdk-snowball-1.11.931.jar;C:\Users\tomia\.m2\repository\com\amazonaws\aws-java-sdk-rekognition\1.11.931\aws-java-sdk-rekognition-1.11.931.jar;C:\Users\tomia\.m2\repository\com\amazonaws\aws-java-sdk-polly\1.11.931\aws-java-sdk-polly-1.11.931.jar;C:\Users\tomia\.m2\repository\com\amazonaws\aws-java-sdk-lightsail\1.11.931\aws-java-sdk-lightsail-1.11.931.jar;C:\Users\tomia\.m2\repository\com\amazonaws\aws-java-sdk-stepfunctions\1.11.931\aws-java-sdk-stepfunctions-1.11.931.jar;C:\Users\tomia\.m2\repository\com\amazonaws\aws-java-sdk-health\1.11.931\aws-java-sdk-health-1.11.931.jar;C:\Users\tomia\.m2\repository\com\amazonaws\aws-java-sdk-costandusagereport\1.11.931\aws-java-sdk-costandusagereport-1.11.931.jar;C:\Users\tomia\.m2\repository\com\amazonaws\aws-java-sdk-codebuild\1.11.931\aws-java-sdk-codebuild-1.11.931.jar;C:\Users\tomia\.m2\repository\com\amazonaws\aws-java-sdk-appstream\1.11.931\aws-java-sdk-appstream-1.11.931.jar;C:\Users\tomia\.m2\repository\com\amazonaws\aws-java-sdk-shield\1.11.931\aws-java-sdk-shield-1.11.931.jar;C:\Users\tomia\.m2\repository\com\amazonaws\aws-java-sdk-batch\1.11.931\aws-java-sdk-batch-1.11.931.jar;C:\Users\tomia\.m2\repository\com\amazonaws\aws-java-sdk-lex\1.11.931\aws-java-sdk-lex-1.11.931.jar;C:\Users\tomia\.m2\repository\com\amazonaws\aws-java-sdk-mechanicalturkrequester\1.11.931\aws-java-sdk-mechanicalturkrequester-1.11.931.jar;C:\Users\tomia\.m2\repository\com\amazonaws\aws-java-sdk-organizations\1.11.931\aws-java-sdk-organizations-1.11.931.jar;C:\Users\tomia\.m2\repository\com\amazonaws\aws-java-sdk-workdocs\1.11.931\aws-java-sdk-workdocs-1.11.931.jar;C:\Users\tomia\.m2\repository\com\amazonaws\aws-java-sdk-core\1.11.931\aws-java-sdk-core-1.11.931.jar;C:\Users\tomia\.m2\repository\commons-logging\commons-logging\1.1.3\commons-logging-1.1.3.jar;C:\Users\tomia\.m2\repository\org\apache\httpcomponents\httpclient\4.5.13\httpclient-4.5.13.jar;C:\Users\tomia\.m2\repository\org\apache\httpcomponents\httpcore\4.4.16\httpcore-4.4.16.jar;C:\Users\tomia\.m2\repository\commons-codec\commons-codec\1.16.1\commons-codec-1.16.1.jar;C:\Users\tomia\.m2\repository\software\amazon\ion\ion-java\1.0.2\ion-java-1.0.2.jar;C:\Users\tomia\.m2\repository\com\fasterxml\jackson\dataformat\jackson-dataformat-cbor\2.15.4\jackson-dataformat-cbor-2.15.4.jar;C:\Users\tomia\.m2\repository\joda-time\joda-time\2.8.1\joda-time-2.8.1.jar;C:\Users\tomia\.m2\repository\com\amazonaws\aws-java-sdk-models\1.11.931\aws-java-sdk-models-1.11.931.jar;C:\Users\tomia\.m2\repository\com\amazonaws\aws-java-sdk-swf-libraries\1.11.22\aws-java-sdk-swf-libraries-1.11.22.jar;C:\Users\tomia\.m2\repository\javax\xml\bind\jaxb-api\2.3.0\jaxb-api-2.3.0.jar;C:\Users\tomia\.m2\repository\org\springframework\boot\spring-boot-starter-security\3.2.4\spring-boot-starter-security-3.2.4.jar;C:\Users\tomia\.m2\repository\org\springframework\spring-aop\6.1.5\spring-aop-6.1.5.jar;C:\Users\tomia\.m2\repository\org\springframework\security\spring-security-config\6.2.3\spring-security-config-6.2.3.jar;C:\Users\tomia\.m2\repository\org\springframework\security\spring-security-core\6.2.3\spring-security-core-6.2.3.jar;C:\Users\tomia\.m2\repository\org\springframework\security\spring-security-crypto\6.2.3\spring-security-crypto-6.2.3.jar;C:\Users\tomia\.m2\repository\org\springframework\security\spring-security-web\6.2.3\spring-security-web-6.2.3.jar;C:\Users\tomia\.m2\repository\com\auth0\java-jwt\4.4.0\java-jwt-4.4.0.jar;C:\Users\tomia\.m2\repository\com\fasterxml\jackson\core\jackson-databind\2.15.4\jackson-databind-2.15.4.jar;C:\Users\tomia\.m2\repository\com\fasterxml\jackson\core\jackson-annotations\2.15.4\jackson-annotations-2.15.4.jar;C:\Users\tomia\.m2\repository\com\fasterxml\jackson\core\jackson-core\2.15.4\jackson-core-2.15.4.jar;C:\Users\tomia\.m2\repository\com\google\code\gson\gson\2.10.1\gson-2.10.1.jar;C:\Users\tomia\.m2\repository\org\springframework\boot\spring-boot-starter-data-jpa\3.2.4\spring-boot-starter-data-jpa-3.2.4.jar;C:\Users\tomia\.m2\repository\org\springframework\boot\spring-boot-starter-aop\3.2.4\spring-boot-starter-aop-3.2.4.jar;C:\Users\tomia\.m2\repository\org\aspectj\aspectjweaver\1.9.21\aspectjweaver-1.9.21.jar;C:\Users\tomia\.m2\repository\org\springframework\boot\spring-boot-starter-jdbc\3.2.4\spring-boot-starter-jdbc-3.2.4.jar;C:\Users\tomia\.m2\repository\com\zaxxer\HikariCP\5.0.1\HikariCP-5.0.1.jar;C:\Users\tomia\.m2\repository\org\springframework\spring-jdbc\6.1.5\spring-jdbc-6.1.5.jar;C:\Users\tomia\.m2\repository\org\hibernate\orm\hibernate-core\6.4.4.Final\hibernate-core-6.4.4.Final.jar;C:\Users\tomia\.m2\repository\jakarta\persistence\jakarta.persistence-api\3.1.0\jakarta.persistence-api-3.1.0.jar;C:\Users\tomia\.m2\repository\jakarta\transaction\jakarta.transaction-api\2.0.1\jakarta.transaction-api-2.0.1.jar;C:\Users\tomia\.m2\repository\org\hibernate\common\hibernate-commons-annotations\6.0.6.Final\hibernate-commons-annotations-6.0.6.Final.jar;C:\Users\tomia\.m2\repository\io\smallrye\jandex\3.1.2\jandex-3.1.2.jar;C:\Users\tomia\.m2\repository\org\glassfish\jaxb\jaxb-runtime\4.0.5\jaxb-runtime-4.0.5.jar;C:\Users\tomia\.m2\repository\org\glassfish\jaxb\jaxb-core\4.0.5\jaxb-core-4.0.5.jar;C:\Users\tomia\.m2\repository\org\eclipse\angus\angus-activation\2.0.2\angus-activation-2.0.2.jar;C:\Users\tomia\.m2\repository\org\glassfish\jaxb\txw2\4.0.5\txw2-4.0.5.jar;C:\Users\tomia\.m2\repository\com\sun\istack\istack-commons-runtime\4.1.2\istack-commons-runtime-4.1.2.jar;C:\Users\tomia\.m2\repository\jakarta\inject\jakarta.inject-api\2.0.1\jakarta.inject-api-2.0.1.jar;C:\Users\tomia\.m2\repository\org\antlr\antlr4-runtime\4.13.0\antlr4-runtime-4.13.0.jar;C:\Users\tomia\.m2\repository\org\springframework\data\spring-data-jpa\3.2.4\spring-data-jpa-3.2.4.jar;C:\Users\tomia\.m2\repository\org\springframework\spring-orm\6.1.5\spring-orm-6.1.5.jar;C:\Users\tomia\.m2\repository\org\springframework\spring-aspects\6.1.5\spring-aspects-6.1.5.jar;C:\Users\tomia\.m2\repository\junit\junit\4.13.2\junit-4.13.2.jar;C:\Users\tomia\.m2\repository\org\hamcrest\hamcrest-core\2.2\hamcrest-core-2.2.jar;"/>
    <property name="java.vm.vendor" value="Oracle Corporation"/>
    <property name="sun.arch.data.model" value="64"/>
    <property name="user.variant" value=""/>
    <property name="java.vendor.url" value="https://java.oracle.com/"/>
    <property name="user.timezone" value="Europe/Warsaw"/>
    <property name="org.jboss.logging.provider" value="slf4j"/>
    <property name="os.name" value="Windows 11"/>
    <property name="java.vm.specification.version" value="22"/>
    <property name="user.country" value="AR"/>
    <property name="sun.java.launcher" value="SUN_STANDARD"/>
    <property name="sun.boot.library.path" value="C:\Program Files\Java\jdk-22\bin"/>
    <property name="sun.java.command" value="C:\Users\tomia\AppData\Local\Temp\surefire13850011284456643788\surefirebooter-20240920194020427_3.jar C:\Users\tomia\AppData\Local\Temp\surefire13850011284456643788 2024-09-20T19-40-20_290-jvmRun1 surefire-20240920194020427_1tmp surefire_0-20240920194020427_2tmp"/>
    <property name="jdk.debug" value="release"/>
    <property name="surefire.test.class.path" value="C:\Users\tomia\Desktop\code\e-commerce\spring-backend\target\test-classes;C:\Users\tomia\Desktop\code\e-commerce\spring-backend\target\classes;C:\Users\tomia\.m2\repository\org\springframework\boot\spring-boot-starter-data-mongodb\3.2.4\spring-boot-starter-data-mongodb-3.2.4.jar;C:\Users\tomia\.m2\repository\org\springframework\boot\spring-boot-starter\3.2.4\spring-boot-starter-3.2.4.jar;C:\Users\tomia\.m2\repository\org\springframework\boot\spring-boot\3.2.4\spring-boot-3.2.4.jar;C:\Users\tomia\.m2\repository\org\springframework\boot\spring-boot-autoconfigure\3.2.4\spring-boot-autoconfigure-3.2.4.jar;C:\Users\tomia\.m2\repository\org\springframework\boot\spring-boot-starter-logging\3.2.4\spring-boot-starter-logging-3.2.4.jar;C:\Users\tomia\.m2\repository\ch\qos\logback\logback-classic\1.4.14\logback-classic-1.4.14.jar;C:\Users\tomia\.m2\repository\ch\qos\logback\logback-core\1.4.14\logback-core-1.4.14.jar;C:\Users\tomia\.m2\repository\org\apache\logging\log4j\log4j-to-slf4j\2.21.1\log4j-to-slf4j-2.21.1.jar;C:\Users\tomia\.m2\repository\org\apache\logging\log4j\log4j-api\2.21.1\log4j-api-2.21.1.jar;C:\Users\tomia\.m2\repository\org\slf4j\jul-to-slf4j\2.0.12\jul-to-slf4j-2.0.12.jar;C:\Users\tomia\.m2\repository\jakarta\annotation\jakarta.annotation-api\2.1.1\jakarta.annotation-api-2.1.1.jar;C:\Users\tomia\.m2\repository\org\yaml\snakeyaml\2.2\snakeyaml-2.2.jar;C:\Users\tomia\.m2\repository\org\mongodb\mongodb-driver-sync\4.11.1\mongodb-driver-sync-4.11.1.jar;C:\Users\tomia\.m2\repository\org\mongodb\bson\4.11.1\bson-4.11.1.jar;C:\Users\tomia\.m2\repository\org\mongodb\mongodb-driver-core\4.11.1\mongodb-driver-core-4.11.1.jar;C:\Users\tomia\.m2\repository\org\mongodb\bson-record-codec\4.11.1\bson-record-codec-4.11.1.jar;C:\Users\tomia\.m2\repository\org\springframework\data\spring-data-mongodb\4.2.4\spring-data-mongodb-4.2.4.jar;C:\Users\tomia\.m2\repository\org\springframework\spring-tx\6.1.5\spring-tx-6.1.5.jar;C:\Users\tomia\.m2\repository\org\springframework\spring-context\6.1.5\spring-context-6.1.5.jar;C:\Users\tomia\.m2\repository\org\springframework\spring-beans\6.1.5\spring-beans-6.1.5.jar;C:\Users\tomia\.m2\repository\org\springframework\spring-expression\6.1.5\spring-expression-6.1.5.jar;C:\Users\tomia\.m2\repository\org\springframework\data\spring-data-commons\3.2.4\spring-data-commons-3.2.4.jar;C:\Users\tomia\.m2\repository\org\slf4j\slf4j-api\2.0.12\slf4j-api-2.0.12.jar;C:\Users\tomia\.m2\repository\org\postgresql\postgresql\42.6.2\postgresql-42.6.2.jar;C:\Users\tomia\.m2\repository\org\checkerframework\checker-qual\3.31.0\checker-qual-3.31.0.jar;C:\Users\tomia\.m2\repository\org\springframework\boot\spring-boot-starter-web\3.2.4\spring-boot-starter-web-3.2.4.jar;C:\Users\tomia\.m2\repository\org\springframework\boot\spring-boot-starter-json\3.2.4\spring-boot-starter-json-3.2.4.jar;C:\Users\tomia\.m2\repository\com\fasterxml\jackson\datatype\jackson-datatype-jdk8\2.15.4\jackson-datatype-jdk8-2.15.4.jar;C:\Users\tomia\.m2\repository\com\fasterxml\jackson\datatype\jackson-datatype-jsr310\2.15.4\jackson-datatype-jsr310-2.15.4.jar;C:\Users\tomia\.m2\repository\com\fasterxml\jackson\module\jackson-module-parameter-names\2.15.4\jackson-module-parameter-names-2.15.4.jar;C:\Users\tomia\.m2\repository\org\springframework\boot\spring-boot-starter-tomcat\3.2.4\spring-boot-starter-tomcat-3.2.4.jar;C:\Users\tomia\.m2\repository\org\apache\tomcat\embed\tomcat-embed-core\10.1.19\tomcat-embed-core-10.1.19.jar;C:\Users\tomia\.m2\repository\org\apache\tomcat\embed\tomcat-embed-websocket\10.1.19\tomcat-embed-websocket-10.1.19.jar;C:\Users\tomia\.m2\repository\org\springframework\spring-web\6.1.5\spring-web-6.1.5.jar;C:\Users\tomia\.m2\repository\io\micrometer\micrometer-observation\1.12.4\micrometer-observation-1.12.4.jar;C:\Users\tomia\.m2\repository\io\micrometer\micrometer-commons\1.12.4\micrometer-commons-1.12.4.jar;C:\Users\tomia\.m2\repository\org\springframework\spring-webmvc\6.1.5\spring-webmvc-6.1.5.jar;C:\Users\tomia\.m2\repository\org\projectlombok\lombok\1.18.30\lombok-1.18.30.jar;C:\Users\tomia\.m2\repository\org\springframework\boot\spring-boot-starter-test\3.2.4\spring-boot-starter-test-3.2.4.jar;C:\Users\tomia\.m2\repository\org\springframework\boot\spring-boot-test\3.2.4\spring-boot-test-3.2.4.jar;C:\Users\tomia\.m2\repository\org\springframework\boot\spring-boot-test-autoconfigure\3.2.4\spring-boot-test-autoconfigure-3.2.4.jar;C:\Users\tomia\.m2\repository\com\jayway\jsonpath\json-path\2.9.0\json-path-2.9.0.jar;C:\Users\tomia\.m2\repository\jakarta\xml\bind\jakarta.xml.bind-api\4.0.2\jakarta.xml.bind-api-4.0.2.jar;C:\Users\tomia\.m2\repository\jakarta\activation\jakarta.activation-api\2.1.3\jakarta.activation-api-2.1.3.jar;C:\Users\tomia\.m2\repository\net\minidev\json-smart\2.5.0\json-smart-2.5.0.jar;C:\Users\tomia\.m2\repository\net\minidev\accessors-smart\2.5.0\accessors-smart-2.5.0.jar;C:\Users\tomia\.m2\repository\org\ow2\asm\asm\9.3\asm-9.3.jar;C:\Users\tomia\.m2\repository\org\assertj\assertj-core\3.24.2\assertj-core-3.24.2.jar;C:\Users\tomia\.m2\repository\net\bytebuddy\byte-buddy\1.14.12\byte-buddy-1.14.12.jar;C:\Users\tomia\.m2\repository\org\awaitility\awaitility\4.2.0\awaitility-4.2.0.jar;C:\Users\tomia\.m2\repository\org\hamcrest\hamcrest\2.2\hamcrest-2.2.jar;C:\Users\tomia\.m2\repository\org\junit\jupiter\junit-jupiter\5.10.2\junit-jupiter-5.10.2.jar;C:\Users\tomia\.m2\repository\org\junit\jupiter\junit-jupiter-api\5.10.2\junit-jupiter-api-5.10.2.jar;C:\Users\tomia\.m2\repository\org\opentest4j\opentest4j\1.3.0\opentest4j-1.3.0.jar;C:\Users\tomia\.m2\repository\org\junit\platform\junit-platform-commons\1.10.2\junit-platform-commons-1.10.2.jar;C:\Users\tomia\.m2\repository\org\apiguardian\apiguardian-api\1.1.2\apiguardian-api-1.1.2.jar;C:\Users\tomia\.m2\repository\org\junit\jupiter\junit-jupiter-params\5.10.2\junit-jupiter-params-5.10.2.jar;C:\Users\tomia\.m2\repository\org\junit\jupiter\junit-jupiter-engine\5.10.2\junit-jupiter-engine-5.10.2.jar;C:\Users\tomia\.m2\repository\org\junit\platform\junit-platform-engine\1.10.2\junit-platform-engine-1.10.2.jar;C:\Users\tomia\.m2\repository\org\mockito\mockito-core\5.7.0\mockito-core-5.7.0.jar;C:\Users\tomia\.m2\repository\net\bytebuddy\byte-buddy-agent\1.14.12\byte-buddy-agent-1.14.12.jar;C:\Users\tomia\.m2\repository\org\objenesis\objenesis\3.3\objenesis-3.3.jar;C:\Users\tomia\.m2\repository\org\mockito\mockito-junit-jupiter\5.7.0\mockito-junit-jupiter-5.7.0.jar;C:\Users\tomia\.m2\repository\org\skyscreamer\jsonassert\1.5.1\jsonassert-1.5.1.jar;C:\Users\tomia\.m2\repository\com\vaadin\external\google\android-json\0.0.20131108.vaadin1\android-json-0.0.20131108.vaadin1.jar;C:\Users\tomia\.m2\repository\org\springframework\spring-core\6.1.5\spring-core-6.1.5.jar;C:\Users\tomia\.m2\repository\org\springframework\spring-jcl\6.1.5\spring-jcl-6.1.5.jar;C:\Users\tomia\.m2\repository\org\springframework\spring-test\6.1.5\spring-test-6.1.5.jar;C:\Users\tomia\.m2\repository\org\xmlunit\xmlunit-core\2.9.1\xmlunit-core-2.9.1.jar;C:\Users\tomia\.m2\repository\org\springframework\boot\spring-boot-starter-validation\3.2.4\spring-boot-starter-validation-3.2.4.jar;C:\Users\tomia\.m2\repository\org\apache\tomcat\embed\tomcat-embed-el\10.1.19\tomcat-embed-el-10.1.19.jar;C:\Users\tomia\.m2\repository\org\hibernate\validator\hibernate-validator\8.0.1.Final\hibernate-validator-8.0.1.Final.jar;C:\Users\tomia\.m2\repository\jakarta\validation\jakarta.validation-api\3.0.2\jakarta.validation-api-3.0.2.jar;C:\Users\tomia\.m2\repository\org\jboss\logging\jboss-logging\3.5.3.Final\jboss-logging-3.5.3.Final.jar;C:\Users\tomia\.m2\repository\com\fasterxml\classmate\1.6.0\classmate-1.6.0.jar;C:\Users\tomia\.m2\repository\org\modelmapper\modelmapper\3.1.1\modelmapper-3.1.1.jar;C:\Users\tomia\.m2\repository\com\amazonaws\aws-java-sdk\1.11.931\aws-java-sdk-1.11.931.jar;C:\Users\tomia\.m2\repository\com\amazonaws\aws-java-sdk-wellarchitected\1.11.931\aws-java-sdk-wellarchitected-1.11.931.jar;C:\Users\tomia\.m2\repository\com\amazonaws\jmespath-java\1.11.931\jmespath-java-1.11.931.jar;C:\Users\tomia\.m2\repository\com\amazonaws\aws-java-sdk-location\1.11.931\aws-java-sdk-location-1.11.931.jar;C:\Users\tomia\.m2\repository\com\amazonaws\aws-java-sdk-iotdeviceadvisor\1.11.931\aws-java-sdk-iotdeviceadvisor-1.11.931.jar;C:\Users\tomia\.m2\repository\com\amazonaws\aws-java-sdk-iotfleethub\1.11.931\aws-java-sdk-iotfleethub-1.11.931.jar;C:\Users\tomia\.m2\repository\com\amazonaws\aws-java-sdk-iotwireless\1.11.931\aws-java-sdk-iotwireless-1.11.931.jar;C:\Users\tomia\.m2\repository\com\amazonaws\aws-java-sdk-greengrassv2\1.11.931\aws-java-sdk-greengrassv2-1.11.931.jar;C:\Users\tomia\.m2\repository\com\amazonaws\aws-java-sdk-prometheus\1.11.931\aws-java-sdk-prometheus-1.11.931.jar;C:\Users\tomia\.m2\repository\com\amazonaws\aws-java-sdk-auditmanager\1.11.931\aws-java-sdk-auditmanager-1.11.931.jar;C:\Users\tomia\.m2\repository\com\amazonaws\aws-java-sdk-healthlake\1.11.931\aws-java-sdk-healthlake-1.11.931.jar;C:\Users\tomia\.m2\repository\com\amazonaws\aws-java-sdk-sagemakeredgemanager\1.11.931\aws-java-sdk-sagemakeredgemanager-1.11.931.jar;C:\Users\tomia\.m2\repository\com\amazonaws\aws-java-sdk-emrcontainers\1.11.931\aws-java-sdk-emrcontainers-1.11.931.jar;C:\Users\tomia\.m2\repository\com\amazonaws\aws-java-sdk-customerprofiles\1.11.931\aws-java-sdk-customerprofiles-1.11.931.jar;C:\Users\tomia\.m2\repository\com\amazonaws\aws-java-sdk-lookoutforvision\1.11.931\aws-java-sdk-lookoutforvision-1.11.931.jar;C:\Users\tomia\.m2\repository\com\amazonaws\aws-java-sdk-connectcontactlens\1.11.931\aws-java-sdk-connectcontactlens-1.11.931.jar;C:\Users\tomia\.m2\repository\com\amazonaws\aws-java-sdk-amplifybackend\1.11.931\aws-java-sdk-amplifybackend-1.11.931.jar;C:\Users\tomia\.m2\repository\com\amazonaws\aws-java-sdk-ecrpublic\1.11.931\aws-java-sdk-ecrpublic-1.11.931.jar;C:\Users\tomia\.m2\repository\com\amazonaws\aws-java-sdk-appintegrations\1.11.931\aws-java-sdk-appintegrations-1.11.931.jar;C:\Users\tomia\.m2\repository\com\amazonaws\aws-java-sdk-sagemakerfeaturestoreruntime\1.11.931\aws-java-sdk-sagemakerfeaturestoreruntime-1.11.931.jar;C:\Users\tomia\.m2\repository\com\amazonaws\aws-java-sdk-devopsguru\1.11.931\aws-java-sdk-devopsguru-1.11.931.jar;C:\Users\tomia\.m2\repository\com\amazonaws\aws-java-sdk-mwaa\1.11.931\aws-java-sdk-mwaa-1.11.931.jar;C:\Users\tomia\.m2\repository\com\amazonaws\aws-java-sdk-networkfirewall\1.11.931\aws-java-sdk-networkfirewall-1.11.931.jar;C:\Users\tomia\.m2\repository\com\amazonaws\aws-java-sdk-appregistry\1.11.931\aws-java-sdk-appregistry-1.11.931.jar;C:\Users\tomia\.m2\repository\com\amazonaws\aws-java-sdk-gluedatabrew\1.11.931\aws-java-sdk-gluedatabrew-1.11.931.jar;C:\Users\tomia\.m2\repository\com\amazonaws\aws-java-sdk-s3outposts\1.11.931\aws-java-sdk-s3outposts-1.11.931.jar;C:\Users\tomia\.m2\repository\com\amazonaws\aws-java-sdk-timestreamquery\1.11.931\aws-java-sdk-timestreamquery-1.11.931.jar;C:\Users\tomia\.m2\repository\com\amazonaws\aws-java-sdk-timestreamwrite\1.11.931\aws-java-sdk-timestreamwrite-1.11.931.jar;C:\Users\tomia\.m2\repository\com\amazonaws\aws-java-sdk-ssoadmin\1.11.931\aws-java-sdk-ssoadmin-1.11.931.jar;C:\Users\tomia\.m2\repository\com\amazonaws\aws-java-sdk-redshiftdataapi\1.11.931\aws-java-sdk-redshiftdataapi-1.11.931.jar;C:\Users\tomia\.m2\repository\com\amazonaws\aws-java-sdk-appflow\1.11.931\aws-java-sdk-appflow-1.11.931.jar;C:\Users\tomia\.m2\repository\com\amazonaws\aws-java-sdk-identitystore\1.11.931\aws-java-sdk-identitystore-1.11.931.jar;C:\Users\tomia\.m2\repository\com\amazonaws\aws-java-sdk-braket\1.11.931\aws-java-sdk-braket-1.11.931.jar;C:\Users\tomia\.m2\repository\com\amazonaws\aws-java-sdk-ivs\1.11.931\aws-java-sdk-ivs-1.11.931.jar;C:\Users\tomia\.m2\repository\com\amazonaws\aws-java-sdk-honeycode\1.11.931\aws-java-sdk-honeycode-1.11.931.jar;C:\Users\tomia\.m2\repository\com\amazonaws\aws-java-sdk-codeartifact\1.11.931\aws-java-sdk-codeartifact-1.11.931.jar;C:\Users\tomia\.m2\repository\com\amazonaws\aws-java-sdk-macie2\1.11.931\aws-java-sdk-macie2-1.11.931.jar;C:\Users\tomia\.m2\repository\com\amazonaws\aws-java-sdk-iotsitewise\1.11.931\aws-java-sdk-iotsitewise-1.11.931.jar;C:\Users\tomia\.m2\repository\com\amazonaws\aws-java-sdk-synthetics\1.11.931\aws-java-sdk-synthetics-1.11.931.jar;C:\Users\tomia\.m2\repository\com\amazonaws\aws-java-sdk-codestarconnections\1.11.931\aws-java-sdk-codestarconnections-1.11.931.jar;C:\Users\tomia\.m2\repository\com\amazonaws\aws-java-sdk-detective\1.11.931\aws-java-sdk-detective-1.11.931.jar;C:\Users\tomia\.m2\repository\com\amazonaws\aws-java-sdk-kinesisvideosignalingchannels\1.11.931\aws-java-sdk-kinesisvideosignalingchannels-1.11.931.jar;C:\Users\tomia\.m2\repository\com\amazonaws\aws-java-sdk-ebs\1.11.931\aws-java-sdk-ebs-1.11.931.jar;C:\Users\tomia\.m2\repository\com\amazonaws\aws-java-sdk-augmentedairuntime\1.11.931\aws-java-sdk-augmentedairuntime-1.11.931.jar;C:\Users\tomia\.m2\repository\com\amazonaws\aws-java-sdk-outposts\1.11.931\aws-java-sdk-outposts-1.11.931.jar;C:\Users\tomia\.m2\repository\com\amazonaws\aws-java-sdk-codeguruprofiler\1.11.931\aws-java-sdk-codeguruprofiler-1.11.931.jar;C:\Users\tomia\.m2\repository\com\amazonaws\aws-java-sdk-codegurureviewer\1.11.931\aws-java-sdk-codegurureviewer-1.11.931.jar;C:\Users\tomia\.m2\repository\com\amazonaws\aws-java-sdk-frauddetector\1.11.931\aws-java-sdk-frauddetector-1.11.931.jar;C:\Users\tomia\.m2\repository\com\amazonaws\aws-java-sdk-kendra\1.11.931\aws-java-sdk-kendra-1.11.931.jar;C:\Users\tomia\.m2\repository\com\amazonaws\aws-java-sdk-networkmanager\1.11.931\aws-java-sdk-networkmanager-1.11.931.jar;C:\Users\tomia\.m2\repository\com\amazonaws\aws-java-sdk-computeoptimizer\1.11.931\aws-java-sdk-computeoptimizer-1.11.931.jar;C:\Users\tomia\.m2\repository\com\amazonaws\aws-java-sdk-accessanalyzer\1.11.931\aws-java-sdk-accessanalyzer-1.11.931.jar;C:\Users\tomia\.m2\repository\com\amazonaws\aws-java-sdk-schemas\1.11.931\aws-java-sdk-schemas-1.11.931.jar;C:\Users\tomia\.m2\repository\com\amazonaws\aws-java-sdk-imagebuilder\1.11.931\aws-java-sdk-imagebuilder-1.11.931.jar;C:\Users\tomia\.m2\repository\com\amazonaws\aws-java-sdk-elasticinference\1.11.931\aws-java-sdk-elasticinference-1.11.931.jar;C:\Users\tomia\.m2\repository\com\amazonaws\aws-java-sdk-iotsecuretunneling\1.11.931\aws-java-sdk-iotsecuretunneling-1.11.931.jar;C:\Users\tomia\.m2\repository\com\amazonaws\aws-java-sdk-appconfig\1.11.931\aws-java-sdk-appconfig-1.11.931.jar;C:\Users\tomia\.m2\repository\com\amazonaws\aws-java-sdk-wafv2\1.11.931\aws-java-sdk-wafv2-1.11.931.jar;C:\Users\tomia\.m2\repository\com\amazonaws\aws-java-sdk-connectparticipant\1.11.931\aws-java-sdk-connectparticipant-1.11.931.jar;C:\Users\tomia\.m2\repository\com\amazonaws\aws-java-sdk-migrationhubconfig\1.11.931\aws-java-sdk-migrationhubconfig-1.11.931.jar;C:\Users\tomia\.m2\repository\com\amazonaws\aws-java-sdk-dataexchange\1.11.931\aws-java-sdk-dataexchange-1.11.931.jar;C:\Users\tomia\.m2\repository\com\amazonaws\aws-java-sdk-sesv2\1.11.931\aws-java-sdk-sesv2-1.11.931.jar;C:\Users\tomia\.m2\repository\com\amazonaws\aws-java-sdk-marketplacecatalog\1.11.931\aws-java-sdk-marketplacecatalog-1.11.931.jar;C:\Users\tomia\.m2\repository\com\amazonaws\aws-java-sdk-ssooidc\1.11.931\aws-java-sdk-ssooidc-1.11.931.jar;C:\Users\tomia\.m2\repository\com\amazonaws\aws-java-sdk-sso\1.11.931\aws-java-sdk-sso-1.11.931.jar;C:\Users\tomia\.m2\repository\com\amazonaws\aws-java-sdk-savingsplans\1.11.931\aws-java-sdk-savingsplans-1.11.931.jar;C:\Users\tomia\.m2\repository\com\amazonaws\aws-java-sdk-codestarnotifications\1.11.931\aws-java-sdk-codestarnotifications-1.11.931.jar;C:\Users\tomia\.m2\repository\com\amazonaws\aws-java-sdk-workmailmessageflow\1.11.931\aws-java-sdk-workmailmessageflow-1.11.931.jar;C:\Users\tomia\.m2\repository\com\amazonaws\aws-java-sdk-qldbsession\1.11.931\aws-java-sdk-qldbsession-1.11.931.jar;C:\Users\tomia\.m2\repository\com\amazonaws\aws-java-sdk-qldb\1.11.931\aws-java-sdk-qldb-1.11.931.jar;C:\Users\tomia\.m2\repository\com\amazonaws\aws-java-sdk-forecastquery\1.11.931\aws-java-sdk-forecastquery-1.11.931.jar;C:\Users\tomia\.m2\repository\com\amazonaws\aws-java-sdk-forecast\1.11.931\aws-java-sdk-forecast-1.11.931.jar;C:\Users\tomia\.m2\repository\com\amazonaws\aws-java-sdk-lakeformation\1.11.931\aws-java-sdk-lakeformation-1.11.931.jar;C:\Users\tomia\.m2\repository\com\amazonaws\aws-java-sdk-eventbridge\1.11.931\aws-java-sdk-eventbridge-1.11.931.jar;C:\Users\tomia\.m2\repository\com\amazonaws\aws-java-sdk-ec2instanceconnect\1.11.931\aws-java-sdk-ec2instanceconnect-1.11.931.jar;C:\Users\tomia\.m2\repository\com\amazonaws\aws-java-sdk-applicationinsights\1.11.931\aws-java-sdk-applicationinsights-1.11.931.jar;C:\Users\tomia\.m2\repository\com\amazonaws\aws-java-sdk-servicequotas\1.11.931\aws-java-sdk-servicequotas-1.11.931.jar;C:\Users\tomia\.m2\repository\com\amazonaws\aws-java-sdk-personalizeevents\1.11.931\aws-java-sdk-personalizeevents-1.11.931.jar;C:\Users\tomia\.m2\repository\com\amazonaws\aws-java-sdk-personalize\1.11.931\aws-java-sdk-personalize-1.11.931.jar;C:\Users\tomia\.m2\repository\com\amazonaws\aws-java-sdk-personalizeruntime\1.11.931\aws-java-sdk-personalizeruntime-1.11.931.jar;C:\Users\tomia\.m2\repository\com\amazonaws\aws-java-sdk-ioteventsdata\1.11.931\aws-java-sdk-ioteventsdata-1.11.931.jar;C:\Users\tomia\.m2\repository\com\amazonaws\aws-java-sdk-iotevents\1.11.931\aws-java-sdk-iotevents-1.11.931.jar;C:\Users\tomia\.m2\repository\com\amazonaws\aws-java-sdk-iotthingsgraph\1.11.931\aws-java-sdk-iotthingsgraph-1.11.931.jar;C:\Users\tomia\.m2\repository\com\amazonaws\aws-java-sdk-groundstation\1.11.931\aws-java-sdk-groundstation-1.11.931.jar;C:\Users\tomia\.m2\repository\com\amazonaws\aws-java-sdk-mediapackagevod\1.11.931\aws-java-sdk-mediapackagevod-1.11.931.jar;C:\Users\tomia\.m2\repository\com\amazonaws\aws-java-sdk-managedblockchain\1.11.931\aws-java-sdk-managedblockchain-1.11.931.jar;C:\Users\tomia\.m2\repository\com\amazonaws\aws-java-sdk-textract\1.11.931\aws-java-sdk-textract-1.11.931.jar;C:\Users\tomia\.m2\repository\com\amazonaws\aws-java-sdk-worklink\1.11.931\aws-java-sdk-worklink-1.11.931.jar;C:\Users\tomia\.m2\repository\com\amazonaws\aws-java-sdk-backup\1.11.931\aws-java-sdk-backup-1.11.931.jar;C:\Users\tomia\.m2\repository\com\amazonaws\aws-java-sdk-docdb\1.11.931\aws-java-sdk-docdb-1.11.931.jar;C:\Users\tomia\.m2\repository\com\amazonaws\aws-java-sdk-apigatewayv2\1.11.931\aws-java-sdk-apigatewayv2-1.11.931.jar;C:\Users\tomia\.m2\repository\com\amazonaws\aws-java-sdk-apigatewaymanagementapi\1.11.931\aws-java-sdk-apigatewaymanagementapi-1.11.931.jar;C:\Users\tomia\.m2\repository\com\amazonaws\aws-java-sdk-kafka\1.11.931\aws-java-sdk-kafka-1.11.931.jar;C:\Users\tomia\.m2\repository\com\amazonaws\aws-java-sdk-appmesh\1.11.931\aws-java-sdk-appmesh-1.11.931.jar;C:\Users\tomia\.m2\repository\com\amazonaws\aws-java-sdk-licensemanager\1.11.931\aws-java-sdk-licensemanager-1.11.931.jar;C:\Users\tomia\.m2\repository\com\amazonaws\aws-java-sdk-securityhub\1.11.931\aws-java-sdk-securityhub-1.11.931.jar;C:\Users\tomia\.m2\repository\com\amazonaws\aws-java-sdk-fsx\1.11.931\aws-java-sdk-fsx-1.11.931.jar;C:\Users\tomia\.m2\repository\com\amazonaws\aws-java-sdk-mediaconnect\1.11.931\aws-java-sdk-mediaconnect-1.11.931.jar;C:\Users\tomia\.m2\repository\com\amazonaws\aws-java-sdk-kinesisanalyticsv2\1.11.931\aws-java-sdk-kinesisanalyticsv2-1.11.931.jar;C:\Users\tomia\.m2\repository\com\amazonaws\aws-java-sdk-comprehendmedical\1.11.931\aws-java-sdk-comprehendmedical-1.11.931.jar;C:\Users\tomia\.m2\repository\com\amazonaws\aws-java-sdk-globalaccelerator\1.11.931\aws-java-sdk-globalaccelerator-1.11.931.jar;C:\Users\tomia\.m2\repository\com\amazonaws\aws-java-sdk-transfer\1.11.931\aws-java-sdk-transfer-1.11.931.jar;C:\Users\tomia\.m2\repository\com\amazonaws\aws-java-sdk-datasync\1.11.931\aws-java-sdk-datasync-1.11.931.jar;C:\Users\tomia\.m2\repository\com\amazonaws\aws-java-sdk-robomaker\1.11.931\aws-java-sdk-robomaker-1.11.931.jar;C:\Users\tomia\.m2\repository\com\amazonaws\aws-java-sdk-amplify\1.11.931\aws-java-sdk-amplify-1.11.931.jar;C:\Users\tomia\.m2\repository\com\amazonaws\aws-java-sdk-quicksight\1.11.931\aws-java-sdk-quicksight-1.11.931.jar;C:\Users\tomia\.m2\repository\com\amazonaws\aws-java-sdk-rdsdata\1.11.931\aws-java-sdk-rdsdata-1.11.931.jar;C:\Users\tomia\.m2\repository\com\amazonaws\aws-java-sdk-route53resolver\1.11.931\aws-java-sdk-route53resolver-1.11.931.jar;C:\Users\tomia\.m2\repository\com\amazonaws\aws-java-sdk-ram\1.11.931\aws-java-sdk-ram-1.11.931.jar;C:\Users\tomia\.m2\repository\com\amazonaws\aws-java-sdk-s3control\1.11.931\aws-java-sdk-s3control-1.11.931.jar;C:\Users\tomia\.m2\repository\com\amazonaws\aws-java-sdk-pinpointsmsvoice\1.11.931\aws-java-sdk-pinpointsmsvoice-1.11.931.jar;C:\Users\tomia\.m2\repository\com\amazonaws\aws-java-sdk-pinpointemail\1.11.931\aws-java-sdk-pinpointemail-1.11.931.jar;C:\Users\tomia\.m2\repository\com\amazonaws\aws-java-sdk-chime\1.11.931\aws-java-sdk-chime-1.11.931.jar;C:\Users\tomia\.m2\repository\com\amazonaws\aws-java-sdk-signer\1.11.931\aws-java-sdk-signer-1.11.931.jar;C:\Users\tomia\.m2\repository\com\amazonaws\aws-java-sdk-dlm\1.11.931\aws-java-sdk-dlm-1.11.931.jar;C:\Users\tomia\.m2\repository\com\amazonaws\aws-java-sdk-macie\1.11.931\aws-java-sdk-macie-1.11.931.jar;C:\Users\tomia\.m2\repository\com\amazonaws\aws-java-sdk-eks\1.11.931\aws-java-sdk-eks-1.11.931.jar;C:\Users\tomia\.m2\repository\com\amazonaws\aws-java-sdk-mediatailor\1.11.931\aws-java-sdk-mediatailor-1.11.931.jar;C:\Users\tomia\.m2\repository\com\amazonaws\aws-java-sdk-neptune\1.11.931\aws-java-sdk-neptune-1.11.931.jar;C:\Users\tomia\.m2\repository\com\amazonaws\aws-java-sdk-pi\1.11.931\aws-java-sdk-pi-1.11.931.jar;C:\Users\tomia\.m2\repository\com\amazonaws\aws-java-sdk-iot1clickprojects\1.11.931\aws-java-sdk-iot1clickprojects-1.11.931.jar;C:\Users\tomia\.m2\repository\com\amazonaws\aws-java-sdk-iot1clickdevices\1.11.931\aws-java-sdk-iot1clickdevices-1.11.931.jar;C:\Users\tomia\.m2\repository\com\amazonaws\aws-java-sdk-iotanalytics\1.11.931\aws-java-sdk-iotanalytics-1.11.931.jar;C:\Users\tomia\.m2\repository\com\amazonaws\aws-java-sdk-acmpca\1.11.931\aws-java-sdk-acmpca-1.11.931.jar;C:\Users\tomia\.m2\repository\com\amazonaws\aws-java-sdk-secretsmanager\1.11.931\aws-java-sdk-secretsmanager-1.11.931.jar;C:\Users\tomia\.m2\repository\com\amazonaws\aws-java-sdk-fms\1.11.931\aws-java-sdk-fms-1.11.931.jar;C:\Users\tomia\.m2\repository\com\amazonaws\aws-java-sdk-connect\1.11.931\aws-java-sdk-connect-1.11.931.jar;C:\Users\tomia\.m2\repository\com\amazonaws\aws-java-sdk-transcribe\1.11.931\aws-java-sdk-transcribe-1.11.931.jar;C:\Users\tomia\.m2\repository\com\amazonaws\aws-java-sdk-autoscalingplans\1.11.931\aws-java-sdk-autoscalingplans-1.11.931.jar;C:\Users\tomia\.m2\repository\com\amazonaws\aws-java-sdk-workmail\1.11.931\aws-java-sdk-workmail-1.11.931.jar;C:\Users\tomia\.m2\repository\com\amazonaws\aws-java-sdk-servicediscovery\1.11.931\aws-java-sdk-servicediscovery-1.11.931.jar;C:\Users\tomia\.m2\repository\com\amazonaws\aws-java-sdk-cloud9\1.11.931\aws-java-sdk-cloud9-1.11.931.jar;C:\Users\tomia\.m2\repository\com\amazonaws\aws-java-sdk-serverlessapplicationrepository\1.11.931\aws-java-sdk-serverlessapplicationrepository-1.11.931.jar;C:\Users\tomia\.m2\repository\com\amazonaws\aws-java-sdk-alexaforbusiness\1.11.931\aws-java-sdk-alexaforbusiness-1.11.931.jar;C:\Users\tomia\.m2\repository\com\amazonaws\aws-java-sdk-resourcegroups\1.11.931\aws-java-sdk-resourcegroups-1.11.931.jar;C:\Users\tomia\.m2\repository\com\amazonaws\aws-java-sdk-comprehend\1.11.931\aws-java-sdk-comprehend-1.11.931.jar;C:\Users\tomia\.m2\repository\com\amazonaws\aws-java-sdk-translate\1.11.931\aws-java-sdk-translate-1.11.931.jar;C:\Users\tomia\.m2\repository\com\amazonaws\aws-java-sdk-sagemaker\1.11.931\aws-java-sdk-sagemaker-1.11.931.jar;C:\Users\tomia\.m2\repository\com\amazonaws\aws-java-sdk-iotjobsdataplane\1.11.931\aws-java-sdk-iotjobsdataplane-1.11.931.jar;C:\Users\tomia\.m2\repository\com\amazonaws\aws-java-sdk-sagemakerruntime\1.11.931\aws-java-sdk-sagemakerruntime-1.11.931.jar;C:\Users\tomia\.m2\repository\com\amazonaws\aws-java-sdk-kinesisvideo\1.11.931\aws-java-sdk-kinesisvideo-1.11.931.jar;C:\Users\tomia\.m2\repository\io\netty\netty-codec-http\4.1.107.Final\netty-codec-http-4.1.107.Final.jar;C:\Users\tomia\.m2\repository\io\netty\netty-common\4.1.107.Final\netty-common-4.1.107.Final.jar;C:\Users\tomia\.m2\repository\io\netty\netty-buffer\4.1.107.Final\netty-buffer-4.1.107.Final.jar;C:\Users\tomia\.m2\repository\io\netty\netty-transport\4.1.107.Final\netty-transport-4.1.107.Final.jar;C:\Users\tomia\.m2\repository\io\netty\netty-codec\4.1.107.Final\netty-codec-4.1.107.Final.jar;C:\Users\tomia\.m2\repository\io\netty\netty-handler\4.1.107.Final\netty-handler-4.1.107.Final.jar;C:\Users\tomia\.m2\repository\io\netty\netty-resolver\4.1.107.Final\netty-resolver-4.1.107.Final.jar;C:\Users\tomia\.m2\repository\io\netty\netty-transport-native-unix-common\4.1.107.Final\netty-transport-native-unix-common-4.1.107.Final.jar;C:\Users\tomia\.m2\repository\com\amazonaws\aws-java-sdk-appsync\1.11.931\aws-java-sdk-appsync-1.11.931.jar;C:\Users\tomia\.m2\repository\com\amazonaws\aws-java-sdk-guardduty\1.11.931\aws-java-sdk-guardduty-1.11.931.jar;C:\Users\tomia\.m2\repository\com\amazonaws\aws-java-sdk-mq\1.11.931\aws-java-sdk-mq-1.11.931.jar;C:\Users\tomia\.m2\repository\com\amazonaws\aws-java-sdk-mediaconvert\1.11.931\aws-java-sdk-mediaconvert-1.11.931.jar;C:\Users\tomia\.m2\repository\com\amazonaws\aws-java-sdk-mediastore\1.11.931\aws-java-sdk-mediastore-1.11.931.jar;C:\Users\tomia\.m2\repository\com\amazonaws\aws-java-sdk-mediastoredata\1.11.931\aws-java-sdk-mediastoredata-1.11.931.jar;C:\Users\tomia\.m2\repository\com\amazonaws\aws-java-sdk-medialive\1.11.931\aws-java-sdk-medialive-1.11.931.jar;C:\Users\tomia\.m2\repository\com\amazonaws\aws-java-sdk-mediapackage\1.11.931\aws-java-sdk-mediapackage-1.11.931.jar;C:\Users\tomia\.m2\repository\com\amazonaws\aws-java-sdk-costexplorer\1.11.931\aws-java-sdk-costexplorer-1.11.931.jar;C:\Users\tomia\.m2\repository\com\amazonaws\aws-java-sdk-pricing\1.11.931\aws-java-sdk-pricing-1.11.931.jar;C:\Users\tomia\.m2\repository\com\amazonaws\aws-java-sdk-mobile\1.11.931\aws-java-sdk-mobile-1.11.931.jar;C:\Users\tomia\.m2\repository\com\amazonaws\aws-java-sdk-cloudhsmv2\1.11.931\aws-java-sdk-cloudhsmv2-1.11.931.jar;C:\Users\tomia\.m2\repository\com\amazonaws\aws-java-sdk-glue\1.11.931\aws-java-sdk-glue-1.11.931.jar;C:\Users\tomia\.m2\repository\com\amazonaws\aws-java-sdk-migrationhub\1.11.931\aws-java-sdk-migrationhub-1.11.931.jar;C:\Users\tomia\.m2\repository\com\amazonaws\aws-java-sdk-dax\1.11.931\aws-java-sdk-dax-1.11.931.jar;C:\Users\tomia\.m2\repository\com\amazonaws\aws-java-sdk-greengrass\1.11.931\aws-java-sdk-greengrass-1.11.931.jar;C:\Users\tomia\.m2\repository\com\amazonaws\aws-java-sdk-athena\1.11.931\aws-java-sdk-athena-1.11.931.jar;C:\Users\tomia\.m2\repository\com\amazonaws\aws-java-sdk-marketplaceentitlement\1.11.931\aws-java-sdk-marketplaceentitlement-1.11.931.jar;C:\Users\tomia\.m2\repository\com\amazonaws\aws-java-sdk-codestar\1.11.931\aws-java-sdk-codestar-1.11.931.jar;C:\Users\tomia\.m2\repository\com\amazonaws\aws-java-sdk-lexmodelbuilding\1.11.931\aws-java-sdk-lexmodelbuilding-1.11.931.jar;C:\Users\tomia\.m2\repository\com\amazonaws\aws-java-sdk-resourcegroupstaggingapi\1.11.931\aws-java-sdk-resourcegroupstaggingapi-1.11.931.jar;C:\Users\tomia\.m2\repository\com\amazonaws\aws-java-sdk-pinpoint\1.11.931\aws-java-sdk-pinpoint-1.11.931.jar;C:\Users\tomia\.m2\repository\com\amazonaws\aws-java-sdk-xray\1.11.931\aws-java-sdk-xray-1.11.931.jar;C:\Users\tomia\.m2\repository\com\amazonaws\aws-java-sdk-opsworkscm\1.11.931\aws-java-sdk-opsworkscm-1.11.931.jar;C:\Users\tomia\.m2\repository\com\amazonaws\aws-java-sdk-support\1.11.931\aws-java-sdk-support-1.11.931.jar;C:\Users\tomia\.m2\repository\com\amazonaws\aws-java-sdk-simpledb\1.11.931\aws-java-sdk-simpledb-1.11.931.jar;C:\Users\tomia\.m2\repository\com\amazonaws\aws-java-sdk-servicecatalog\1.11.931\aws-java-sdk-servicecatalog-1.11.931.jar;C:\Users\tomia\.m2\repository\com\amazonaws\aws-java-sdk-servermigration\1.11.931\aws-java-sdk-servermigration-1.11.931.jar;C:\Users\tomia\.m2\repository\com\amazonaws\aws-java-sdk-simpleworkflow\1.11.931\aws-java-sdk-simpleworkflow-1.11.931.jar;C:\Users\tomia\.m2\repository\com\amazonaws\aws-java-sdk-storagegateway\1.11.931\aws-java-sdk-storagegateway-1.11.931.jar;C:\Users\tomia\.m2\repository\com\amazonaws\aws-java-sdk-route53\1.11.931\aws-java-sdk-route53-1.11.931.jar;C:\Users\tomia\.m2\repository\com\amazonaws\aws-java-sdk-s3\1.11.931\aws-java-sdk-s3-1.11.931.jar;C:\Users\tomia\.m2\repository\com\amazonaws\aws-java-sdk-importexport\1.11.931\aws-java-sdk-importexport-1.11.931.jar;C:\Users\tomia\.m2\repository\com\amazonaws\aws-java-sdk-sts\1.11.931\aws-java-sdk-sts-1.11.931.jar;C:\Users\tomia\.m2\repository\com\amazonaws\aws-java-sdk-sqs\1.11.931\aws-java-sdk-sqs-1.11.931.jar;C:\Users\tomia\.m2\repository\com\amazonaws\aws-java-sdk-rds\1.11.931\aws-java-sdk-rds-1.11.931.jar;C:\Users\tomia\.m2\repository\com\amazonaws\aws-java-sdk-redshift\1.11.931\aws-java-sdk-redshift-1.11.931.jar;C:\Users\tomia\.m2\repository\com\amazonaws\aws-java-sdk-elasticbeanstalk\1.11.931\aws-java-sdk-elasticbeanstalk-1.11.931.jar;C:\Users\tomia\.m2\repository\com\amazonaws\aws-java-sdk-glacier\1.11.931\aws-java-sdk-glacier-1.11.931.jar;C:\Users\tomia\.m2\repository\com\amazonaws\aws-java-sdk-iam\1.11.931\aws-java-sdk-iam-1.11.931.jar;C:\Users\tomia\.m2\repository\com\amazonaws\aws-java-sdk-datapipeline\1.11.931\aws-java-sdk-datapipeline-1.11.931.jar;C:\Users\tomia\.m2\repository\com\amazonaws\aws-java-sdk-elasticloadbalancing\1.11.931\aws-java-sdk-elasticloadbalancing-1.11.931.jar;C:\Users\tomia\.m2\repository\com\amazonaws\aws-java-sdk-elasticloadbalancingv2\1.11.931\aws-java-sdk-elasticloadbalancingv2-1.11.931.jar;C:\Users\tomia\.m2\repository\com\amazonaws\aws-java-sdk-emr\1.11.931\aws-java-sdk-emr-1.11.931.jar;C:\Users\tomia\.m2\repository\com\amazonaws\aws-java-sdk-elasticache\1.11.931\aws-java-sdk-elasticache-1.11.931.jar;C:\Users\tomia\.m2\repository\com\amazonaws\aws-java-sdk-elastictranscoder\1.11.931\aws-java-sdk-elastictranscoder-1.11.931.jar;C:\Users\tomia\.m2\repository\com\amazonaws\aws-java-sdk-ec2\1.11.931\aws-java-sdk-ec2-1.11.931.jar;C:\Users\tomia\.m2\repository\com\amazonaws\aws-java-sdk-dynamodb\1.11.931\aws-java-sdk-dynamodb-1.11.931.jar;C:\Users\tomia\.m2\repository\com\amazonaws\aws-java-sdk-sns\1.11.931\aws-java-sdk-sns-1.11.931.jar;C:\Users\tomia\.m2\repository\com\amazonaws\aws-java-sdk-budgets\1.11.931\aws-java-sdk-budgets-1.11.931.jar;C:\Users\tomia\.m2\repository\com\amazonaws\aws-java-sdk-cloudtrail\1.11.931\aws-java-sdk-cloudtrail-1.11.931.jar;C:\Users\tomia\.m2\repository\com\amazonaws\aws-java-sdk-cloudwatch\1.11.931\aws-java-sdk-cloudwatch-1.11.931.jar;C:\Users\tomia\.m2\repository\com\amazonaws\aws-java-sdk-logs\1.11.931\aws-java-sdk-logs-1.11.931.jar;C:\Users\tomia\.m2\repository\com\amazonaws\aws-java-sdk-events\1.11.931\aws-java-sdk-events-1.11.931.jar;C:\Users\tomia\.m2\repository\com\amazonaws\aws-java-sdk-cognitoidentity\1.11.931\aws-java-sdk-cognitoidentity-1.11.931.jar;C:\Users\tomia\.m2\repository\com\amazonaws\aws-java-sdk-cognitosync\1.11.931\aws-java-sdk-cognitosync-1.11.931.jar;C:\Users\tomia\.m2\repository\com\amazonaws\aws-java-sdk-directconnect\1.11.931\aws-java-sdk-directconnect-1.11.931.jar;C:\Users\tomia\.m2\repository\com\amazonaws\aws-java-sdk-cloudformation\1.11.931\aws-java-sdk-cloudformation-1.11.931.jar;C:\Users\tomia\.m2\repository\com\amazonaws\aws-java-sdk-cloudfront\1.11.931\aws-java-sdk-cloudfront-1.11.931.jar;C:\Users\tomia\.m2\repository\com\amazonaws\aws-java-sdk-clouddirectory\1.11.931\aws-java-sdk-clouddirectory-1.11.931.jar;C:\Users\tomia\.m2\repository\com\amazonaws\aws-java-sdk-kinesis\1.11.931\aws-java-sdk-kinesis-1.11.931.jar;C:\Users\tomia\.m2\repository\com\amazonaws\aws-java-sdk-opsworks\1.11.931\aws-java-sdk-opsworks-1.11.931.jar;C:\Users\tomia\.m2\repository\com\amazonaws\aws-java-sdk-ses\1.11.931\aws-java-sdk-ses-1.11.931.jar;C:\Users\tomia\.m2\repository\com\amazonaws\aws-java-sdk-autoscaling\1.11.931\aws-java-sdk-autoscaling-1.11.931.jar;C:\Users\tomia\.m2\repository\com\amazonaws\aws-java-sdk-cloudsearch\1.11.931\aws-java-sdk-cloudsearch-1.11.931.jar;C:\Users\tomia\.m2\repository\com\amazonaws\aws-java-sdk-cloudwatchmetrics\1.11.931\aws-java-sdk-cloudwatchmetrics-1.11.931.jar;C:\Users\tomia\.m2\repository\com\amazonaws\aws-java-sdk-codedeploy\1.11.931\aws-java-sdk-codedeploy-1.11.931.jar;C:\Users\tomia\.m2\repository\com\amazonaws\aws-java-sdk-codepipeline\1.11.931\aws-java-sdk-codepipeline-1.11.931.jar;C:\Users\tomia\.m2\repository\com\amazonaws\aws-java-sdk-kms\1.11.931\aws-java-sdk-kms-1.11.931.jar;C:\Users\tomia\.m2\repository\com\amazonaws\aws-java-sdk-config\1.11.931\aws-java-sdk-config-1.11.931.jar;C:\Users\tomia\.m2\repository\com\amazonaws\aws-java-sdk-lambda\1.11.931\aws-java-sdk-lambda-1.11.931.jar;C:\Users\tomia\.m2\repository\com\amazonaws\aws-java-sdk-ecs\1.11.931\aws-java-sdk-ecs-1.11.931.jar;C:\Users\tomia\.m2\repository\com\amazonaws\aws-java-sdk-ecr\1.11.931\aws-java-sdk-ecr-1.11.931.jar;C:\Users\tomia\.m2\repository\com\amazonaws\aws-java-sdk-cloudhsm\1.11.931\aws-java-sdk-cloudhsm-1.11.931.jar;C:\Users\tomia\.m2\repository\com\amazonaws\aws-java-sdk-ssm\1.11.931\aws-java-sdk-ssm-1.11.931.jar;C:\Users\tomia\.m2\repository\com\amazonaws\aws-java-sdk-workspaces\1.11.931\aws-java-sdk-workspaces-1.11.931.jar;C:\Users\tomia\.m2\repository\com\amazonaws\aws-java-sdk-machinelearning\1.11.931\aws-java-sdk-machinelearning-1.11.931.jar;C:\Users\tomia\.m2\repository\com\amazonaws\aws-java-sdk-directory\1.11.931\aws-java-sdk-directory-1.11.931.jar;C:\Users\tomia\.m2\repository\com\amazonaws\aws-java-sdk-efs\1.11.931\aws-java-sdk-efs-1.11.931.jar;C:\Users\tomia\.m2\repository\com\amazonaws\aws-java-sdk-codecommit\1.11.931\aws-java-sdk-codecommit-1.11.931.jar;C:\Users\tomia\.m2\repository\com\amazonaws\aws-java-sdk-devicefarm\1.11.931\aws-java-sdk-devicefarm-1.11.931.jar;C:\Users\tomia\.m2\repository\com\amazonaws\aws-java-sdk-elasticsearch\1.11.931\aws-java-sdk-elasticsearch-1.11.931.jar;C:\Users\tomia\.m2\repository\com\amazonaws\aws-java-sdk-waf\1.11.931\aws-java-sdk-waf-1.11.931.jar;C:\Users\tomia\.m2\repository\com\amazonaws\aws-java-sdk-marketplacecommerceanalytics\1.11.931\aws-java-sdk-marketplacecommerceanalytics-1.11.931.jar;C:\Users\tomia\.m2\repository\com\amazonaws\aws-java-sdk-inspector\1.11.931\aws-java-sdk-inspector-1.11.931.jar;C:\Users\tomia\.m2\repository\com\amazonaws\aws-java-sdk-iot\1.11.931\aws-java-sdk-iot-1.11.931.jar;C:\Users\tomia\.m2\repository\com\amazonaws\aws-java-sdk-api-gateway\1.11.931\aws-java-sdk-api-gateway-1.11.931.jar;C:\Users\tomia\.m2\repository\com\amazonaws\aws-java-sdk-acm\1.11.931\aws-java-sdk-acm-1.11.931.jar;C:\Users\tomia\.m2\repository\com\amazonaws\aws-java-sdk-gamelift\1.11.931\aws-java-sdk-gamelift-1.11.931.jar;C:\Users\tomia\.m2\repository\com\amazonaws\aws-java-sdk-dms\1.11.931\aws-java-sdk-dms-1.11.931.jar;C:\Users\tomia\.m2\repository\com\amazonaws\aws-java-sdk-marketplacemeteringservice\1.11.931\aws-java-sdk-marketplacemeteringservice-1.11.931.jar;C:\Users\tomia\.m2\repository\com\amazonaws\aws-java-sdk-cognitoidp\1.11.931\aws-java-sdk-cognitoidp-1.11.931.jar;C:\Users\tomia\.m2\repository\com\amazonaws\aws-java-sdk-discovery\1.11.931\aws-java-sdk-discovery-1.11.931.jar;C:\Users\tomia\.m2\repository\com\amazonaws\aws-java-sdk-applicationautoscaling\1.11.931\aws-java-sdk-applicationautoscaling-1.11.931.jar;C:\Users\tomia\.m2\repository\com\amazonaws\aws-java-sdk-snowball\1.11.931\aws-java-sdk-snowball-1.11.931.jar;C:\Users\tomia\.m2\repository\com\amazonaws\aws-java-sdk-rekognition\1.11.931\aws-java-sdk-rekognition-1.11.931.jar;C:\Users\tomia\.m2\repository\com\amazonaws\aws-java-sdk-polly\1.11.931\aws-java-sdk-polly-1.11.931.jar;C:\Users\tomia\.m2\repository\com\amazonaws\aws-java-sdk-lightsail\1.11.931\aws-java-sdk-lightsail-1.11.931.jar;C:\Users\tomia\.m2\repository\com\amazonaws\aws-java-sdk-stepfunctions\1.11.931\aws-java-sdk-stepfunctions-1.11.931.jar;C:\Users\tomia\.m2\repository\com\amazonaws\aws-java-sdk-health\1.11.931\aws-java-sdk-health-1.11.931.jar;C:\Users\tomia\.m2\repository\com\amazonaws\aws-java-sdk-costandusagereport\1.11.931\aws-java-sdk-costandusagereport-1.11.931.jar;C:\Users\tomia\.m2\repository\com\amazonaws\aws-java-sdk-codebuild\1.11.931\aws-java-sdk-codebuild-1.11.931.jar;C:\Users\tomia\.m2\repository\com\amazonaws\aws-java-sdk-appstream\1.11.931\aws-java-sdk-appstream-1.11.931.jar;C:\Users\tomia\.m2\repository\com\amazonaws\aws-java-sdk-shield\1.11.931\aws-java-sdk-shield-1.11.931.jar;C:\Users\tomia\.m2\repository\com\amazonaws\aws-java-sdk-batch\1.11.931\aws-java-sdk-batch-1.11.931.jar;C:\Users\tomia\.m2\repository\com\amazonaws\aws-java-sdk-lex\1.11.931\aws-java-sdk-lex-1.11.931.jar;C:\Users\tomia\.m2\repository\com\amazonaws\aws-java-sdk-mechanicalturkrequester\1.11.931\aws-java-sdk-mechanicalturkrequester-1.11.931.jar;C:\Users\tomia\.m2\repository\com\amazonaws\aws-java-sdk-organizations\1.11.931\aws-java-sdk-organizations-1.11.931.jar;C:\Users\tomia\.m2\repository\com\amazonaws\aws-java-sdk-workdocs\1.11.931\aws-java-sdk-workdocs-1.11.931.jar;C:\Users\tomia\.m2\repository\com\amazonaws\aws-java-sdk-core\1.11.931\aws-java-sdk-core-1.11.931.jar;C:\Users\tomia\.m2\repository\commons-logging\commons-logging\1.1.3\commons-logging-1.1.3.jar;C:\Users\tomia\.m2\repository\org\apache\httpcomponents\httpclient\4.5.13\httpclient-4.5.13.jar;C:\Users\tomia\.m2\repository\org\apache\httpcomponents\httpcore\4.4.16\httpcore-4.4.16.jar;C:\Users\tomia\.m2\repository\commons-codec\commons-codec\1.16.1\commons-codec-1.16.1.jar;C:\Users\tomia\.m2\repository\software\amazon\ion\ion-java\1.0.2\ion-java-1.0.2.jar;C:\Users\tomia\.m2\repository\com\fasterxml\jackson\dataformat\jackson-dataformat-cbor\2.15.4\jackson-dataformat-cbor-2.15.4.jar;C:\Users\tomia\.m2\repository\joda-time\joda-time\2.8.1\joda-time-2.8.1.jar;C:\Users\tomia\.m2\repository\com\amazonaws\aws-java-sdk-models\1.11.931\aws-java-sdk-models-1.11.931.jar;C:\Users\tomia\.m2\repository\com\amazonaws\aws-java-sdk-swf-libraries\1.11.22\aws-java-sdk-swf-libraries-1.11.22.jar;C:\Users\tomia\.m2\repository\javax\xml\bind\jaxb-api\2.3.0\jaxb-api-2.3.0.jar;C:\Users\tomia\.m2\repository\org\springframework\boot\spring-boot-starter-security\3.2.4\spring-boot-starter-security-3.2.4.jar;C:\Users\tomia\.m2\repository\org\springframework\spring-aop\6.1.5\spring-aop-6.1.5.jar;C:\Users\tomia\.m2\repository\org\springframework\security\spring-security-config\6.2.3\spring-security-config-6.2.3.jar;C:\Users\tomia\.m2\repository\org\springframework\security\spring-security-core\6.2.3\spring-security-core-6.2.3.jar;C:\Users\tomia\.m2\repository\org\springframework\security\spring-security-crypto\6.2.3\spring-security-crypto-6.2.3.jar;C:\Users\tomia\.m2\repository\org\springframework\security\spring-security-web\6.2.3\spring-security-web-6.2.3.jar;C:\Users\tomia\.m2\repository\com\auth0\java-jwt\4.4.0\java-jwt-4.4.0.jar;C:\Users\tomia\.m2\repository\com\fasterxml\jackson\core\jackson-databind\2.15.4\jackson-databind-2.15.4.jar;C:\Users\tomia\.m2\repository\com\fasterxml\jackson\core\jackson-annotations\2.15.4\jackson-annotations-2.15.4.jar;C:\Users\tomia\.m2\repository\com\fasterxml\jackson\core\jackson-core\2.15.4\jackson-core-2.15.4.jar;C:\Users\tomia\.m2\repository\com\google\code\gson\gson\2.10.1\gson-2.10.1.jar;C:\Users\tomia\.m2\repository\org\springframework\boot\spring-boot-starter-data-jpa\3.2.4\spring-boot-starter-data-jpa-3.2.4.jar;C:\Users\tomia\.m2\repository\org\springframework\boot\spring-boot-starter-aop\3.2.4\spring-boot-starter-aop-3.2.4.jar;C:\Users\tomia\.m2\repository\org\aspectj\aspectjweaver\1.9.21\aspectjweaver-1.9.21.jar;C:\Users\tomia\.m2\repository\org\springframework\boot\spring-boot-starter-jdbc\3.2.4\spring-boot-starter-jdbc-3.2.4.jar;C:\Users\tomia\.m2\repository\com\zaxxer\HikariCP\5.0.1\HikariCP-5.0.1.jar;C:\Users\tomia\.m2\repository\org\springframework\spring-jdbc\6.1.5\spring-jdbc-6.1.5.jar;C:\Users\tomia\.m2\repository\org\hibernate\orm\hibernate-core\6.4.4.Final\hibernate-core-6.4.4.Final.jar;C:\Users\tomia\.m2\repository\jakarta\persistence\jakarta.persistence-api\3.1.0\jakarta.persistence-api-3.1.0.jar;C:\Users\tomia\.m2\repository\jakarta\transaction\jakarta.transaction-api\2.0.1\jakarta.transaction-api-2.0.1.jar;C:\Users\tomia\.m2\repository\org\hibernate\common\hibernate-commons-annotations\6.0.6.Final\hibernate-commons-annotations-6.0.6.Final.jar;C:\Users\tomia\.m2\repository\io\smallrye\jandex\3.1.2\jandex-3.1.2.jar;C:\Users\tomia\.m2\repository\org\glassfish\jaxb\jaxb-runtime\4.0.5\jaxb-runtime-4.0.5.jar;C:\Users\tomia\.m2\repository\org\glassfish\jaxb\jaxb-core\4.0.5\jaxb-core-4.0.5.jar;C:\Users\tomia\.m2\repository\org\eclipse\angus\angus-activation\2.0.2\angus-activation-2.0.2.jar;C:\Users\tomia\.m2\repository\org\glassfish\jaxb\txw2\4.0.5\txw2-4.0.5.jar;C:\Users\tomia\.m2\repository\com\sun\istack\istack-commons-runtime\4.1.2\istack-commons-runtime-4.1.2.jar;C:\Users\tomia\.m2\repository\jakarta\inject\jakarta.inject-api\2.0.1\jakarta.inject-api-2.0.1.jar;C:\Users\tomia\.m2\repository\org\antlr\antlr4-runtime\4.13.0\antlr4-runtime-4.13.0.jar;C:\Users\tomia\.m2\repository\org\springframework\data\spring-data-jpa\3.2.4\spring-data-jpa-3.2.4.jar;C:\Users\tomia\.m2\repository\org\springframework\spring-orm\6.1.5\spring-orm-6.1.5.jar;C:\Users\tomia\.m2\repository\org\springframework\spring-aspects\6.1.5\spring-aspects-6.1.5.jar;C:\Users\tomia\.m2\repository\junit\junit\4.13.2\junit-4.13.2.jar;C:\Users\tomia\.m2\repository\org\hamcrest\hamcrest-core\2.2\hamcrest-core-2.2.jar;"/>
    <property name="sun.cpu.endian" value="little"/>
    <property name="user.home" value="C:\Users\tomia"/>
    <property name="user.language" value="es"/>
    <property name="java.specification.vendor" value="Oracle Corporation"/>
    <property name="java.version.date" value="2024-03-19"/>
    <property name="java.home" value="C:\Program Files\Java\jdk-22"/>
    <property name="file.separator" value="\"/>
    <property name="basedir" value="C:\Users\tomia\Desktop\code\e-commerce\spring-backend"/>
    <property name="java.vm.compressedOopsMode" value="Zero based"/>
    <property name="line.separator" value="&#10;"/>
    <property name="java.vm.specification.vendor" value="Oracle Corporation"/>
    <property name="java.specification.name" value="Java Platform API Specification"/>
    <property name="FILE_LOG_CHARSET" value="UTF-8"/>
    <property name="java.awt.headless" value="true"/>
    <property name="surefire.real.class.path" value="C:\Users\tomia\AppData\Local\Temp\surefire13850011284456643788\surefirebooter-20240920194020427_3.jar"/>
    <property name="user.script" value=""/>
    <property name="sun.management.compiler" value="HotSpot 64-Bit Tiered Compilers"/>
    <property name="java.runtime.version" value="22+36-2370"/>
    <property name="user.name" value="tomia"/>
    <property name="stdout.encoding" value="Cp1252"/>
    <property name="path.separator" value=";"/>
    <property name="os.version" value="10.0"/>
    <property name="java.runtime.name" value="Java(TM) SE Runtime Environment"/>
    <property name="file.encoding" value="UTF-8"/>
    <property name="FILE_LOG_PATTERN" value="%d{yyyy-MM-dd HH:mm:ss} - [%p] - %logger{55} - %msg%n"/>
    <property name="java.vm.name" value="Java HotSpot(TM) 64-Bit Server VM"/>
    <property name="LOG_FILE" value="src/logs/akhanta.log"/>
    <property name="localRepository" value="C:\Users\tomia\.m2\repository"/>
    <property name="java.vendor.url.bug" value="https://bugreport.java.com/bugreport/"/>
    <property name="java.io.tmpdir" value="C:\Users\tomia\AppData\Local\Temp\"/>
    <property name="idea.version" value="2023.3.6"/>
    <property name="com.zaxxer.hikari.pool_number" value="1"/>
    <property name="java.version" value="22"/>
    <property name="user.dir" value="C:\Users\tomia\Desktop\code\e-commerce\spring-backend"/>
    <property name="os.arch" value="amd64"/>
    <property name="java.vm.specification.name" value="Java Virtual Machine Specification"/>
    <property name="PID" value="16292"/>
    <property name="sun.os.patch.level" value=""/>
    <property name="CONSOLE_LOG_CHARSET" value="UTF-8"/>
    <property name="native.encoding" value="Cp1252"/>
    <property name="java.library.path" value="C:\Program Files\Java\jdk-22\bin;C:\WINDOWS\Sun\Java\bin;C:\WINDOWS\system32;C:\WINDOWS;C:\Program Files\Common Files\Oracle\Java\javapath;C:\Python312\Scripts\;C:\Python312\;C:\WINDOWS\system32;C:\WINDOWS;C:\WINDOWS\System32\Wbem;C:\WINDOWS\System32\WindowsPowerShell\v1.0\;C:\WINDOWS\System32\OpenSSH\;C:\Program Files\Git\cmd;C:\Program Files\nodejs\;C:\ProgramData\chocolatey\bin;C:\Program Files\apache-maven-3.9.6\bin;C:\Program Files\Java\jdk-17\bin;;C:\Program Files\Docker\Docker\resources\bin;C:\Program Files\Go\bin;C:\Program Files\dotnet\;C:\Users\tomia\AppData\Local\Microsoft\WindowsApps;C:\Users\tomia\AppData\Local\Programs\Microsoft VS Code\bin;C:\Users\tomia\AppData\Roaming\npm;C:\Program Files\JetBrains\IntelliJ IDEA Community Edition 2023.3.6\bin;;C:\Users\tomia\go\bin;C:\ProgramData\mingw64\mingw64\bin;;."/>
    <property name="java.vm.info" value="mixed mode, sharing"/>
    <property name="stderr.encoding" value="Cp1252"/>
    <property name="java.vendor" value="Oracle Corporation"/>
    <property name="java.vm.version" value="22+36-2370"/>
    <property name="sun.io.unicode.encoding" value="UnicodeLittle"/>
    <property name="java.class.version" value="66.0"/>
    <property name="CONSOLE_LOG_PATTERN" value="%d{yyyy-MM-dd HH:mm:ss} - [%p] - %logger{55} - %msg%n"/>
  </properties>
  <testcase name="contextLoads" classname="com.tomasdev.akhanta.RestApiApplicationTests" time="0.031">
    <error message="Failed to load ApplicationContext for [WebMergedContextConfiguration@537a8915 testClass = com.tomasdev.akhanta.RestApiApplicationTests, locations = [], classes = [com.tomasdev.akhanta.RestApiApplication], contextInitializerClasses = [], activeProfiles = [], propertySourceDescriptors = [], propertySourceProperties = [&quot;org.springframework.boot.test.context.SpringBootTestContextBootstrapper=true&quot;], contextCustomizers = [org.springframework.boot.test.context.filter.ExcludeFilterContextCustomizer@332729ad, org.springframework.boot.test.json.DuplicateJsonObjectContextCustomizerFactory$DuplicateJsonObjectContextCustomizer@6057aebb, org.springframework.boot.test.mock.mockito.MockitoContextCustomizer@0, org.springframework.boot.test.web.client.TestRestTemplateContextCustomizer@7fcf2fc1, org.springframework.boot.test.autoconfigure.actuate.observability.ObservabilityContextCustomizerFactory$DisableObservabilityContextCustomizer@1f, org.springframework.boot.test.autoconfigure.properties.PropertyMappingContextCustomizer@0, org.springframework.boot.test.autoconfigure.web.servlet.WebDriverContextCustomizer@43b9fd5, org.springframework.boot.test.context.SpringBootTestAnnotation@e42c33f5], resourceBasePath = &quot;src/main/webapp&quot;, contextLoader = org.springframework.boot.test.context.SpringBootContextLoader, parent = null]" type="java.lang.IllegalStateException"><![CDATA[java.lang.IllegalStateException: Failed to load ApplicationContext for [WebMergedContextConfiguration@537a8915 testClass = com.tomasdev.akhanta.RestApiApplicationTests, locations = [], classes = [com.tomasdev.akhanta.RestApiApplication], contextInitializerClasses = [], activeProfiles = [], propertySourceDescriptors = [], propertySourceProperties = ["org.springframework.boot.test.context.SpringBootTestContextBootstrapper=true"], contextCustomizers = [org.springframework.boot.test.context.filter.ExcludeFilterContextCustomizer@332729ad, org.springframework.boot.test.json.DuplicateJsonObjectContextCustomizerFactory$DuplicateJsonObjectContextCustomizer@6057aebb, org.springframework.boot.test.mock.mockito.MockitoContextCustomizer@0, org.springframework.boot.test.web.client.TestRestTemplateContextCustomizer@7fcf2fc1, org.springframework.boot.test.autoconfigure.actuate.observability.ObservabilityContextCustomizerFactory$DisableObservabilityContextCustomizer@1f, org.springframework.boot.test.autoconfigure.properties.PropertyMappingContextCustomizer@0, org.springframework.boot.test.autoconfigure.web.servlet.WebDriverContextCustomizer@43b9fd5, org.springframework.boot.test.context.SpringBootTestAnnotation@e42c33f5], resourceBasePath = "src/main/webapp", contextLoader = org.springframework.boot.test.context.SpringBootContextLoader, parent = null]
	at org.springframework.test.context.cache.DefaultCacheAwareContextLoaderDelegate.loadContext(DefaultCacheAwareContextLoaderDelegate.java:180)
	at org.springframework.test.context.support.DefaultTestContext.getApplicationContext(DefaultTestContext.java:130)
	at org.springframework.test.context.web.ServletTestExecutionListener.setUpRequestContextIfNecessary(ServletTestExecutionListener.java:191)
	at org.springframework.test.context.web.ServletTestExecutionListener.prepareTestInstance(ServletTestExecutionListener.java:130)
	at org.springframework.test.context.TestContextManager.prepareTestInstance(TestContextManager.java:260)
	at org.springframework.test.context.junit.jupiter.SpringExtension.postProcessTestInstance(SpringExtension.java:163)
	at java.base/java.util.stream.ReferencePipeline$3$1.accept(ReferencePipeline.java:212)
	at java.base/java.util.stream.ReferencePipeline$2$1.accept(ReferencePipeline.java:194)
	at java.base/java.util.ArrayList$ArrayListSpliterator.forEachRemaining(ArrayList.java:1709)
	at java.base/java.util.stream.AbstractPipeline.copyInto(AbstractPipeline.java:556)
	at java.base/java.util.stream.AbstractPipeline.wrapAndCopyInto(AbstractPipeline.java:546)
	at java.base/java.util.stream.StreamSpliterators$WrappingSpliterator.forEachRemaining(StreamSpliterators.java:310)
	at java.base/java.util.stream.Streams$ConcatSpliterator.forEachRemaining(Streams.java:735)
	at java.base/java.util.stream.Streams$ConcatSpliterator.forEachRemaining(Streams.java:734)
	at java.base/java.util.stream.ReferencePipeline$Head.forEach(ReferencePipeline.java:782)
	at java.base/java.util.Optional.orElseGet(Optional.java:364)
	at java.base/java.util.ArrayList.forEach(ArrayList.java:1597)
	at java.base/java.util.ArrayList.forEach(ArrayList.java:1597)
Caused by: org.springframework.beans.factory.UnsatisfiedDependencyException: Error creating bean with name 'adminController' defined in file [C:\Users\tomia\Desktop\code\e-commerce\spring-backend\target\classes\com\tomasdev\akhanta\admin\AdminController.class]: Unsatisfied dependency expressed through constructor parameter 0: Error creating bean with name 'categoryServiceImpl' defined in file [C:\Users\tomia\Desktop\code\e-commerce\spring-backend\target\classes\com\tomasdev\akhanta\product\categories\CategoryServiceImpl.class]: Unsatisfied dependency expressed through constructor parameter 0: Error creating bean with name 'categoryRepository' defined in com.tomasdev.akhanta.product.categories.CategoryRepository defined in @EnableMongoRepositories declared on MongoRepositoriesRegistrar.EnableMongoRepositoriesConfiguration: Cannot resolve reference to bean 'mongoTemplate' while setting bean property 'mongoOperations'
	at org.springframework.beans.factory.support.ConstructorResolver.createArgumentArray(ConstructorResolver.java:795)
	at org.springframework.beans.factory.support.ConstructorResolver.autowireConstructor(ConstructorResolver.java:237)
	at org.springframework.beans.factory.support.AbstractAutowireCapableBeanFactory.autowireConstructor(AbstractAutowireCapableBeanFactory.java:1355)
	at org.springframework.beans.factory.support.AbstractAutowireCapableBeanFactory.createBeanInstance(AbstractAutowireCapableBeanFactory.java:1192)
	at org.springframework.beans.factory.support.AbstractAutowireCapableBeanFactory.doCreateBean(AbstractAutowireCapableBeanFactory.java:562)
	at org.springframework.beans.factory.support.AbstractAutowireCapableBeanFactory.createBean(AbstractAutowireCapableBeanFactory.java:522)
	at org.springframework.beans.factory.support.AbstractBeanFactory.lambda$doGetBean$0(AbstractBeanFactory.java:326)
	at org.springframework.beans.factory.support.DefaultSingletonBeanRegistry.getSingleton(DefaultSingletonBeanRegistry.java:234)
	at org.springframework.beans.factory.support.AbstractBeanFactory.doGetBean(AbstractBeanFactory.java:324)
	at org.springframework.beans.factory.support.AbstractBeanFactory.getBean(AbstractBeanFactory.java:200)
	at org.springframework.beans.factory.support.DefaultListableBeanFactory.preInstantiateSingletons(DefaultListableBeanFactory.java:975)
	at org.springframework.context.support.AbstractApplicationContext.finishBeanFactoryInitialization(AbstractApplicationContext.java:962)
	at org.springframework.context.support.AbstractApplicationContext.refresh(AbstractApplicationContext.java:624)
	at org.springframework.boot.SpringApplication.refresh(SpringApplication.java:754)
	at org.springframework.boot.SpringApplication.refreshContext(SpringApplication.java:456)
	at org.springframework.boot.SpringApplication.run(SpringApplication.java:334)
	at org.springframework.boot.test.context.SpringBootContextLoader.lambda$loadContext$3(SpringBootContextLoader.java:137)
	at org.springframework.util.function.ThrowingSupplier.get(ThrowingSupplier.java:58)
	at org.springframework.util.function.ThrowingSupplier.get(ThrowingSupplier.java:46)
	at org.springframework.boot.SpringApplication.withHook(SpringApplication.java:1454)
	at org.springframework.boot.test.context.SpringBootContextLoader$ContextLoaderHook.run(SpringBootContextLoader.java:553)
	at org.springframework.boot.test.context.SpringBootContextLoader.loadContext(SpringBootContextLoader.java:137)
	at org.springframework.boot.test.context.SpringBootContextLoader.loadContext(SpringBootContextLoader.java:108)
	at org.springframework.test.context.cache.DefaultCacheAwareContextLoaderDelegate.loadContextInternal(DefaultCacheAwareContextLoaderDelegate.java:225)
	at org.springframework.test.context.cache.DefaultCacheAwareContextLoaderDelegate.loadContext(DefaultCacheAwareContextLoaderDelegate.java:152)
	... 17 more
Caused by: org.springframework.beans.factory.UnsatisfiedDependencyException: Error creating bean with name 'categoryServiceImpl' defined in file [C:\Users\tomia\Desktop\code\e-commerce\spring-backend\target\classes\com\tomasdev\akhanta\product\categories\CategoryServiceImpl.class]: Unsatisfied dependency expressed through constructor parameter 0: Error creating bean with name 'categoryRepository' defined in com.tomasdev.akhanta.product.categories.CategoryRepository defined in @EnableMongoRepositories declared on MongoRepositoriesRegistrar.EnableMongoRepositoriesConfiguration: Cannot resolve reference to bean 'mongoTemplate' while setting bean property 'mongoOperations'
	at org.springframework.beans.factory.support.ConstructorResolver.createArgumentArray(ConstructorResolver.java:795)
	at org.springframework.beans.factory.support.ConstructorResolver.autowireConstructor(ConstructorResolver.java:237)
	at org.springframework.beans.factory.support.AbstractAutowireCapableBeanFactory.autowireConstructor(AbstractAutowireCapableBeanFactory.java:1355)
	at org.springframework.beans.factory.support.AbstractAutowireCapableBeanFactory.createBeanInstance(AbstractAutowireCapableBeanFactory.java:1192)
	at org.springframework.beans.factory.support.AbstractAutowireCapableBeanFactory.doCreateBean(AbstractAutowireCapableBeanFactory.java:562)
	at org.springframework.beans.factory.support.AbstractAutowireCapableBeanFactory.createBean(AbstractAutowireCapableBeanFactory.java:522)
	at org.springframework.beans.factory.support.AbstractBeanFactory.lambda$doGetBean$0(AbstractBeanFactory.java:326)
	at org.springframework.beans.factory.support.DefaultSingletonBeanRegistry.getSingleton(DefaultSingletonBeanRegistry.java:234)
	at org.springframework.beans.factory.support.AbstractBeanFactory.doGetBean(AbstractBeanFactory.java:324)
	at org.springframework.beans.factory.support.AbstractBeanFactory.getBean(AbstractBeanFactory.java:200)
	at org.springframework.beans.factory.config.DependencyDescriptor.resolveCandidate(DependencyDescriptor.java:254)
	at org.springframework.beans.factory.support.DefaultListableBeanFactory.doResolveDependency(DefaultListableBeanFactory.java:1443)
	at org.springframework.beans.factory.support.DefaultListableBeanFactory.resolveDependency(DefaultListableBeanFactory.java:1353)
	at org.springframework.beans.factory.support.ConstructorResolver.resolveAutowiredArgument(ConstructorResolver.java:904)
	at org.springframework.beans.factory.support.ConstructorResolver.createArgumentArray(ConstructorResolver.java:782)
	... 41 more
Caused by: org.springframework.beans.factory.BeanCreationException: Error creating bean with name 'categoryRepository' defined in com.tomasdev.akhanta.product.categories.CategoryRepository defined in @EnableMongoRepositories declared on MongoRepositoriesRegistrar.EnableMongoRepositoriesConfiguration: Cannot resolve reference to bean 'mongoTemplate' while setting bean property 'mongoOperations'
	at org.springframework.beans.factory.support.BeanDefinitionValueResolver.resolveReference(BeanDefinitionValueResolver.java:377)
	at org.springframework.beans.factory.support.BeanDefinitionValueResolver.resolveValueIfNecessary(BeanDefinitionValueResolver.java:135)
	at org.springframework.beans.factory.support.AbstractAutowireCapableBeanFactory.applyPropertyValues(AbstractAutowireCapableBeanFactory.java:1685)
	at org.springframework.beans.factory.support.AbstractAutowireCapableBeanFactory.populateBean(AbstractAutowireCapableBeanFactory.java:1434)
	at org.springframework.beans.factory.support.AbstractAutowireCapableBeanFactory.doCreateBean(AbstractAutowireCapableBeanFactory.java:599)
	at org.springframework.beans.factory.support.AbstractAutowireCapableBeanFactory.createBean(AbstractAutowireCapableBeanFactory.java:522)
	at org.springframework.beans.factory.support.AbstractBeanFactory.lambda$doGetBean$0(AbstractBeanFactory.java:326)
	at org.springframework.beans.factory.support.DefaultSingletonBeanRegistry.getSingleton(DefaultSingletonBeanRegistry.java:234)
	at org.springframework.beans.factory.support.AbstractBeanFactory.doGetBean(AbstractBeanFactory.java:324)
	at org.springframework.beans.factory.support.AbstractBeanFactory.getBean(AbstractBeanFactory.java:200)
	at org.springframework.beans.factory.config.DependencyDescriptor.resolveCandidate(DependencyDescriptor.java:254)
	at org.springframework.beans.factory.support.DefaultListableBeanFactory.doResolveDependency(DefaultListableBeanFactory.java:1443)
	at org.springframework.beans.factory.support.DefaultListableBeanFactory.resolveDependency(DefaultListableBeanFactory.java:1353)
	at org.springframework.beans.factory.support.ConstructorResolver.resolveAutowiredArgument(ConstructorResolver.java:904)
	at org.springframework.beans.factory.support.ConstructorResolver.createArgumentArray(ConstructorResolver.java:782)
	... 55 more
Caused by: org.springframework.beans.factory.UnsatisfiedDependencyException: Error creating bean with name 'mongoTemplate' defined in class path resource [org/springframework/boot/autoconfigure/data/mongo/MongoDatabaseFactoryDependentConfiguration.class]: Unsatisfied dependency expressed through method 'mongoTemplate' parameter 0: Error creating bean with name 'mongoDatabaseFactory' defined in class path resource [org/springframework/boot/autoconfigure/data/mongo/MongoDatabaseFactoryConfiguration.class]: Unsatisfied dependency expressed through method 'mongoDatabaseFactory' parameter 0: Error creating bean with name 'mongo' defined in class path resource [org/springframework/boot/autoconfigure/mongo/MongoAutoConfiguration.class]: Failed to instantiate [com.mongodb.client.MongoClient]: Factory method 'mongo' threw exception with message: Error creating bean with name 'standardMongoSettingsCustomizer' defined in class path resource [org/springframework/boot/autoconfigure/mongo/MongoAutoConfiguration$MongoClientSettingsConfiguration.class]: Failed to instantiate [org.springframework.boot.autoconfigure.mongo.StandardMongoClientSettingsBuilderCustomizer]: Factory method 'standardMongoSettingsCustomizer' threw exception with message: The connection string is invalid. Connection strings must start with either 'mongodb://' or 'mongodb+srv://
	at org.springframework.beans.factory.support.ConstructorResolver.createArgumentArray(ConstructorResolver.java:795)
	at org.springframework.beans.factory.support.ConstructorResolver.instantiateUsingFactoryMethod(ConstructorResolver.java:542)
	at org.springframework.beans.factory.support.AbstractAutowireCapableBeanFactory.instantiateUsingFactoryMethod(AbstractAutowireCapableBeanFactory.java:1335)
	at org.springframework.beans.factory.support.AbstractAutowireCapableBeanFactory.createBeanInstance(AbstractAutowireCapableBeanFactory.java:1165)
	at org.springframework.beans.factory.support.AbstractAutowireCapableBeanFactory.doCreateBean(AbstractAutowireCapableBeanFactory.java:562)
	at org.springframework.beans.factory.support.AbstractAutowireCapableBeanFactory.createBean(AbstractAutowireCapableBeanFactory.java:522)
	at org.springframework.beans.factory.support.AbstractBeanFactory.lambda$doGetBean$0(AbstractBeanFactory.java:326)
	at org.springframework.beans.factory.support.DefaultSingletonBeanRegistry.getSingleton(DefaultSingletonBeanRegistry.java:234)
	at org.springframework.beans.factory.support.AbstractBeanFactory.doGetBean(AbstractBeanFactory.java:324)
	at org.springframework.beans.factory.support.AbstractBeanFactory.getBean(AbstractBeanFactory.java:200)
	at org.springframework.beans.factory.support.BeanDefinitionValueResolver.resolveReference(BeanDefinitionValueResolver.java:365)
	... 69 more
Caused by: org.springframework.beans.factory.UnsatisfiedDependencyException: Error creating bean with name 'mongoDatabaseFactory' defined in class path resource [org/springframework/boot/autoconfigure/data/mongo/MongoDatabaseFactoryConfiguration.class]: Unsatisfied dependency expressed through method 'mongoDatabaseFactory' parameter 0: Error creating bean with name 'mongo' defined in class path resource [org/springframework/boot/autoconfigure/mongo/MongoAutoConfiguration.class]: Failed to instantiate [com.mongodb.client.MongoClient]: Factory method 'mongo' threw exception with message: Error creating bean with name 'standardMongoSettingsCustomizer' defined in class path resource [org/springframework/boot/autoconfigure/mongo/MongoAutoConfiguration$MongoClientSettingsConfiguration.class]: Failed to instantiate [org.springframework.boot.autoconfigure.mongo.StandardMongoClientSettingsBuilderCustomizer]: Factory method 'standardMongoSettingsCustomizer' threw exception with message: The connection string is invalid. Connection strings must start with either 'mongodb://' or 'mongodb+srv://
	at org.springframework.beans.factory.support.ConstructorResolver.createArgumentArray(ConstructorResolver.java:795)
	at org.springframework.beans.factory.support.ConstructorResolver.instantiateUsingFactoryMethod(ConstructorResolver.java:542)
	at org.springframework.beans.factory.support.AbstractAutowireCapableBeanFactory.instantiateUsingFactoryMethod(AbstractAutowireCapableBeanFactory.java:1335)
	at org.springframework.beans.factory.support.AbstractAutowireCapableBeanFactory.createBeanInstance(AbstractAutowireCapableBeanFactory.java:1165)
	at org.springframework.beans.factory.support.AbstractAutowireCapableBeanFactory.doCreateBean(AbstractAutowireCapableBeanFactory.java:562)
	at org.springframework.beans.factory.support.AbstractAutowireCapableBeanFactory.createBean(AbstractAutowireCapableBeanFactory.java:522)
	at org.springframework.beans.factory.support.AbstractBeanFactory.lambda$doGetBean$0(AbstractBeanFactory.java:326)
	at org.springframework.beans.factory.support.DefaultSingletonBeanRegistry.getSingleton(DefaultSingletonBeanRegistry.java:234)
	at org.springframework.beans.factory.support.AbstractBeanFactory.doGetBean(AbstractBeanFactory.java:324)
	at org.springframework.beans.factory.support.AbstractBeanFactory.getBean(AbstractBeanFactory.java:200)
	at org.springframework.beans.factory.config.DependencyDescriptor.resolveCandidate(DependencyDescriptor.java:254)
	at org.springframework.beans.factory.support.DefaultListableBeanFactory.doResolveDependency(DefaultListableBeanFactory.java:1443)
	at org.springframework.beans.factory.support.DefaultListableBeanFactory.resolveDependency(DefaultListableBeanFactory.java:1353)
	at org.springframework.beans.factory.support.ConstructorResolver.resolveAutowiredArgument(ConstructorResolver.java:904)
	at org.springframework.beans.factory.support.ConstructorResolver.createArgumentArray(ConstructorResolver.java:782)
	... 79 more
Caused by: org.springframework.beans.factory.BeanCreationException: Error creating bean with name 'mongo' defined in class path resource [org/springframework/boot/autoconfigure/mongo/MongoAutoConfiguration.class]: Failed to instantiate [com.mongodb.client.MongoClient]: Factory method 'mongo' threw exception with message: Error creating bean with name 'standardMongoSettingsCustomizer' defined in class path resource [org/springframework/boot/autoconfigure/mongo/MongoAutoConfiguration$MongoClientSettingsConfiguration.class]: Failed to instantiate [org.springframework.boot.autoconfigure.mongo.StandardMongoClientSettingsBuilderCustomizer]: Factory method 'standardMongoSettingsCustomizer' threw exception with message: The connection string is invalid. Connection strings must start with either 'mongodb://' or 'mongodb+srv://
	at org.springframework.beans.factory.support.ConstructorResolver.instantiate(ConstructorResolver.java:648)
	at org.springframework.beans.factory.support.ConstructorResolver.instantiateUsingFactoryMethod(ConstructorResolver.java:636)
	at org.springframework.beans.factory.support.AbstractAutowireCapableBeanFactory.instantiateUsingFactoryMethod(AbstractAutowireCapableBeanFactory.java:1335)
	at org.springframework.beans.factory.support.AbstractAutowireCapableBeanFactory.createBeanInstance(AbstractAutowireCapableBeanFactory.java:1165)
	at org.springframework.beans.factory.support.AbstractAutowireCapableBeanFactory.doCreateBean(AbstractAutowireCapableBeanFactory.java:562)
	at org.springframework.beans.factory.support.AbstractAutowireCapableBeanFactory.createBean(AbstractAutowireCapableBeanFactory.java:522)
	at org.springframework.beans.factory.support.AbstractBeanFactory.lambda$doGetBean$0(AbstractBeanFactory.java:326)
	at org.springframework.beans.factory.support.DefaultSingletonBeanRegistry.getSingleton(DefaultSingletonBeanRegistry.java:234)
	at org.springframework.beans.factory.support.AbstractBeanFactory.doGetBean(AbstractBeanFactory.java:324)
	at org.springframework.beans.factory.support.AbstractBeanFactory.getBean(AbstractBeanFactory.java:200)
	at org.springframework.beans.factory.config.DependencyDescriptor.resolveCandidate(DependencyDescriptor.java:254)
	at org.springframework.beans.factory.support.DefaultListableBeanFactory.doResolveDependency(DefaultListableBeanFactory.java:1443)
	at org.springframework.beans.factory.support.DefaultListableBeanFactory.resolveDependency(DefaultListableBeanFactory.java:1353)
	at org.springframework.beans.factory.support.ConstructorResolver.resolveAutowiredArgument(ConstructorResolver.java:904)
	at org.springframework.beans.factory.support.ConstructorResolver.createArgumentArray(ConstructorResolver.java:782)
	... 93 more
Caused by: org.springframework.beans.BeanInstantiationException: Failed to instantiate [com.mongodb.client.MongoClient]: Factory method 'mongo' threw exception with message: Error creating bean with name 'standardMongoSettingsCustomizer' defined in class path resource [org/springframework/boot/autoconfigure/mongo/MongoAutoConfiguration$MongoClientSettingsConfiguration.class]: Failed to instantiate [org.springframework.boot.autoconfigure.mongo.StandardMongoClientSettingsBuilderCustomizer]: Factory method 'standardMongoSettingsCustomizer' threw exception with message: The connection string is invalid. Connection strings must start with either 'mongodb://' or 'mongodb+srv://
	at org.springframework.beans.factory.support.SimpleInstantiationStrategy.instantiate(SimpleInstantiationStrategy.java:177)
	at org.springframework.beans.factory.support.ConstructorResolver.instantiate(ConstructorResolver.java:644)
	... 107 more
Caused by: org.springframework.beans.factory.BeanCreationException: Error creating bean with name 'standardMongoSettingsCustomizer' defined in class path resource [org/springframework/boot/autoconfigure/mongo/MongoAutoConfiguration$MongoClientSettingsConfiguration.class]: Failed to instantiate [org.springframework.boot.autoconfigure.mongo.StandardMongoClientSettingsBuilderCustomizer]: Factory method 'standardMongoSettingsCustomizer' threw exception with message: The connection string is invalid. Connection strings must start with either 'mongodb://' or 'mongodb+srv://
	at org.springframework.beans.factory.support.ConstructorResolver.instantiate(ConstructorResolver.java:648)
	at org.springframework.beans.factory.support.ConstructorResolver.instantiateUsingFactoryMethod(ConstructorResolver.java:636)
	at org.springframework.beans.factory.support.AbstractAutowireCapableBeanFactory.instantiateUsingFactoryMethod(AbstractAutowireCapableBeanFactory.java:1335)
	at org.springframework.beans.factory.support.AbstractAutowireCapableBeanFactory.createBeanInstance(AbstractAutowireCapableBeanFactory.java:1165)
	at org.springframework.beans.factory.support.AbstractAutowireCapableBeanFactory.doCreateBean(AbstractAutowireCapableBeanFactory.java:562)
	at org.springframework.beans.factory.support.AbstractAutowireCapableBeanFactory.createBean(AbstractAutowireCapableBeanFactory.java:522)
	at org.springframework.beans.factory.support.AbstractBeanFactory.lambda$doGetBean$0(AbstractBeanFactory.java:326)
	at org.springframework.beans.factory.support.DefaultSingletonBeanRegistry.getSingleton(DefaultSingletonBeanRegistry.java:234)
	at org.springframework.beans.factory.support.AbstractBeanFactory.doGetBean(AbstractBeanFactory.java:324)
	at org.springframework.beans.factory.support.AbstractBeanFactory.getBean(AbstractBeanFactory.java:200)
	at org.springframework.beans.factory.config.DependencyDescriptor.resolveCandidate(DependencyDescriptor.java:254)
	at org.springframework.beans.factory.support.DefaultListableBeanFactory.addCandidateEntry(DefaultListableBeanFactory.java:1696)
	at org.springframework.beans.factory.support.DefaultListableBeanFactory.findAutowireCandidates(DefaultListableBeanFactory.java:1653)
	at org.springframework.beans.factory.support.DefaultListableBeanFactory.resolveMultipleBeans(DefaultListableBeanFactory.java:1470)
	at org.springframework.beans.factory.support.DefaultListableBeanFactory.doResolveDependency(DefaultListableBeanFactory.java:1392)
	at org.springframework.beans.factory.support.DefaultListableBeanFactory$DependencyObjectProvider.resolveStream(DefaultListableBeanFactory.java:2198)
	at org.springframework.beans.factory.support.DefaultListableBeanFactory$DependencyObjectProvider.orderedStream(DefaultListableBeanFactory.java:2192)
	at org.springframework.boot.autoconfigure.mongo.MongoAutoConfiguration.mongo(MongoAutoConfiguration.java:59)
	at java.base/java.lang.reflect.Method.invoke(Method.java:580)
	at org.springframework.beans.factory.support.SimpleInstantiationStrategy.instantiate(SimpleInstantiationStrategy.java:140)
	... 108 more
Caused by: org.springframework.beans.BeanInstantiationException: Failed to instantiate [org.springframework.boot.autoconfigure.mongo.StandardMongoClientSettingsBuilderCustomizer]: Factory method 'standardMongoSettingsCustomizer' threw exception with message: The connection string is invalid. Connection strings must start with either 'mongodb://' or 'mongodb+srv://
	at org.springframework.beans.factory.support.SimpleInstantiationStrategy.instantiate(SimpleInstantiationStrategy.java:177)
	at org.springframework.beans.factory.support.ConstructorResolver.instantiate(ConstructorResolver.java:644)
	... 127 more
Caused by: java.lang.IllegalArgumentException: The connection string is invalid. Connection strings must start with either 'mongodb://' or 'mongodb+srv://
	at com.mongodb.ConnectionString.<init>(ConnectionString.java:340)
	at com.mongodb.ConnectionString.<init>(ConnectionString.java:321)
	at org.springframework.boot.autoconfigure.mongo.PropertiesMongoConnectionDetails.getConnectionString(PropertiesMongoConnectionDetails.java:47)
	at org.springframework.boot.autoconfigure.mongo.MongoAutoConfiguration$MongoClientSettingsConfiguration.standardMongoSettingsCustomizer(MongoAutoConfiguration.java:74)
	at java.base/java.lang.reflect.Method.invoke(Method.java:580)
	at org.springframework.beans.factory.support.SimpleInstantiationStrategy.instantiate(SimpleInstantiationStrategy.java:140)
	... 128 more
]]></error>
    <system-out><![CDATA[19:40:22.265 [main] INFO org.springframework.test.context.support.AnnotationConfigContextLoaderUtils -- Could not detect default configuration classes for test class [com.tomasdev.akhanta.RestApiApplicationTests]: RestApiApplicationTests does not declare any static, non-private, non-final, nested classes annotated with @Configuration.
19:40:22.572 [main] INFO org.springframework.boot.test.context.SpringBootTestContextBootstrapper -- Found @SpringBootConfiguration com.tomasdev.akhanta.RestApiApplication for test class com.tomasdev.akhanta.RestApiApplicationTests

  .   ____          _            __ _ _
 /\\ / ___'_ __ _ _(_)_ __  __ _ \ \ \ \
( ( )\___ | '_ | '_| | '_ \/ _` | \ \ \ \
 \\/  ___)| |_)| | | | | || (_| |  ) ) ) )
  '  |____| .__|_| |_|_| |_\__, | / / / /
 =========|_|==============|___/=/_/_/_/
 :: Spring Boot ::                (v3.2.4)

2024-09-20 19:40:23 - [INFO] - com.tomasdev.akhanta.RestApiApplicationTests - Starting RestApiApplicationTests using Java 22 with PID 16292 (started by tomia in C:\Users\tomia\Desktop\code\e-commerce\spring-backend)
2024-09-20 19:40:23 - [INFO] - com.tomasdev.akhanta.RestApiApplicationTests - No active profile set, falling back to 1 default profile: "default"
2024-09-20 19:40:24 - [INFO] - o.s.d.repository.config.RepositoryConfigurationDelegate - Multiple Spring Data modules found, entering strict repository configuration mode
2024-09-20 19:40:24 - [INFO] - o.s.d.repository.config.RepositoryConfigurationDelegate - Bootstrapping Spring Data JPA repositories in DEFAULT mode.
2024-09-20 19:40:24 - [INFO] - o.s.d.r.config.RepositoryConfigurationExtensionSupport - Spring Data JPA - Could not safely identify store assignment for repository candidate interface com.tomasdev.akhanta.cart.CartRepository; If you want this repository to be a JPA repository, consider annotating your entities with one of these annotations: jakarta.persistence.Entity, jakarta.persistence.MappedSuperclass (preferred), or consider extending one of the following types with your repository: org.springframework.data.jpa.repository.JpaRepository
2024-09-20 19:40:24 - [INFO] - o.s.d.r.config.RepositoryConfigurationExtensionSupport - Spring Data JPA - Could not safely identify store assignment for repository candidate interface com.tomasdev.akhanta.orders.ShopOrderRepository; If you want this repository to be a JPA repository, consider annotating your entities with one of these annotations: jakarta.persistence.Entity, jakarta.persistence.MappedSuperclass (preferred), or consider extending one of the following types with your repository: org.springframework.data.jpa.repository.JpaRepository
2024-09-20 19:40:24 - [INFO] - o.s.d.r.config.RepositoryConfigurationExtensionSupport - Spring Data JPA - Could not safely identify store assignment for repository candidate interface com.tomasdev.akhanta.product.categories.CategoryRepository; If you want this repository to be a JPA repository, consider annotating your entities with one of these annotations: jakarta.persistence.Entity, jakarta.persistence.MappedSuperclass (preferred), or consider extending one of the following types with your repository: org.springframework.data.jpa.repository.JpaRepository
2024-09-20 19:40:24 - [INFO] - o.s.d.r.config.RepositoryConfigurationExtensionSupport - Spring Data JPA - Could not safely identify store assignment for repository candidate interface com.tomasdev.akhanta.product.ProductRepository; If you want this repository to be a JPA repository, consider annotating your entities with one of these annotations: jakarta.persistence.Entity, jakarta.persistence.MappedSuperclass (preferred), or consider extending one of the following types with your repository: org.springframework.data.jpa.repository.JpaRepository
2024-09-20 19:40:24 - [INFO] - o.s.d.r.config.RepositoryConfigurationExtensionSupport - Spring Data JPA - Could not safely identify store assignment for repository candidate interface com.tomasdev.akhanta.shop.ShopRepository; If you want this repository to be a JPA repository, consider annotating your entities with one of these annotations: jakarta.persistence.Entity, jakarta.persistence.MappedSuperclass (preferred), or consider extending one of the following types with your repository: org.springframework.data.jpa.repository.JpaRepository
2024-09-20 19:40:24 - [INFO] - o.s.d.r.config.RepositoryConfigurationExtensionSupport - Spring Data JPA - Could not safely identify store assignment for repository candidate interface com.tomasdev.akhanta.user.UserRepository; If you want this repository to be a JPA repository, consider annotating your entities with one of these annotations: jakarta.persistence.Entity, jakarta.persistence.MappedSuperclass (preferred), or consider extending one of the following types with your repository: org.springframework.data.jpa.repository.JpaRepository
2024-09-20 19:40:24 - [INFO] - o.s.d.repository.config.RepositoryConfigurationDelegate - Finished Spring Data repository scanning in 139 ms. Found 1 JPA repository interface.
2024-09-20 19:40:25 - [INFO] - o.s.d.repository.config.RepositoryConfigurationDelegate - Multiple Spring Data modules found, entering strict repository configuration mode
2024-09-20 19:40:25 - [INFO] - o.s.d.repository.config.RepositoryConfigurationDelegate - Bootstrapping Spring Data MongoDB repositories in DEFAULT mode.
2024-09-20 19:40:25 - [INFO] - o.s.d.r.config.RepositoryConfigurationExtensionSupport - Spring Data MongoDB - Could not safely identify store assignment for repository candidate interface com.tomasdev.akhanta.security.jwt.TokenBlacklistRepository; If you want this repository to be a MongoDB repository, consider annotating your entities with one of these annotations: org.springframework.data.mongodb.core.mapping.Document (preferred), or consider extending one of the following types with your repository: org.springframework.data.mongodb.repository.MongoRepository
2024-09-20 19:40:25 - [INFO] - o.s.d.repository.config.RepositoryConfigurationDelegate - Finished Spring Data repository scanning in 87 ms. Found 6 MongoDB repository interfaces.
2024-09-20 19:40:26 - [INFO] - org.hibernate.jpa.internal.util.LogHelper - HHH000204: Processing PersistenceUnitInfo [name: default]
2024-09-20 19:40:26 - [INFO] - org.hibernate.Version - HHH000412: Hibernate ORM core version 6.4.4.Final
2024-09-20 19:40:26 - [INFO] - org.hibernate.cache.internal.RegionFactoryInitiator - HHH000026: Second-level cache disabled
2024-09-20 19:40:26 - [INFO] - o.s.orm.jpa.persistenceunit.SpringPersistenceUnitInfo - No LoadTimeWeaver setup: ignoring JPA class transformer
2024-09-20 19:40:26 - [INFO] - com.zaxxer.hikari.HikariDataSource - HikariPool-1 - Starting...
2024-09-20 19:40:27 - [INFO] - com.zaxxer.hikari.pool.HikariPool - HikariPool-1 - Added connection org.postgresql.jdbc.PgConnection@8af1c49
2024-09-20 19:40:27 - [INFO] - com.zaxxer.hikari.HikariDataSource - HikariPool-1 - Start completed.
2024-09-20 19:40:27 - [WARN] - org.hibernate.orm.deprecation - HHH90000025: PostgreSQLDialect does not need to be specified explicitly using 'hibernate.dialect' (remove the property setting and it will be selected by default)
2024-09-20 19:40:28 - [INFO] - o.h.e.t.jta.platform.internal.JtaPlatformInitiator - HHH000489: No JTA platform available (set 'hibernate.transaction.jta.platform' to enable JTA platform integration)
2024-09-20 19:40:28 - [WARN] - org.hibernate.engine.jdbc.spi.SqlExceptionHelper - SQL Warning Code: 0, SQLState: 00000
2024-09-20 19:40:28 - [WARN] - org.hibernate.engine.jdbc.spi.SqlExceptionHelper - table "token_blacklist" does not exist, skipping
2024-09-20 19:40:28 - [WARN] - org.hibernate.engine.jdbc.spi.SqlExceptionHelper - SQL Warning Code: 0, SQLState: 00000
2024-09-20 19:40:28 - [WARN] - org.hibernate.engine.jdbc.spi.SqlExceptionHelper - sequence "token_blacklist_seq" does not exist, skipping
2024-09-20 19:40:28 - [INFO] - o.s.orm.jpa.LocalContainerEntityManagerFactoryBean - Initialized JPA EntityManagerFactory for persistence unit 'default'
2024-09-20 19:40:28 - [WARN] - o.s.web.context.support.GenericWebApplicationContext - Exception encountered during context initialization - cancelling refresh attempt: org.springframework.beans.factory.UnsatisfiedDependencyException: Error creating bean with name 'adminController' defined in file [C:\Users\tomia\Desktop\code\e-commerce\spring-backend\target\classes\com\tomasdev\akhanta\admin\AdminController.class]: Unsatisfied dependency expressed through constructor parameter 0: Error creating bean with name 'categoryServiceImpl' defined in file [C:\Users\tomia\Desktop\code\e-commerce\spring-backend\target\classes\com\tomasdev\akhanta\product\categories\CategoryServiceImpl.class]: Unsatisfied dependency expressed through constructor parameter 0: Error creating bean with name 'categoryRepository' defined in com.tomasdev.akhanta.product.categories.CategoryRepository defined in @EnableMongoRepositories declared on MongoRepositoriesRegistrar.EnableMongoRepositoriesConfiguration: Cannot resolve reference to bean 'mongoTemplate' while setting bean property 'mongoOperations'
2024-09-20 19:40:28 - [INFO] - o.s.orm.jpa.LocalContainerEntityManagerFactoryBean - Closing JPA EntityManagerFactory for persistence unit 'default'
2024-09-20 19:40:28 - [INFO] - com.zaxxer.hikari.HikariDataSource - HikariPool-1 - Shutdown initiated...
2024-09-20 19:40:29 - [INFO] - com.zaxxer.hikari.HikariDataSource - HikariPool-1 - Shutdown completed.
2024-09-20 19:40:29 - [INFO] - o.s.b.a.logging.ConditionEvaluationReportLogger - 

Error starting ApplicationContext. To display the condition evaluation report re-run your application with 'debug' enabled.
2024-09-20 19:40:29 - [ERROR] - org.springframework.boot.SpringApplication - Application run failed
org.springframework.beans.factory.UnsatisfiedDependencyException: Error creating bean with name 'adminController' defined in file [C:\Users\tomia\Desktop\code\e-commerce\spring-backend\target\classes\com\tomasdev\akhanta\admin\AdminController.class]: Unsatisfied dependency expressed through constructor parameter 0: Error creating bean with name 'categoryServiceImpl' defined in file [C:\Users\tomia\Desktop\code\e-commerce\spring-backend\target\classes\com\tomasdev\akhanta\product\categories\CategoryServiceImpl.class]: Unsatisfied dependency expressed through constructor parameter 0: Error creating bean with name 'categoryRepository' defined in com.tomasdev.akhanta.product.categories.CategoryRepository defined in @EnableMongoRepositories declared on MongoRepositoriesRegistrar.EnableMongoRepositoriesConfiguration: Cannot resolve reference to bean 'mongoTemplate' while setting bean property 'mongoOperations'
	at org.springframework.beans.factory.support.ConstructorResolver.createArgumentArray(ConstructorResolver.java:795)
	at org.springframework.beans.factory.support.ConstructorResolver.autowireConstructor(ConstructorResolver.java:237)
	at org.springframework.beans.factory.support.AbstractAutowireCapableBeanFactory.autowireConstructor(AbstractAutowireCapableBeanFactory.java:1355)
	at org.springframework.beans.factory.support.AbstractAutowireCapableBeanFactory.createBeanInstance(AbstractAutowireCapableBeanFactory.java:1192)
	at org.springframework.beans.factory.support.AbstractAutowireCapableBeanFactory.doCreateBean(AbstractAutowireCapableBeanFactory.java:562)
	at org.springframework.beans.factory.support.AbstractAutowireCapableBeanFactory.createBean(AbstractAutowireCapableBeanFactory.java:522)
	at org.springframework.beans.factory.support.AbstractBeanFactory.lambda$doGetBean$0(AbstractBeanFactory.java:326)
	at org.springframework.beans.factory.support.DefaultSingletonBeanRegistry.getSingleton(DefaultSingletonBeanRegistry.java:234)
	at org.springframework.beans.factory.support.AbstractBeanFactory.doGetBean(AbstractBeanFactory.java:324)
	at org.springframework.beans.factory.support.AbstractBeanFactory.getBean(AbstractBeanFactory.java:200)
	at org.springframework.beans.factory.support.DefaultListableBeanFactory.preInstantiateSingletons(DefaultListableBeanFactory.java:975)
	at org.springframework.context.support.AbstractApplicationContext.finishBeanFactoryInitialization(AbstractApplicationContext.java:962)
	at org.springframework.context.support.AbstractApplicationContext.refresh(AbstractApplicationContext.java:624)
	at org.springframework.boot.SpringApplication.refresh(SpringApplication.java:754)
	at org.springframework.boot.SpringApplication.refreshContext(SpringApplication.java:456)
	at org.springframework.boot.SpringApplication.run(SpringApplication.java:334)
	at org.springframework.boot.test.context.SpringBootContextLoader.lambda$loadContext$3(SpringBootContextLoader.java:137)
	at org.springframework.util.function.ThrowingSupplier.get(ThrowingSupplier.java:58)
	at org.springframework.util.function.ThrowingSupplier.get(ThrowingSupplier.java:46)
	at org.springframework.boot.SpringApplication.withHook(SpringApplication.java:1454)
	at org.springframework.boot.test.context.SpringBootContextLoader$ContextLoaderHook.run(SpringBootContextLoader.java:553)
	at org.springframework.boot.test.context.SpringBootContextLoader.loadContext(SpringBootContextLoader.java:137)
	at org.springframework.boot.test.context.SpringBootContextLoader.loadContext(SpringBootContextLoader.java:108)
	at org.springframework.test.context.cache.DefaultCacheAwareContextLoaderDelegate.loadContextInternal(DefaultCacheAwareContextLoaderDelegate.java:225)
	at org.springframework.test.context.cache.DefaultCacheAwareContextLoaderDelegate.loadContext(DefaultCacheAwareContextLoaderDelegate.java:152)
	at org.springframework.test.context.support.DefaultTestContext.getApplicationContext(DefaultTestContext.java:130)
	at org.springframework.test.context.web.ServletTestExecutionListener.setUpRequestContextIfNecessary(ServletTestExecutionListener.java:191)
	at org.springframework.test.context.web.ServletTestExecutionListener.prepareTestInstance(ServletTestExecutionListener.java:130)
	at org.springframework.test.context.TestContextManager.prepareTestInstance(TestContextManager.java:260)
	at org.springframework.test.context.junit.jupiter.SpringExtension.postProcessTestInstance(SpringExtension.java:163)
	at org.junit.jupiter.engine.descriptor.ClassBasedTestDescriptor.lambda$invokeTestInstancePostProcessors$10(ClassBasedTestDescriptor.java:378)
	at org.junit.jupiter.engine.descriptor.ClassBasedTestDescriptor.executeAndMaskThrowable(ClassBasedTestDescriptor.java:383)
	at org.junit.jupiter.engine.descriptor.ClassBasedTestDescriptor.lambda$invokeTestInstancePostProcessors$11(ClassBasedTestDescriptor.java:378)
	at java.base/java.util.stream.ReferencePipeline$3$1.accept(ReferencePipeline.java:212)
	at java.base/java.util.stream.ReferencePipeline$2$1.accept(ReferencePipeline.java:194)
	at java.base/java.util.ArrayList$ArrayListSpliterator.forEachRemaining(ArrayList.java:1709)
	at java.base/java.util.stream.AbstractPipeline.copyInto(AbstractPipeline.java:556)
	at java.base/java.util.stream.AbstractPipeline.wrapAndCopyInto(AbstractPipeline.java:546)
	at java.base/java.util.stream.StreamSpliterators$WrappingSpliterator.forEachRemaining(StreamSpliterators.java:310)
	at java.base/java.util.stream.Streams$ConcatSpliterator.forEachRemaining(Streams.java:735)
	at java.base/java.util.stream.Streams$ConcatSpliterator.forEachRemaining(Streams.java:734)
	at java.base/java.util.stream.ReferencePipeline$Head.forEach(ReferencePipeline.java:782)
	at org.junit.jupiter.engine.descriptor.ClassBasedTestDescriptor.invokeTestInstancePostProcessors(ClassBasedTestDescriptor.java:377)
	at org.junit.jupiter.engine.descriptor.ClassBasedTestDescriptor.lambda$instantiateAndPostProcessTestInstance$6(ClassBasedTestDescriptor.java:290)
	at org.junit.platform.engine.support.hierarchical.ThrowableCollector.execute(ThrowableCollector.java:73)
	at org.junit.jupiter.engine.descriptor.ClassBasedTestDescriptor.instantiateAndPostProcessTestInstance(ClassBasedTestDescriptor.java:289)
	at org.junit.jupiter.engine.descriptor.ClassBasedTestDescriptor.lambda$testInstancesProvider$4(ClassBasedTestDescriptor.java:279)
	at java.base/java.util.Optional.orElseGet(Optional.java:364)
	at org.junit.jupiter.engine.descriptor.ClassBasedTestDescriptor.lambda$testInstancesProvider$5(ClassBasedTestDescriptor.java:278)
	at org.junit.jupiter.engine.execution.TestInstancesProvider.getTestInstances(TestInstancesProvider.java:31)
	at org.junit.jupiter.engine.descriptor.TestMethodTestDescriptor.lambda$prepare$0(TestMethodTestDescriptor.java:106)
	at org.junit.platform.engine.support.hierarchical.ThrowableCollector.execute(ThrowableCollector.java:73)
	at org.junit.jupiter.engine.descriptor.TestMethodTestDescriptor.prepare(TestMethodTestDescriptor.java:105)
	at org.junit.jupiter.engine.descriptor.TestMethodTestDescriptor.prepare(TestMethodTestDescriptor.java:69)
	at org.junit.platform.engine.support.hierarchical.NodeTestTask.lambda$prepare$2(NodeTestTask.java:123)
	at org.junit.platform.engine.support.hierarchical.ThrowableCollector.execute(ThrowableCollector.java:73)
	at org.junit.platform.engine.support.hierarchical.NodeTestTask.prepare(NodeTestTask.java:123)
	at org.junit.platform.engine.support.hierarchical.NodeTestTask.execute(NodeTestTask.java:90)
	at java.base/java.util.ArrayList.forEach(ArrayList.java:1597)
	at org.junit.platform.engine.support.hierarchical.SameThreadHierarchicalTestExecutorService.invokeAll(SameThreadHierarchicalTestExecutorService.java:41)
	at org.junit.platform.engine.support.hierarchical.NodeTestTask.lambda$executeRecursively$6(NodeTestTask.java:155)
	at org.junit.platform.engine.support.hierarchical.ThrowableCollector.execute(ThrowableCollector.java:73)
	at org.junit.platform.engine.support.hierarchical.NodeTestTask.lambda$executeRecursively$8(NodeTestTask.java:141)
	at org.junit.platform.engine.support.hierarchical.Node.around(Node.java:137)
	at org.junit.platform.engine.support.hierarchical.NodeTestTask.lambda$executeRecursively$9(NodeTestTask.java:139)
	at org.junit.platform.engine.support.hierarchical.ThrowableCollector.execute(ThrowableCollector.java:73)
	at org.junit.platform.engine.support.hierarchical.NodeTestTask.executeRecursively(NodeTestTask.java:138)
	at org.junit.platform.engine.support.hierarchical.NodeTestTask.execute(NodeTestTask.java:95)
	at java.base/java.util.ArrayList.forEach(ArrayList.java:1597)
	at org.junit.platform.engine.support.hierarchical.SameThreadHierarchicalTestExecutorService.invokeAll(SameThreadHierarchicalTestExecutorService.java:41)
	at org.junit.platform.engine.support.hierarchical.NodeTestTask.lambda$executeRecursively$6(NodeTestTask.java:155)
	at org.junit.platform.engine.support.hierarchical.ThrowableCollector.execute(ThrowableCollector.java:73)
	at org.junit.platform.engine.support.hierarchical.NodeTestTask.lambda$executeRecursively$8(NodeTestTask.java:141)
	at org.junit.platform.engine.support.hierarchical.Node.around(Node.java:137)
	at org.junit.platform.engine.support.hierarchical.NodeTestTask.lambda$executeRecursively$9(NodeTestTask.java:139)
	at org.junit.platform.engine.support.hierarchical.ThrowableCollector.execute(ThrowableCollector.java:73)
	at org.junit.platform.engine.support.hierarchical.NodeTestTask.executeRecursively(NodeTestTask.java:138)
	at org.junit.platform.engine.support.hierarchical.NodeTestTask.execute(NodeTestTask.java:95)
	at org.junit.platform.engine.support.hierarchical.SameThreadHierarchicalTestExecutorService.submit(SameThreadHierarchicalTestExecutorService.java:35)
	at org.junit.platform.engine.support.hierarchical.HierarchicalTestExecutor.execute(HierarchicalTestExecutor.java:57)
	at org.junit.platform.engine.support.hierarchical.HierarchicalTestEngine.execute(HierarchicalTestEngine.java:54)
	at org.junit.platform.launcher.core.EngineExecutionOrchestrator.execute(EngineExecutionOrchestrator.java:198)
	at org.junit.platform.launcher.core.EngineExecutionOrchestrator.execute(EngineExecutionOrchestrator.java:169)
	at org.junit.platform.launcher.core.EngineExecutionOrchestrator.execute(EngineExecutionOrchestrator.java:93)
	at org.junit.platform.launcher.core.EngineExecutionOrchestrator.lambda$execute$0(EngineExecutionOrchestrator.java:58)
	at org.junit.platform.launcher.core.EngineExecutionOrchestrator.withInterceptedStreams(EngineExecutionOrchestrator.java:141)
	at org.junit.platform.launcher.core.EngineExecutionOrchestrator.execute(EngineExecutionOrchestrator.java:57)
	at org.junit.platform.launcher.core.DefaultLauncher.execute(DefaultLauncher.java:103)
	at org.junit.platform.launcher.core.DefaultLauncher.execute(DefaultLauncher.java:85)
	at org.junit.platform.launcher.core.DelegatingLauncher.execute(DelegatingLauncher.java:47)
	at org.apache.maven.surefire.junitplatform.LazyLauncher.execute(LazyLauncher.java:56)
	at org.apache.maven.surefire.junitplatform.JUnitPlatformProvider.execute(JUnitPlatformProvider.java:184)
	at org.apache.maven.surefire.junitplatform.JUnitPlatformProvider.invokeAllTests(JUnitPlatformProvider.java:148)
	at org.apache.maven.surefire.junitplatform.JUnitPlatformProvider.invoke(JUnitPlatformProvider.java:122)
	at org.apache.maven.surefire.booter.ForkedBooter.runSuitesInProcess(ForkedBooter.java:385)
	at org.apache.maven.surefire.booter.ForkedBooter.execute(ForkedBooter.java:162)
	at org.apache.maven.surefire.booter.ForkedBooter.run(ForkedBooter.java:507)
	at org.apache.maven.surefire.booter.ForkedBooter.main(ForkedBooter.java:495)
Caused by: org.springframework.beans.factory.UnsatisfiedDependencyException: Error creating bean with name 'categoryServiceImpl' defined in file [C:\Users\tomia\Desktop\code\e-commerce\spring-backend\target\classes\com\tomasdev\akhanta\product\categories\CategoryServiceImpl.class]: Unsatisfied dependency expressed through constructor parameter 0: Error creating bean with name 'categoryRepository' defined in com.tomasdev.akhanta.product.categories.CategoryRepository defined in @EnableMongoRepositories declared on MongoRepositoriesRegistrar.EnableMongoRepositoriesConfiguration: Cannot resolve reference to bean 'mongoTemplate' while setting bean property 'mongoOperations'
	at org.springframework.beans.factory.support.ConstructorResolver.createArgumentArray(ConstructorResolver.java:795)
	at org.springframework.beans.factory.support.ConstructorResolver.autowireConstructor(ConstructorResolver.java:237)
	at org.springframework.beans.factory.support.AbstractAutowireCapableBeanFactory.autowireConstructor(AbstractAutowireCapableBeanFactory.java:1355)
	at org.springframework.beans.factory.support.AbstractAutowireCapableBeanFactory.createBeanInstance(AbstractAutowireCapableBeanFactory.java:1192)
	at org.springframework.beans.factory.support.AbstractAutowireCapableBeanFactory.doCreateBean(AbstractAutowireCapableBeanFactory.java:562)
	at org.springframework.beans.factory.support.AbstractAutowireCapableBeanFactory.createBean(AbstractAutowireCapableBeanFactory.java:522)
	at org.springframework.beans.factory.support.AbstractBeanFactory.lambda$doGetBean$0(AbstractBeanFactory.java:326)
	at org.springframework.beans.factory.support.DefaultSingletonBeanRegistry.getSingleton(DefaultSingletonBeanRegistry.java:234)
	at org.springframework.beans.factory.support.AbstractBeanFactory.doGetBean(AbstractBeanFactory.java:324)
	at org.springframework.beans.factory.support.AbstractBeanFactory.getBean(AbstractBeanFactory.java:200)
	at org.springframework.beans.factory.config.DependencyDescriptor.resolveCandidate(DependencyDescriptor.java:254)
	at org.springframework.beans.factory.support.DefaultListableBeanFactory.doResolveDependency(DefaultListableBeanFactory.java:1443)
	at org.springframework.beans.factory.support.DefaultListableBeanFactory.resolveDependency(DefaultListableBeanFactory.java:1353)
	at org.springframework.beans.factory.support.ConstructorResolver.resolveAutowiredArgument(ConstructorResolver.java:904)
	at org.springframework.beans.factory.support.ConstructorResolver.createArgumentArray(ConstructorResolver.java:782)
	... 97 common frames omitted
Caused by: org.springframework.beans.factory.BeanCreationException: Error creating bean with name 'categoryRepository' defined in com.tomasdev.akhanta.product.categories.CategoryRepository defined in @EnableMongoRepositories declared on MongoRepositoriesRegistrar.EnableMongoRepositoriesConfiguration: Cannot resolve reference to bean 'mongoTemplate' while setting bean property 'mongoOperations'
	at org.springframework.beans.factory.support.BeanDefinitionValueResolver.resolveReference(BeanDefinitionValueResolver.java:377)
	at org.springframework.beans.factory.support.BeanDefinitionValueResolver.resolveValueIfNecessary(BeanDefinitionValueResolver.java:135)
	at org.springframework.beans.factory.support.AbstractAutowireCapableBeanFactory.applyPropertyValues(AbstractAutowireCapableBeanFactory.java:1685)
	at org.springframework.beans.factory.support.AbstractAutowireCapableBeanFactory.populateBean(AbstractAutowireCapableBeanFactory.java:1434)
	at org.springframework.beans.factory.support.AbstractAutowireCapableBeanFactory.doCreateBean(AbstractAutowireCapableBeanFactory.java:599)
	at org.springframework.beans.factory.support.AbstractAutowireCapableBeanFactory.createBean(AbstractAutowireCapableBeanFactory.java:522)
	at org.springframework.beans.factory.support.AbstractBeanFactory.lambda$doGetBean$0(AbstractBeanFactory.java:326)
	at org.springframework.beans.factory.support.DefaultSingletonBeanRegistry.getSingleton(DefaultSingletonBeanRegistry.java:234)
	at org.springframework.beans.factory.support.AbstractBeanFactory.doGetBean(AbstractBeanFactory.java:324)
	at org.springframework.beans.factory.support.AbstractBeanFactory.getBean(AbstractBeanFactory.java:200)
	at org.springframework.beans.factory.config.DependencyDescriptor.resolveCandidate(DependencyDescriptor.java:254)
	at org.springframework.beans.factory.support.DefaultListableBeanFactory.doResolveDependency(DefaultListableBeanFactory.java:1443)
	at org.springframework.beans.factory.support.DefaultListableBeanFactory.resolveDependency(DefaultListableBeanFactory.java:1353)
	at org.springframework.beans.factory.support.ConstructorResolver.resolveAutowiredArgument(ConstructorResolver.java:904)
	at org.springframework.beans.factory.support.ConstructorResolver.createArgumentArray(ConstructorResolver.java:782)
	... 111 common frames omitted
Caused by: org.springframework.beans.factory.UnsatisfiedDependencyException: Error creating bean with name 'mongoTemplate' defined in class path resource [org/springframework/boot/autoconfigure/data/mongo/MongoDatabaseFactoryDependentConfiguration.class]: Unsatisfied dependency expressed through method 'mongoTemplate' parameter 0: Error creating bean with name 'mongoDatabaseFactory' defined in class path resource [org/springframework/boot/autoconfigure/data/mongo/MongoDatabaseFactoryConfiguration.class]: Unsatisfied dependency expressed through method 'mongoDatabaseFactory' parameter 0: Error creating bean with name 'mongo' defined in class path resource [org/springframework/boot/autoconfigure/mongo/MongoAutoConfiguration.class]: Failed to instantiate [com.mongodb.client.MongoClient]: Factory method 'mongo' threw exception with message: Error creating bean with name 'standardMongoSettingsCustomizer' defined in class path resource [org/springframework/boot/autoconfigure/mongo/MongoAutoConfiguration$MongoClientSettingsConfiguration.class]: Failed to instantiate [org.springframework.boot.autoconfigure.mongo.StandardMongoClientSettingsBuilderCustomizer]: Factory method 'standardMongoSettingsCustomizer' threw exception with message: The connection string is invalid. Connection strings must start with either 'mongodb://' or 'mongodb+srv://
	at org.springframework.beans.factory.support.ConstructorResolver.createArgumentArray(ConstructorResolver.java:795)
	at org.springframework.beans.factory.support.ConstructorResolver.instantiateUsingFactoryMethod(ConstructorResolver.java:542)
	at org.springframework.beans.factory.support.AbstractAutowireCapableBeanFactory.instantiateUsingFactoryMethod(AbstractAutowireCapableBeanFactory.java:1335)
	at org.springframework.beans.factory.support.AbstractAutowireCapableBeanFactory.createBeanInstance(AbstractAutowireCapableBeanFactory.java:1165)
	at org.springframework.beans.factory.support.AbstractAutowireCapableBeanFactory.doCreateBean(AbstractAutowireCapableBeanFactory.java:562)
	at org.springframework.beans.factory.support.AbstractAutowireCapableBeanFactory.createBean(AbstractAutowireCapableBeanFactory.java:522)
	at org.springframework.beans.factory.support.AbstractBeanFactory.lambda$doGetBean$0(AbstractBeanFactory.java:326)
	at org.springframework.beans.factory.support.DefaultSingletonBeanRegistry.getSingleton(DefaultSingletonBeanRegistry.java:234)
	at org.springframework.beans.factory.support.AbstractBeanFactory.doGetBean(AbstractBeanFactory.java:324)
	at org.springframework.beans.factory.support.AbstractBeanFactory.getBean(AbstractBeanFactory.java:200)
	at org.springframework.beans.factory.support.BeanDefinitionValueResolver.resolveReference(BeanDefinitionValueResolver.java:365)
	... 125 common frames omitted
Caused by: org.springframework.beans.factory.UnsatisfiedDependencyException: Error creating bean with name 'mongoDatabaseFactory' defined in class path resource [org/springframework/boot/autoconfigure/data/mongo/MongoDatabaseFactoryConfiguration.class]: Unsatisfied dependency expressed through method 'mongoDatabaseFactory' parameter 0: Error creating bean with name 'mongo' defined in class path resource [org/springframework/boot/autoconfigure/mongo/MongoAutoConfiguration.class]: Failed to instantiate [com.mongodb.client.MongoClient]: Factory method 'mongo' threw exception with message: Error creating bean with name 'standardMongoSettingsCustomizer' defined in class path resource [org/springframework/boot/autoconfigure/mongo/MongoAutoConfiguration$MongoClientSettingsConfiguration.class]: Failed to instantiate [org.springframework.boot.autoconfigure.mongo.StandardMongoClientSettingsBuilderCustomizer]: Factory method 'standardMongoSettingsCustomizer' threw exception with message: The connection string is invalid. Connection strings must start with either 'mongodb://' or 'mongodb+srv://
	at org.springframework.beans.factory.support.ConstructorResolver.createArgumentArray(ConstructorResolver.java:795)
	at org.springframework.beans.factory.support.ConstructorResolver.instantiateUsingFactoryMethod(ConstructorResolver.java:542)
	at org.springframework.beans.factory.support.AbstractAutowireCapableBeanFactory.instantiateUsingFactoryMethod(AbstractAutowireCapableBeanFactory.java:1335)
	at org.springframework.beans.factory.support.AbstractAutowireCapableBeanFactory.createBeanInstance(AbstractAutowireCapableBeanFactory.java:1165)
	at org.springframework.beans.factory.support.AbstractAutowireCapableBeanFactory.doCreateBean(AbstractAutowireCapableBeanFactory.java:562)
	at org.springframework.beans.factory.support.AbstractAutowireCapableBeanFactory.createBean(AbstractAutowireCapableBeanFactory.java:522)
	at org.springframework.beans.factory.support.AbstractBeanFactory.lambda$doGetBean$0(AbstractBeanFactory.java:326)
	at org.springframework.beans.factory.support.DefaultSingletonBeanRegistry.getSingleton(DefaultSingletonBeanRegistry.java:234)
	at org.springframework.beans.factory.support.AbstractBeanFactory.doGetBean(AbstractBeanFactory.java:324)
	at org.springframework.beans.factory.support.AbstractBeanFactory.getBean(AbstractBeanFactory.java:200)
	at org.springframework.beans.factory.config.DependencyDescriptor.resolveCandidate(DependencyDescriptor.java:254)
	at org.springframework.beans.factory.support.DefaultListableBeanFactory.doResolveDependency(DefaultListableBeanFactory.java:1443)
	at org.springframework.beans.factory.support.DefaultListableBeanFactory.resolveDependency(DefaultListableBeanFactory.java:1353)
	at org.springframework.beans.factory.support.ConstructorResolver.resolveAutowiredArgument(ConstructorResolver.java:904)
	at org.springframework.beans.factory.support.ConstructorResolver.createArgumentArray(ConstructorResolver.java:782)
	... 135 common frames omitted
Caused by: org.springframework.beans.factory.BeanCreationException: Error creating bean with name 'mongo' defined in class path resource [org/springframework/boot/autoconfigure/mongo/MongoAutoConfiguration.class]: Failed to instantiate [com.mongodb.client.MongoClient]: Factory method 'mongo' threw exception with message: Error creating bean with name 'standardMongoSettingsCustomizer' defined in class path resource [org/springframework/boot/autoconfigure/mongo/MongoAutoConfiguration$MongoClientSettingsConfiguration.class]: Failed to instantiate [org.springframework.boot.autoconfigure.mongo.StandardMongoClientSettingsBuilderCustomizer]: Factory method 'standardMongoSettingsCustomizer' threw exception with message: The connection string is invalid. Connection strings must start with either 'mongodb://' or 'mongodb+srv://
	at org.springframework.beans.factory.support.ConstructorResolver.instantiate(ConstructorResolver.java:648)
	at org.springframework.beans.factory.support.ConstructorResolver.instantiateUsingFactoryMethod(ConstructorResolver.java:636)
	at org.springframework.beans.factory.support.AbstractAutowireCapableBeanFactory.instantiateUsingFactoryMethod(AbstractAutowireCapableBeanFactory.java:1335)
	at org.springframework.beans.factory.support.AbstractAutowireCapableBeanFactory.createBeanInstance(AbstractAutowireCapableBeanFactory.java:1165)
	at org.springframework.beans.factory.support.AbstractAutowireCapableBeanFactory.doCreateBean(AbstractAutowireCapableBeanFactory.java:562)
	at org.springframework.beans.factory.support.AbstractAutowireCapableBeanFactory.createBean(AbstractAutowireCapableBeanFactory.java:522)
	at org.springframework.beans.factory.support.AbstractBeanFactory.lambda$doGetBean$0(AbstractBeanFactory.java:326)
	at org.springframework.beans.factory.support.DefaultSingletonBeanRegistry.getSingleton(DefaultSingletonBeanRegistry.java:234)
	at org.springframework.beans.factory.support.AbstractBeanFactory.doGetBean(AbstractBeanFactory.java:324)
	at org.springframework.beans.factory.support.AbstractBeanFactory.getBean(AbstractBeanFactory.java:200)
	at org.springframework.beans.factory.config.DependencyDescriptor.resolveCandidate(DependencyDescriptor.java:254)
	at org.springframework.beans.factory.support.DefaultListableBeanFactory.doResolveDependency(DefaultListableBeanFactory.java:1443)
	at org.springframework.beans.factory.support.DefaultListableBeanFactory.resolveDependency(DefaultListableBeanFactory.java:1353)
	at org.springframework.beans.factory.support.ConstructorResolver.resolveAutowiredArgument(ConstructorResolver.java:904)
	at org.springframework.beans.factory.support.ConstructorResolver.createArgumentArray(ConstructorResolver.java:782)
	... 149 common frames omitted
Caused by: org.springframework.beans.BeanInstantiationException: Failed to instantiate [com.mongodb.client.MongoClient]: Factory method 'mongo' threw exception with message: Error creating bean with name 'standardMongoSettingsCustomizer' defined in class path resource [org/springframework/boot/autoconfigure/mongo/MongoAutoConfiguration$MongoClientSettingsConfiguration.class]: Failed to instantiate [org.springframework.boot.autoconfigure.mongo.StandardMongoClientSettingsBuilderCustomizer]: Factory method 'standardMongoSettingsCustomizer' threw exception with message: The connection string is invalid. Connection strings must start with either 'mongodb://' or 'mongodb+srv://
	at org.springframework.beans.factory.support.SimpleInstantiationStrategy.instantiate(SimpleInstantiationStrategy.java:177)
	at org.springframework.beans.factory.support.ConstructorResolver.instantiate(ConstructorResolver.java:644)
	... 163 common frames omitted
Caused by: org.springframework.beans.factory.BeanCreationException: Error creating bean with name 'standardMongoSettingsCustomizer' defined in class path resource [org/springframework/boot/autoconfigure/mongo/MongoAutoConfiguration$MongoClientSettingsConfiguration.class]: Failed to instantiate [org.springframework.boot.autoconfigure.mongo.StandardMongoClientSettingsBuilderCustomizer]: Factory method 'standardMongoSettingsCustomizer' threw exception with message: The connection string is invalid. Connection strings must start with either 'mongodb://' or 'mongodb+srv://
	at org.springframework.beans.factory.support.ConstructorResolver.instantiate(ConstructorResolver.java:648)
	at org.springframework.beans.factory.support.ConstructorResolver.instantiateUsingFactoryMethod(ConstructorResolver.java:636)
	at org.springframework.beans.factory.support.AbstractAutowireCapableBeanFactory.instantiateUsingFactoryMethod(AbstractAutowireCapableBeanFactory.java:1335)
	at org.springframework.beans.factory.support.AbstractAutowireCapableBeanFactory.createBeanInstance(AbstractAutowireCapableBeanFactory.java:1165)
	at org.springframework.beans.factory.support.AbstractAutowireCapableBeanFactory.doCreateBean(AbstractAutowireCapableBeanFactory.java:562)
	at org.springframework.beans.factory.support.AbstractAutowireCapableBeanFactory.createBean(AbstractAutowireCapableBeanFactory.java:522)
	at org.springframework.beans.factory.support.AbstractBeanFactory.lambda$doGetBean$0(AbstractBeanFactory.java:326)
	at org.springframework.beans.factory.support.DefaultSingletonBeanRegistry.getSingleton(DefaultSingletonBeanRegistry.java:234)
	at org.springframework.beans.factory.support.AbstractBeanFactory.doGetBean(AbstractBeanFactory.java:324)
	at org.springframework.beans.factory.support.AbstractBeanFactory.getBean(AbstractBeanFactory.java:200)
	at org.springframework.beans.factory.config.DependencyDescriptor.resolveCandidate(DependencyDescriptor.java:254)
	at org.springframework.beans.factory.support.DefaultListableBeanFactory.addCandidateEntry(DefaultListableBeanFactory.java:1696)
	at org.springframework.beans.factory.support.DefaultListableBeanFactory.findAutowireCandidates(DefaultListableBeanFactory.java:1653)
	at org.springframework.beans.factory.support.DefaultListableBeanFactory.resolveMultipleBeans(DefaultListableBeanFactory.java:1470)
	at org.springframework.beans.factory.support.DefaultListableBeanFactory.doResolveDependency(DefaultListableBeanFactory.java:1392)
	at org.springframework.beans.factory.support.DefaultListableBeanFactory$DependencyObjectProvider.resolveStream(DefaultListableBeanFactory.java:2198)
	at org.springframework.beans.factory.support.DefaultListableBeanFactory$DependencyObjectProvider.orderedStream(DefaultListableBeanFactory.java:2192)
	at org.springframework.boot.autoconfigure.mongo.MongoAutoConfiguration.mongo(MongoAutoConfiguration.java:59)
	at java.base/jdk.internal.reflect.DirectMethodHandleAccessor.invoke(DirectMethodHandleAccessor.java:103)
	at java.base/java.lang.reflect.Method.invoke(Method.java:580)
	at org.springframework.beans.factory.support.SimpleInstantiationStrategy.instantiate(SimpleInstantiationStrategy.java:140)
	... 164 common frames omitted
Caused by: org.springframework.beans.BeanInstantiationException: Failed to instantiate [org.springframework.boot.autoconfigure.mongo.StandardMongoClientSettingsBuilderCustomizer]: Factory method 'standardMongoSettingsCustomizer' threw exception with message: The connection string is invalid. Connection strings must start with either 'mongodb://' or 'mongodb+srv://
	at org.springframework.beans.factory.support.SimpleInstantiationStrategy.instantiate(SimpleInstantiationStrategy.java:177)
	at org.springframework.beans.factory.support.ConstructorResolver.instantiate(ConstructorResolver.java:644)
	... 184 common frames omitted
Caused by: java.lang.IllegalArgumentException: The connection string is invalid. Connection strings must start with either 'mongodb://' or 'mongodb+srv://
	at com.mongodb.ConnectionString.<init>(ConnectionString.java:340)
	at com.mongodb.ConnectionString.<init>(ConnectionString.java:321)
	at org.springframework.boot.autoconfigure.mongo.PropertiesMongoConnectionDetails.getConnectionString(PropertiesMongoConnectionDetails.java:47)
	at org.springframework.boot.autoconfigure.mongo.MongoAutoConfiguration$MongoClientSettingsConfiguration.standardMongoSettingsCustomizer(MongoAutoConfiguration.java:74)
	at java.base/jdk.internal.reflect.DirectMethodHandleAccessor.invoke(DirectMethodHandleAccessor.java:103)
	at java.base/java.lang.reflect.Method.invoke(Method.java:580)
	at org.springframework.beans.factory.support.SimpleInstantiationStrategy.instantiate(SimpleInstantiationStrategy.java:140)
	... 185 common frames omitted
2024-09-20 19:40:29 - [WARN] - org.springframework.test.context.TestContextManager - Caught exception while allowing TestExecutionListener [org.springframework.test.context.web.ServletTestExecutionListener] to prepare test instance [com.tomasdev.akhanta.RestApiApplicationTests@31aa9b01]
java.lang.IllegalStateException: Failed to load ApplicationContext for [WebMergedContextConfiguration@537a8915 testClass = com.tomasdev.akhanta.RestApiApplicationTests, locations = [], classes = [com.tomasdev.akhanta.RestApiApplication], contextInitializerClasses = [], activeProfiles = [], propertySourceDescriptors = [], propertySourceProperties = ["org.springframework.boot.test.context.SpringBootTestContextBootstrapper=true"], contextCustomizers = [org.springframework.boot.test.context.filter.ExcludeFilterContextCustomizer@332729ad, org.springframework.boot.test.json.DuplicateJsonObjectContextCustomizerFactory$DuplicateJsonObjectContextCustomizer@6057aebb, org.springframework.boot.test.mock.mockito.MockitoContextCustomizer@0, org.springframework.boot.test.web.client.TestRestTemplateContextCustomizer@7fcf2fc1, org.springframework.boot.test.autoconfigure.actuate.observability.ObservabilityContextCustomizerFactory$DisableObservabilityContextCustomizer@1f, org.springframework.boot.test.autoconfigure.properties.PropertyMappingContextCustomizer@0, org.springframework.boot.test.autoconfigure.web.servlet.WebDriverContextCustomizer@43b9fd5, org.springframework.boot.test.context.SpringBootTestAnnotation@e42c33f5], resourceBasePath = "src/main/webapp", contextLoader = org.springframework.boot.test.context.SpringBootContextLoader, parent = null]
	at org.springframework.test.context.cache.DefaultCacheAwareContextLoaderDelegate.loadContext(DefaultCacheAwareContextLoaderDelegate.java:180)
	at org.springframework.test.context.support.DefaultTestContext.getApplicationContext(DefaultTestContext.java:130)
	at org.springframework.test.context.web.ServletTestExecutionListener.setUpRequestContextIfNecessary(ServletTestExecutionListener.java:191)
	at org.springframework.test.context.web.ServletTestExecutionListener.prepareTestInstance(ServletTestExecutionListener.java:130)
	at org.springframework.test.context.TestContextManager.prepareTestInstance(TestContextManager.java:260)
	at org.springframework.test.context.junit.jupiter.SpringExtension.postProcessTestInstance(SpringExtension.java:163)
	at org.junit.jupiter.engine.descriptor.ClassBasedTestDescriptor.lambda$invokeTestInstancePostProcessors$10(ClassBasedTestDescriptor.java:378)
	at org.junit.jupiter.engine.descriptor.ClassBasedTestDescriptor.executeAndMaskThrowable(ClassBasedTestDescriptor.java:383)
	at org.junit.jupiter.engine.descriptor.ClassBasedTestDescriptor.lambda$invokeTestInstancePostProcessors$11(ClassBasedTestDescriptor.java:378)
	at java.base/java.util.stream.ReferencePipeline$3$1.accept(ReferencePipeline.java:212)
	at java.base/java.util.stream.ReferencePipeline$2$1.accept(ReferencePipeline.java:194)
	at java.base/java.util.ArrayList$ArrayListSpliterator.forEachRemaining(ArrayList.java:1709)
	at java.base/java.util.stream.AbstractPipeline.copyInto(AbstractPipeline.java:556)
	at java.base/java.util.stream.AbstractPipeline.wrapAndCopyInto(AbstractPipeline.java:546)
	at java.base/java.util.stream.StreamSpliterators$WrappingSpliterator.forEachRemaining(StreamSpliterators.java:310)
	at java.base/java.util.stream.Streams$ConcatSpliterator.forEachRemaining(Streams.java:735)
	at java.base/java.util.stream.Streams$ConcatSpliterator.forEachRemaining(Streams.java:734)
	at java.base/java.util.stream.ReferencePipeline$Head.forEach(ReferencePipeline.java:782)
	at org.junit.jupiter.engine.descriptor.ClassBasedTestDescriptor.invokeTestInstancePostProcessors(ClassBasedTestDescriptor.java:377)
	at org.junit.jupiter.engine.descriptor.ClassBasedTestDescriptor.lambda$instantiateAndPostProcessTestInstance$6(ClassBasedTestDescriptor.java:290)
	at org.junit.platform.engine.support.hierarchical.ThrowableCollector.execute(ThrowableCollector.java:73)
	at org.junit.jupiter.engine.descriptor.ClassBasedTestDescriptor.instantiateAndPostProcessTestInstance(ClassBasedTestDescriptor.java:289)
	at org.junit.jupiter.engine.descriptor.ClassBasedTestDescriptor.lambda$testInstancesProvider$4(ClassBasedTestDescriptor.java:279)
	at java.base/java.util.Optional.orElseGet(Optional.java:364)
	at org.junit.jupiter.engine.descriptor.ClassBasedTestDescriptor.lambda$testInstancesProvider$5(ClassBasedTestDescriptor.java:278)
	at org.junit.jupiter.engine.execution.TestInstancesProvider.getTestInstances(TestInstancesProvider.java:31)
	at org.junit.jupiter.engine.descriptor.TestMethodTestDescriptor.lambda$prepare$0(TestMethodTestDescriptor.java:106)
	at org.junit.platform.engine.support.hierarchical.ThrowableCollector.execute(ThrowableCollector.java:73)
	at org.junit.jupiter.engine.descriptor.TestMethodTestDescriptor.prepare(TestMethodTestDescriptor.java:105)
	at org.junit.jupiter.engine.descriptor.TestMethodTestDescriptor.prepare(TestMethodTestDescriptor.java:69)
	at org.junit.platform.engine.support.hierarchical.NodeTestTask.lambda$prepare$2(NodeTestTask.java:123)
	at org.junit.platform.engine.support.hierarchical.ThrowableCollector.execute(ThrowableCollector.java:73)
	at org.junit.platform.engine.support.hierarchical.NodeTestTask.prepare(NodeTestTask.java:123)
	at org.junit.platform.engine.support.hierarchical.NodeTestTask.execute(NodeTestTask.java:90)
	at java.base/java.util.ArrayList.forEach(ArrayList.java:1597)
	at org.junit.platform.engine.support.hierarchical.SameThreadHierarchicalTestExecutorService.invokeAll(SameThreadHierarchicalTestExecutorService.java:41)
	at org.junit.platform.engine.support.hierarchical.NodeTestTask.lambda$executeRecursively$6(NodeTestTask.java:155)
	at org.junit.platform.engine.support.hierarchical.ThrowableCollector.execute(ThrowableCollector.java:73)
	at org.junit.platform.engine.support.hierarchical.NodeTestTask.lambda$executeRecursively$8(NodeTestTask.java:141)
	at org.junit.platform.engine.support.hierarchical.Node.around(Node.java:137)
	at org.junit.platform.engine.support.hierarchical.NodeTestTask.lambda$executeRecursively$9(NodeTestTask.java:139)
	at org.junit.platform.engine.support.hierarchical.ThrowableCollector.execute(ThrowableCollector.java:73)
	at org.junit.platform.engine.support.hierarchical.NodeTestTask.executeRecursively(NodeTestTask.java:138)
	at org.junit.platform.engine.support.hierarchical.NodeTestTask.execute(NodeTestTask.java:95)
	at java.base/java.util.ArrayList.forEach(ArrayList.java:1597)
	at org.junit.platform.engine.support.hierarchical.SameThreadHierarchicalTestExecutorService.invokeAll(SameThreadHierarchicalTestExecutorService.java:41)
	at org.junit.platform.engine.support.hierarchical.NodeTestTask.lambda$executeRecursively$6(NodeTestTask.java:155)
	at org.junit.platform.engine.support.hierarchical.ThrowableCollector.execute(ThrowableCollector.java:73)
	at org.junit.platform.engine.support.hierarchical.NodeTestTask.lambda$executeRecursively$8(NodeTestTask.java:141)
	at org.junit.platform.engine.support.hierarchical.Node.around(Node.java:137)
	at org.junit.platform.engine.support.hierarchical.NodeTestTask.lambda$executeRecursively$9(NodeTestTask.java:139)
	at org.junit.platform.engine.support.hierarchical.ThrowableCollector.execute(ThrowableCollector.java:73)
	at org.junit.platform.engine.support.hierarchical.NodeTestTask.executeRecursively(NodeTestTask.java:138)
	at org.junit.platform.engine.support.hierarchical.NodeTestTask.execute(NodeTestTask.java:95)
	at org.junit.platform.engine.support.hierarchical.SameThreadHierarchicalTestExecutorService.submit(SameThreadHierarchicalTestExecutorService.java:35)
	at org.junit.platform.engine.support.hierarchical.HierarchicalTestExecutor.execute(HierarchicalTestExecutor.java:57)
	at org.junit.platform.engine.support.hierarchical.HierarchicalTestEngine.execute(HierarchicalTestEngine.java:54)
	at org.junit.platform.launcher.core.EngineExecutionOrchestrator.execute(EngineExecutionOrchestrator.java:198)
	at org.junit.platform.launcher.core.EngineExecutionOrchestrator.execute(EngineExecutionOrchestrator.java:169)
	at org.junit.platform.launcher.core.EngineExecutionOrchestrator.execute(EngineExecutionOrchestrator.java:93)
	at org.junit.platform.launcher.core.EngineExecutionOrchestrator.lambda$execute$0(EngineExecutionOrchestrator.java:58)
	at org.junit.platform.launcher.core.EngineExecutionOrchestrator.withInterceptedStreams(EngineExecutionOrchestrator.java:141)
	at org.junit.platform.launcher.core.EngineExecutionOrchestrator.execute(EngineExecutionOrchestrator.java:57)
	at org.junit.platform.launcher.core.DefaultLauncher.execute(DefaultLauncher.java:103)
	at org.junit.platform.launcher.core.DefaultLauncher.execute(DefaultLauncher.java:85)
	at org.junit.platform.launcher.core.DelegatingLauncher.execute(DelegatingLauncher.java:47)
	at org.apache.maven.surefire.junitplatform.LazyLauncher.execute(LazyLauncher.java:56)
	at org.apache.maven.surefire.junitplatform.JUnitPlatformProvider.execute(JUnitPlatformProvider.java:184)
	at org.apache.maven.surefire.junitplatform.JUnitPlatformProvider.invokeAllTests(JUnitPlatformProvider.java:148)
	at org.apache.maven.surefire.junitplatform.JUnitPlatformProvider.invoke(JUnitPlatformProvider.java:122)
	at org.apache.maven.surefire.booter.ForkedBooter.runSuitesInProcess(ForkedBooter.java:385)
	at org.apache.maven.surefire.booter.ForkedBooter.execute(ForkedBooter.java:162)
	at org.apache.maven.surefire.booter.ForkedBooter.run(ForkedBooter.java:507)
	at org.apache.maven.surefire.booter.ForkedBooter.main(ForkedBooter.java:495)
Caused by: org.springframework.beans.factory.UnsatisfiedDependencyException: Error creating bean with name 'adminController' defined in file [C:\Users\tomia\Desktop\code\e-commerce\spring-backend\target\classes\com\tomasdev\akhanta\admin\AdminController.class]: Unsatisfied dependency expressed through constructor parameter 0: Error creating bean with name 'categoryServiceImpl' defined in file [C:\Users\tomia\Desktop\code\e-commerce\spring-backend\target\classes\com\tomasdev\akhanta\product\categories\CategoryServiceImpl.class]: Unsatisfied dependency expressed through constructor parameter 0: Error creating bean with name 'categoryRepository' defined in com.tomasdev.akhanta.product.categories.CategoryRepository defined in @EnableMongoRepositories declared on MongoRepositoriesRegistrar.EnableMongoRepositoriesConfiguration: Cannot resolve reference to bean 'mongoTemplate' while setting bean property 'mongoOperations'
	at org.springframework.beans.factory.support.ConstructorResolver.createArgumentArray(ConstructorResolver.java:795)
	at org.springframework.beans.factory.support.ConstructorResolver.autowireConstructor(ConstructorResolver.java:237)
	at org.springframework.beans.factory.support.AbstractAutowireCapableBeanFactory.autowireConstructor(AbstractAutowireCapableBeanFactory.java:1355)
	at org.springframework.beans.factory.support.AbstractAutowireCapableBeanFactory.createBeanInstance(AbstractAutowireCapableBeanFactory.java:1192)
	at org.springframework.beans.factory.support.AbstractAutowireCapableBeanFactory.doCreateBean(AbstractAutowireCapableBeanFactory.java:562)
	at org.springframework.beans.factory.support.AbstractAutowireCapableBeanFactory.createBean(AbstractAutowireCapableBeanFactory.java:522)
	at org.springframework.beans.factory.support.AbstractBeanFactory.lambda$doGetBean$0(AbstractBeanFactory.java:326)
	at org.springframework.beans.factory.support.DefaultSingletonBeanRegistry.getSingleton(DefaultSingletonBeanRegistry.java:234)
	at org.springframework.beans.factory.support.AbstractBeanFactory.doGetBean(AbstractBeanFactory.java:324)
	at org.springframework.beans.factory.support.AbstractBeanFactory.getBean(AbstractBeanFactory.java:200)
	at org.springframework.beans.factory.support.DefaultListableBeanFactory.preInstantiateSingletons(DefaultListableBeanFactory.java:975)
	at org.springframework.context.support.AbstractApplicationContext.finishBeanFactoryInitialization(AbstractApplicationContext.java:962)
	at org.springframework.context.support.AbstractApplicationContext.refresh(AbstractApplicationContext.java:624)
	at org.springframework.boot.SpringApplication.refresh(SpringApplication.java:754)
	at org.springframework.boot.SpringApplication.refreshContext(SpringApplication.java:456)
	at org.springframework.boot.SpringApplication.run(SpringApplication.java:334)
	at org.springframework.boot.test.context.SpringBootContextLoader.lambda$loadContext$3(SpringBootContextLoader.java:137)
	at org.springframework.util.function.ThrowingSupplier.get(ThrowingSupplier.java:58)
	at org.springframework.util.function.ThrowingSupplier.get(ThrowingSupplier.java:46)
	at org.springframework.boot.SpringApplication.withHook(SpringApplication.java:1454)
	at org.springframework.boot.test.context.SpringBootContextLoader$ContextLoaderHook.run(SpringBootContextLoader.java:553)
	at org.springframework.boot.test.context.SpringBootContextLoader.loadContext(SpringBootContextLoader.java:137)
	at org.springframework.boot.test.context.SpringBootContextLoader.loadContext(SpringBootContextLoader.java:108)
	at org.springframework.test.context.cache.DefaultCacheAwareContextLoaderDelegate.loadContextInternal(DefaultCacheAwareContextLoaderDelegate.java:225)
	at org.springframework.test.context.cache.DefaultCacheAwareContextLoaderDelegate.loadContext(DefaultCacheAwareContextLoaderDelegate.java:152)
	... 73 common frames omitted
Caused by: org.springframework.beans.factory.UnsatisfiedDependencyException: Error creating bean with name 'categoryServiceImpl' defined in file [C:\Users\tomia\Desktop\code\e-commerce\spring-backend\target\classes\com\tomasdev\akhanta\product\categories\CategoryServiceImpl.class]: Unsatisfied dependency expressed through constructor parameter 0: Error creating bean with name 'categoryRepository' defined in com.tomasdev.akhanta.product.categories.CategoryRepository defined in @EnableMongoRepositories declared on MongoRepositoriesRegistrar.EnableMongoRepositoriesConfiguration: Cannot resolve reference to bean 'mongoTemplate' while setting bean property 'mongoOperations'
	at org.springframework.beans.factory.support.ConstructorResolver.createArgumentArray(ConstructorResolver.java:795)
	at org.springframework.beans.factory.support.ConstructorResolver.autowireConstructor(ConstructorResolver.java:237)
	at org.springframework.beans.factory.support.AbstractAutowireCapableBeanFactory.autowireConstructor(AbstractAutowireCapableBeanFactory.java:1355)
	at org.springframework.beans.factory.support.AbstractAutowireCapableBeanFactory.createBeanInstance(AbstractAutowireCapableBeanFactory.java:1192)
	at org.springframework.beans.factory.support.AbstractAutowireCapableBeanFactory.doCreateBean(AbstractAutowireCapableBeanFactory.java:562)
	at org.springframework.beans.factory.support.AbstractAutowireCapableBeanFactory.createBean(AbstractAutowireCapableBeanFactory.java:522)
	at org.springframework.beans.factory.support.AbstractBeanFactory.lambda$doGetBean$0(AbstractBeanFactory.java:326)
	at org.springframework.beans.factory.support.DefaultSingletonBeanRegistry.getSingleton(DefaultSingletonBeanRegistry.java:234)
	at org.springframework.beans.factory.support.AbstractBeanFactory.doGetBean(AbstractBeanFactory.java:324)
	at org.springframework.beans.factory.support.AbstractBeanFactory.getBean(AbstractBeanFactory.java:200)
	at org.springframework.beans.factory.config.DependencyDescriptor.resolveCandidate(DependencyDescriptor.java:254)
	at org.springframework.beans.factory.support.DefaultListableBeanFactory.doResolveDependency(DefaultListableBeanFactory.java:1443)
	at org.springframework.beans.factory.support.DefaultListableBeanFactory.resolveDependency(DefaultListableBeanFactory.java:1353)
	at org.springframework.beans.factory.support.ConstructorResolver.resolveAutowiredArgument(ConstructorResolver.java:904)
	at org.springframework.beans.factory.support.ConstructorResolver.createArgumentArray(ConstructorResolver.java:782)
	... 97 common frames omitted
Caused by: org.springframework.beans.factory.BeanCreationException: Error creating bean with name 'categoryRepository' defined in com.tomasdev.akhanta.product.categories.CategoryRepository defined in @EnableMongoRepositories declared on MongoRepositoriesRegistrar.EnableMongoRepositoriesConfiguration: Cannot resolve reference to bean 'mongoTemplate' while setting bean property 'mongoOperations'
	at org.springframework.beans.factory.support.BeanDefinitionValueResolver.resolveReference(BeanDefinitionValueResolver.java:377)
	at org.springframework.beans.factory.support.BeanDefinitionValueResolver.resolveValueIfNecessary(BeanDefinitionValueResolver.java:135)
	at org.springframework.beans.factory.support.AbstractAutowireCapableBeanFactory.applyPropertyValues(AbstractAutowireCapableBeanFactory.java:1685)
	at org.springframework.beans.factory.support.AbstractAutowireCapableBeanFactory.populateBean(AbstractAutowireCapableBeanFactory.java:1434)
	at org.springframework.beans.factory.support.AbstractAutowireCapableBeanFactory.doCreateBean(AbstractAutowireCapableBeanFactory.java:599)
	at org.springframework.beans.factory.support.AbstractAutowireCapableBeanFactory.createBean(AbstractAutowireCapableBeanFactory.java:522)
	at org.springframework.beans.factory.support.AbstractBeanFactory.lambda$doGetBean$0(AbstractBeanFactory.java:326)
	at org.springframework.beans.factory.support.DefaultSingletonBeanRegistry.getSingleton(DefaultSingletonBeanRegistry.java:234)
	at org.springframework.beans.factory.support.AbstractBeanFactory.doGetBean(AbstractBeanFactory.java:324)
	at org.springframework.beans.factory.support.AbstractBeanFactory.getBean(AbstractBeanFactory.java:200)
	at org.springframework.beans.factory.config.DependencyDescriptor.resolveCandidate(DependencyDescriptor.java:254)
	at org.springframework.beans.factory.support.DefaultListableBeanFactory.doResolveDependency(DefaultListableBeanFactory.java:1443)
	at org.springframework.beans.factory.support.DefaultListableBeanFactory.resolveDependency(DefaultListableBeanFactory.java:1353)
	at org.springframework.beans.factory.support.ConstructorResolver.resolveAutowiredArgument(ConstructorResolver.java:904)
	at org.springframework.beans.factory.support.ConstructorResolver.createArgumentArray(ConstructorResolver.java:782)
	... 111 common frames omitted
Caused by: org.springframework.beans.factory.UnsatisfiedDependencyException: Error creating bean with name 'mongoTemplate' defined in class path resource [org/springframework/boot/autoconfigure/data/mongo/MongoDatabaseFactoryDependentConfiguration.class]: Unsatisfied dependency expressed through method 'mongoTemplate' parameter 0: Error creating bean with name 'mongoDatabaseFactory' defined in class path resource [org/springframework/boot/autoconfigure/data/mongo/MongoDatabaseFactoryConfiguration.class]: Unsatisfied dependency expressed through method 'mongoDatabaseFactory' parameter 0: Error creating bean with name 'mongo' defined in class path resource [org/springframework/boot/autoconfigure/mongo/MongoAutoConfiguration.class]: Failed to instantiate [com.mongodb.client.MongoClient]: Factory method 'mongo' threw exception with message: Error creating bean with name 'standardMongoSettingsCustomizer' defined in class path resource [org/springframework/boot/autoconfigure/mongo/MongoAutoConfiguration$MongoClientSettingsConfiguration.class]: Failed to instantiate [org.springframework.boot.autoconfigure.mongo.StandardMongoClientSettingsBuilderCustomizer]: Factory method 'standardMongoSettingsCustomizer' threw exception with message: The connection string is invalid. Connection strings must start with either 'mongodb://' or 'mongodb+srv://
	at org.springframework.beans.factory.support.ConstructorResolver.createArgumentArray(ConstructorResolver.java:795)
	at org.springframework.beans.factory.support.ConstructorResolver.instantiateUsingFactoryMethod(ConstructorResolver.java:542)
	at org.springframework.beans.factory.support.AbstractAutowireCapableBeanFactory.instantiateUsingFactoryMethod(AbstractAutowireCapableBeanFactory.java:1335)
	at org.springframework.beans.factory.support.AbstractAutowireCapableBeanFactory.createBeanInstance(AbstractAutowireCapableBeanFactory.java:1165)
	at org.springframework.beans.factory.support.AbstractAutowireCapableBeanFactory.doCreateBean(AbstractAutowireCapableBeanFactory.java:562)
	at org.springframework.beans.factory.support.AbstractAutowireCapableBeanFactory.createBean(AbstractAutowireCapableBeanFactory.java:522)
	at org.springframework.beans.factory.support.AbstractBeanFactory.lambda$doGetBean$0(AbstractBeanFactory.java:326)
	at org.springframework.beans.factory.support.DefaultSingletonBeanRegistry.getSingleton(DefaultSingletonBeanRegistry.java:234)
	at org.springframework.beans.factory.support.AbstractBeanFactory.doGetBean(AbstractBeanFactory.java:324)
	at org.springframework.beans.factory.support.AbstractBeanFactory.getBean(AbstractBeanFactory.java:200)
	at org.springframework.beans.factory.support.BeanDefinitionValueResolver.resolveReference(BeanDefinitionValueResolver.java:365)
	... 125 common frames omitted
Caused by: org.springframework.beans.factory.UnsatisfiedDependencyException: Error creating bean with name 'mongoDatabaseFactory' defined in class path resource [org/springframework/boot/autoconfigure/data/mongo/MongoDatabaseFactoryConfiguration.class]: Unsatisfied dependency expressed through method 'mongoDatabaseFactory' parameter 0: Error creating bean with name 'mongo' defined in class path resource [org/springframework/boot/autoconfigure/mongo/MongoAutoConfiguration.class]: Failed to instantiate [com.mongodb.client.MongoClient]: Factory method 'mongo' threw exception with message: Error creating bean with name 'standardMongoSettingsCustomizer' defined in class path resource [org/springframework/boot/autoconfigure/mongo/MongoAutoConfiguration$MongoClientSettingsConfiguration.class]: Failed to instantiate [org.springframework.boot.autoconfigure.mongo.StandardMongoClientSettingsBuilderCustomizer]: Factory method 'standardMongoSettingsCustomizer' threw exception with message: The connection string is invalid. Connection strings must start with either 'mongodb://' or 'mongodb+srv://
	at org.springframework.beans.factory.support.ConstructorResolver.createArgumentArray(ConstructorResolver.java:795)
	at org.springframework.beans.factory.support.ConstructorResolver.instantiateUsingFactoryMethod(ConstructorResolver.java:542)
	at org.springframework.beans.factory.support.AbstractAutowireCapableBeanFactory.instantiateUsingFactoryMethod(AbstractAutowireCapableBeanFactory.java:1335)
	at org.springframework.beans.factory.support.AbstractAutowireCapableBeanFactory.createBeanInstance(AbstractAutowireCapableBeanFactory.java:1165)
	at org.springframework.beans.factory.support.AbstractAutowireCapableBeanFactory.doCreateBean(AbstractAutowireCapableBeanFactory.java:562)
	at org.springframework.beans.factory.support.AbstractAutowireCapableBeanFactory.createBean(AbstractAutowireCapableBeanFactory.java:522)
	at org.springframework.beans.factory.support.AbstractBeanFactory.lambda$doGetBean$0(AbstractBeanFactory.java:326)
	at org.springframework.beans.factory.support.DefaultSingletonBeanRegistry.getSingleton(DefaultSingletonBeanRegistry.java:234)
	at org.springframework.beans.factory.support.AbstractBeanFactory.doGetBean(AbstractBeanFactory.java:324)
	at org.springframework.beans.factory.support.AbstractBeanFactory.getBean(AbstractBeanFactory.java:200)
	at org.springframework.beans.factory.config.DependencyDescriptor.resolveCandidate(DependencyDescriptor.java:254)
	at org.springframework.beans.factory.support.DefaultListableBeanFactory.doResolveDependency(DefaultListableBeanFactory.java:1443)
	at org.springframework.beans.factory.support.DefaultListableBeanFactory.resolveDependency(DefaultListableBeanFactory.java:1353)
	at org.springframework.beans.factory.support.ConstructorResolver.resolveAutowiredArgument(ConstructorResolver.java:904)
	at org.springframework.beans.factory.support.ConstructorResolver.createArgumentArray(ConstructorResolver.java:782)
	... 135 common frames omitted
Caused by: org.springframework.beans.factory.BeanCreationException: Error creating bean with name 'mongo' defined in class path resource [org/springframework/boot/autoconfigure/mongo/MongoAutoConfiguration.class]: Failed to instantiate [com.mongodb.client.MongoClient]: Factory method 'mongo' threw exception with message: Error creating bean with name 'standardMongoSettingsCustomizer' defined in class path resource [org/springframework/boot/autoconfigure/mongo/MongoAutoConfiguration$MongoClientSettingsConfiguration.class]: Failed to instantiate [org.springframework.boot.autoconfigure.mongo.StandardMongoClientSettingsBuilderCustomizer]: Factory method 'standardMongoSettingsCustomizer' threw exception with message: The connection string is invalid. Connection strings must start with either 'mongodb://' or 'mongodb+srv://
	at org.springframework.beans.factory.support.ConstructorResolver.instantiate(ConstructorResolver.java:648)
	at org.springframework.beans.factory.support.ConstructorResolver.instantiateUsingFactoryMethod(ConstructorResolver.java:636)
	at org.springframework.beans.factory.support.AbstractAutowireCapableBeanFactory.instantiateUsingFactoryMethod(AbstractAutowireCapableBeanFactory.java:1335)
	at org.springframework.beans.factory.support.AbstractAutowireCapableBeanFactory.createBeanInstance(AbstractAutowireCapableBeanFactory.java:1165)
	at org.springframework.beans.factory.support.AbstractAutowireCapableBeanFactory.doCreateBean(AbstractAutowireCapableBeanFactory.java:562)
	at org.springframework.beans.factory.support.AbstractAutowireCapableBeanFactory.createBean(AbstractAutowireCapableBeanFactory.java:522)
	at org.springframework.beans.factory.support.AbstractBeanFactory.lambda$doGetBean$0(AbstractBeanFactory.java:326)
	at org.springframework.beans.factory.support.DefaultSingletonBeanRegistry.getSingleton(DefaultSingletonBeanRegistry.java:234)
	at org.springframework.beans.factory.support.AbstractBeanFactory.doGetBean(AbstractBeanFactory.java:324)
	at org.springframework.beans.factory.support.AbstractBeanFactory.getBean(AbstractBeanFactory.java:200)
	at org.springframework.beans.factory.config.DependencyDescriptor.resolveCandidate(DependencyDescriptor.java:254)
	at org.springframework.beans.factory.support.DefaultListableBeanFactory.doResolveDependency(DefaultListableBeanFactory.java:1443)
	at org.springframework.beans.factory.support.DefaultListableBeanFactory.resolveDependency(DefaultListableBeanFactory.java:1353)
	at org.springframework.beans.factory.support.ConstructorResolver.resolveAutowiredArgument(ConstructorResolver.java:904)
	at org.springframework.beans.factory.support.ConstructorResolver.createArgumentArray(ConstructorResolver.java:782)
	... 149 common frames omitted
Caused by: org.springframework.beans.BeanInstantiationException: Failed to instantiate [com.mongodb.client.MongoClient]: Factory method 'mongo' threw exception with message: Error creating bean with name 'standardMongoSettingsCustomizer' defined in class path resource [org/springframework/boot/autoconfigure/mongo/MongoAutoConfiguration$MongoClientSettingsConfiguration.class]: Failed to instantiate [org.springframework.boot.autoconfigure.mongo.StandardMongoClientSettingsBuilderCustomizer]: Factory method 'standardMongoSettingsCustomizer' threw exception with message: The connection string is invalid. Connection strings must start with either 'mongodb://' or 'mongodb+srv://
	at org.springframework.beans.factory.support.SimpleInstantiationStrategy.instantiate(SimpleInstantiationStrategy.java:177)
	at org.springframework.beans.factory.support.ConstructorResolver.instantiate(ConstructorResolver.java:644)
	... 163 common frames omitted
Caused by: org.springframework.beans.factory.BeanCreationException: Error creating bean with name 'standardMongoSettingsCustomizer' defined in class path resource [org/springframework/boot/autoconfigure/mongo/MongoAutoConfiguration$MongoClientSettingsConfiguration.class]: Failed to instantiate [org.springframework.boot.autoconfigure.mongo.StandardMongoClientSettingsBuilderCustomizer]: Factory method 'standardMongoSettingsCustomizer' threw exception with message: The connection string is invalid. Connection strings must start with either 'mongodb://' or 'mongodb+srv://
	at org.springframework.beans.factory.support.ConstructorResolver.instantiate(ConstructorResolver.java:648)
	at org.springframework.beans.factory.support.ConstructorResolver.instantiateUsingFactoryMethod(ConstructorResolver.java:636)
	at org.springframework.beans.factory.support.AbstractAutowireCapableBeanFactory.instantiateUsingFactoryMethod(AbstractAutowireCapableBeanFactory.java:1335)
	at org.springframework.beans.factory.support.AbstractAutowireCapableBeanFactory.createBeanInstance(AbstractAutowireCapableBeanFactory.java:1165)
	at org.springframework.beans.factory.support.AbstractAutowireCapableBeanFactory.doCreateBean(AbstractAutowireCapableBeanFactory.java:562)
	at org.springframework.beans.factory.support.AbstractAutowireCapableBeanFactory.createBean(AbstractAutowireCapableBeanFactory.java:522)
	at org.springframework.beans.factory.support.AbstractBeanFactory.lambda$doGetBean$0(AbstractBeanFactory.java:326)
	at org.springframework.beans.factory.support.DefaultSingletonBeanRegistry.getSingleton(DefaultSingletonBeanRegistry.java:234)
	at org.springframework.beans.factory.support.AbstractBeanFactory.doGetBean(AbstractBeanFactory.java:324)
	at org.springframework.beans.factory.support.AbstractBeanFactory.getBean(AbstractBeanFactory.java:200)
	at org.springframework.beans.factory.config.DependencyDescriptor.resolveCandidate(DependencyDescriptor.java:254)
	at org.springframework.beans.factory.support.DefaultListableBeanFactory.addCandidateEntry(DefaultListableBeanFactory.java:1696)
	at org.springframework.beans.factory.support.DefaultListableBeanFactory.findAutowireCandidates(DefaultListableBeanFactory.java:1653)
	at org.springframework.beans.factory.support.DefaultListableBeanFactory.resolveMultipleBeans(DefaultListableBeanFactory.java:1470)
	at org.springframework.beans.factory.support.DefaultListableBeanFactory.doResolveDependency(DefaultListableBeanFactory.java:1392)
	at org.springframework.beans.factory.support.DefaultListableBeanFactory$DependencyObjectProvider.resolveStream(DefaultListableBeanFactory.java:2198)
	at org.springframework.beans.factory.support.DefaultListableBeanFactory$DependencyObjectProvider.orderedStream(DefaultListableBeanFactory.java:2192)
	at org.springframework.boot.autoconfigure.mongo.MongoAutoConfiguration.mongo(MongoAutoConfiguration.java:59)
	at java.base/jdk.internal.reflect.DirectMethodHandleAccessor.invoke(DirectMethodHandleAccessor.java:103)
	at java.base/java.lang.reflect.Method.invoke(Method.java:580)
	at org.springframework.beans.factory.support.SimpleInstantiationStrategy.instantiate(SimpleInstantiationStrategy.java:140)
	... 164 common frames omitted
Caused by: org.springframework.beans.BeanInstantiationException: Failed to instantiate [org.springframework.boot.autoconfigure.mongo.StandardMongoClientSettingsBuilderCustomizer]: Factory method 'standardMongoSettingsCustomizer' threw exception with message: The connection string is invalid. Connection strings must start with either 'mongodb://' or 'mongodb+srv://
	at org.springframework.beans.factory.support.SimpleInstantiationStrategy.instantiate(SimpleInstantiationStrategy.java:177)
	at org.springframework.beans.factory.support.ConstructorResolver.instantiate(ConstructorResolver.java:644)
	... 184 common frames omitted
Caused by: java.lang.IllegalArgumentException: The connection string is invalid. Connection strings must start with either 'mongodb://' or 'mongodb+srv://
	at com.mongodb.ConnectionString.<init>(ConnectionString.java:340)
	at com.mongodb.ConnectionString.<init>(ConnectionString.java:321)
	at org.springframework.boot.autoconfigure.mongo.PropertiesMongoConnectionDetails.getConnectionString(PropertiesMongoConnectionDetails.java:47)
	at org.springframework.boot.autoconfigure.mongo.MongoAutoConfiguration$MongoClientSettingsConfiguration.standardMongoSettingsCustomizer(MongoAutoConfiguration.java:74)
	at java.base/jdk.internal.reflect.DirectMethodHandleAccessor.invoke(DirectMethodHandleAccessor.java:103)
	at java.base/java.lang.reflect.Method.invoke(Method.java:580)
	at org.springframework.beans.factory.support.SimpleInstantiationStrategy.instantiate(SimpleInstantiationStrategy.java:140)
	... 185 common frames omitted
]]></system-out>
    <system-err><![CDATA[


============================
CONDITIONS EVALUATION REPORT
============================


Positive matches:
-----------------

    None


Negative matches:
-----------------

    None


Exclusions:
-----------

    None


Unconditional classes:
----------------------

    None



]]></system-err>
  </testcase>
</testsuite>